-- Found ament_cmake: 1.3.9 (/opt/ros/humble/share/ament_cmake/cmake)
-- Found rclcpp: 16.0.9 (/opt/ros/humble/share/rclcpp/cmake)
-- Found rosidl_generator_c: 3.1.5 (/opt/ros/humble/share/rosidl_generator_c/cmake)
-- Found rosidl_adapter: 3.1.5 (/opt/ros/humble/share/rosidl_adapter/cmake)
-- Found rosidl_generator_cpp: 3.1.5 (/opt/ros/humble/share/rosidl_generator_cpp/cmake)
-- Using all available rosidl_typesupport_c: rosidl_typesupport_fastrtps_c;rosidl_typesupport_introspection_c
-- Using all available rosidl_typesupport_cpp: rosidl_typesupport_fastrtps_cpp;rosidl_typesupport_introspection_cpp
-- Found rmw_implementation_cmake: 6.1.2 (/opt/ros/humble/share/rmw_implementation_cmake/cmake)
-- Found rmw_fastrtps_cpp: 6.2.6 (/opt/ros/humble/share/rmw_fastrtps_cpp/cmake)
-- Using RMW implementation 'rmw_fastrtps_cpp' as default
-- Found sensor_msgs: 4.2.4 (/opt/ros/humble/share/sensor_msgs/cmake)
-- Configuring done
-- Generating done
-- Build files have been written to: /home/pohrselvan/ros2_ws/build/laser_republisher_pkg
[ 50%] [32mBuilding CXX object CMakeFiles/laser_republisher.dir/src/laser_republisher_node.cpp.o[0m
[100%] [32m[1mLinking CXX executable laser_republisher[0m
[100%] Built target laser_republisher
-- Install configuration: ""
-- Installing: /home/pohrselvan/ros2_ws/install/laser_republisher_pkg/lib/laser_republisher_pkg/laser_republisher
-- Set runtime path of "/home/pohrselvan/ros2_ws/install/laser_republisher_pkg/lib/laser_republisher_pkg/laser_republisher" to ""
-- Installing: /home/pohrselvan/ros2_ws/install/laser_republisher_pkg/share/ament_index/resource_index/package_run_dependencies/laser_republisher_pkg
-- Installing: /home/pohrselvan/ros2_ws/install/laser_republisher_pkg/share/ament_index/resource_index/parent_prefix_path/laser_republisher_pkg
-- Installing: /home/pohrselvan/ros2_ws/install/laser_republisher_pkg/share/laser_republisher_pkg/environment/ament_prefix_path.sh
-- Installing: /home/pohrselvan/ros2_ws/install/laser_republisher_pkg/share/laser_republisher_pkg/environment/ament_prefix_path.dsv
-- Installing: /home/pohrselvan/ros2_ws/install/laser_republisher_pkg/share/laser_republisher_pkg/environment/path.sh
-- Installing: /home/pohrselvan/ros2_ws/install/laser_republisher_pkg/share/laser_republisher_pkg/environment/path.dsv
-- Installing: /home/pohrselvan/ros2_ws/install/laser_republisher_pkg/share/laser_republisher_pkg/local_setup.bash
-- Installing: /home/pohrselvan/ros2_ws/install/laser_republisher_pkg/share/laser_republisher_pkg/local_setup.sh
-- Installing: /home/pohrselvan/ros2_ws/install/laser_republisher_pkg/share/laser_republisher_pkg/local_setup.zsh
-- Installing: /home/pohrselvan/ros2_ws/install/laser_republisher_pkg/share/laser_republisher_pkg/local_setup.dsv
-- Installing: /home/pohrselvan/ros2_ws/install/laser_republisher_pkg/share/laser_republisher_pkg/package.dsv
-- Installing: /home/pohrselvan/ros2_ws/install/laser_republisher_pkg/share/ament_index/resource_index/packages/laser_republisher_pkg
-- Installing: /home/pohrselvan/ros2_ws/install/laser_republisher_pkg/share/laser_republisher_pkg/cmake/laser_republisher_pkgConfig.cmake
-- Installing: /home/pohrselvan/ros2_ws/install/laser_republisher_pkg/share/laser_republisher_pkg/cmake/laser_republisher_pkgConfig-version.cmake
-- Installing: /home/pohrselvan/ros2_ws/install/laser_republisher_pkg/share/laser_republisher_pkg/package.xml
