[0.010s] Invoking command in '/home/pohrselvan/ros2_ws/build/laser_republisher_pkg': CMAKE_PREFIX_PATH=${CMAKE_PREFIX_PATH}:/home/pohrselvan/orange_ros2/install/orange_teleop:/home/pohrselvan/orange_ros2/install/orange_bringup:/opt/ros/humble /usr/bin/cmake /home/pohrselvan/ros2_ws/src/laser_republisher_pkg -DCMAKE_INSTALL_PREFIX=/home/pohrselvan/ros2_ws/install/laser_republisher_pkg
[0.022s] -- Found ament_cmake: 1.3.9 (/opt/ros/humble/share/ament_cmake/cmake)
[0.145s] -- Found rclcpp: 16.0.9 (/opt/ros/humble/share/rclcpp/cmake)
[0.172s] -- Found rosidl_generator_c: 3.1.5 (/opt/ros/humble/share/rosidl_generator_c/cmake)
[0.174s] -- Found rosidl_adapter: 3.1.5 (/opt/ros/humble/share/rosidl_adapter/cmake)
[0.180s] -- Found rosidl_generator_cpp: 3.1.5 (/opt/ros/humble/share/rosidl_generator_cpp/cmake)
[0.190s] -- Using all available rosidl_typesupport_c: rosidl_typesupport_fastrtps_c;rosidl_typesupport_introspection_c
[0.205s] -- Using all available rosidl_typesupport_cpp: rosidl_typesupport_fastrtps_cpp;rosidl_typesupport_introspection_cpp
[0.259s] -- Found rmw_implementation_cmake: 6.1.2 (/opt/ros/humble/share/rmw_implementation_cmake/cmake)
[0.261s] -- Found rmw_fastrtps_cpp: 6.2.6 (/opt/ros/humble/share/rmw_fastrtps_cpp/cmake)
[0.374s] -- Using RMW implementation 'rmw_fastrtps_cpp' as default
[0.515s] -- Found sensor_msgs: 4.2.4 (/opt/ros/humble/share/sensor_msgs/cmake)
[0.690s] -- Configuring done
[0.699s] -- Generating done
[0.700s] -- Build files have been written to: /home/pohrselvan/ros2_ws/build/laser_republisher_pkg
[0.706s] Invoked command in '/home/pohrselvan/ros2_ws/build/laser_republisher_pkg' returned '0': CMAKE_PREFIX_PATH=${CMAKE_PREFIX_PATH}:/home/pohrselvan/orange_ros2/install/orange_teleop:/home/pohrselvan/orange_ros2/install/orange_bringup:/opt/ros/humble /usr/bin/cmake /home/pohrselvan/ros2_ws/src/laser_republisher_pkg -DCMAKE_INSTALL_PREFIX=/home/pohrselvan/ros2_ws/install/laser_republisher_pkg
[0.708s] Invoking command in '/home/pohrselvan/ros2_ws/build/laser_republisher_pkg': CMAKE_PREFIX_PATH=${CMAKE_PREFIX_PATH}:/home/pohrselvan/orange_ros2/install/orange_teleop:/home/pohrselvan/orange_ros2/install/orange_bringup:/opt/ros/humble /usr/bin/cmake --build /home/pohrselvan/ros2_ws/build/laser_republisher_pkg -- -j4 -l4
[0.753s] [ 50%] [32mBuilding CXX object CMakeFiles/laser_republisher.dir/src/laser_republisher_node.cpp.o[0m
[8.771s] [100%] [32m[1mLinking CXX executable laser_republisher[0m
[9.204s] [100%] Built target laser_republisher
[9.215s] Invoked command in '/home/pohrselvan/ros2_ws/build/laser_republisher_pkg' returned '0': CMAKE_PREFIX_PATH=${CMAKE_PREFIX_PATH}:/home/pohrselvan/orange_ros2/install/orange_teleop:/home/pohrselvan/orange_ros2/install/orange_bringup:/opt/ros/humble /usr/bin/cmake --build /home/pohrselvan/ros2_ws/build/laser_republisher_pkg -- -j4 -l4
[9.245s] Invoking command in '/home/pohrselvan/ros2_ws/build/laser_republisher_pkg': CMAKE_PREFIX_PATH=${CMAKE_PREFIX_PATH}:/home/pohrselvan/orange_ros2/install/orange_teleop:/home/pohrselvan/orange_ros2/install/orange_bringup:/opt/ros/humble /usr/bin/cmake --install /home/pohrselvan/ros2_ws/build/laser_republisher_pkg
[9.253s] -- Install configuration: ""
[9.253s] -- Installing: /home/pohrselvan/ros2_ws/install/laser_republisher_pkg/lib/laser_republisher_pkg/laser_republisher
[9.256s] -- Set runtime path of "/home/pohrselvan/ros2_ws/install/laser_republisher_pkg/lib/laser_republisher_pkg/laser_republisher" to ""
[9.256s] -- Installing: /home/pohrselvan/ros2_ws/install/laser_republisher_pkg/share/ament_index/resource_index/package_run_dependencies/laser_republisher_pkg
[9.256s] -- Installing: /home/pohrselvan/ros2_ws/install/laser_republisher_pkg/share/ament_index/resource_index/parent_prefix_path/laser_republisher_pkg
[9.257s] -- Installing: /home/pohrselvan/ros2_ws/install/laser_republisher_pkg/share/laser_republisher_pkg/environment/ament_prefix_path.sh
[9.257s] -- Installing: /home/pohrselvan/ros2_ws/install/laser_republisher_pkg/share/laser_republisher_pkg/environment/ament_prefix_path.dsv
[9.257s] -- Installing: /home/pohrselvan/ros2_ws/install/laser_republisher_pkg/share/laser_republisher_pkg/environment/path.sh
[9.257s] -- Installing: /home/pohrselvan/ros2_ws/install/laser_republisher_pkg/share/laser_republisher_pkg/environment/path.dsv
[9.257s] -- Installing: /home/pohrselvan/ros2_ws/install/laser_republisher_pkg/share/laser_republisher_pkg/local_setup.bash
[9.257s] -- Installing: /home/pohrselvan/ros2_ws/install/laser_republisher_pkg/share/laser_republisher_pkg/local_setup.sh
[9.257s] -- Installing: /home/pohrselvan/ros2_ws/install/laser_republisher_pkg/share/laser_republisher_pkg/local_setup.zsh
[9.258s] -- Installing: /home/pohrselvan/ros2_ws/install/laser_republisher_pkg/share/laser_republisher_pkg/local_setup.dsv
[9.258s] -- Installing: /home/pohrselvan/ros2_ws/install/laser_republisher_pkg/share/laser_republisher_pkg/package.dsv
[9.258s] -- Installing: /home/pohrselvan/ros2_ws/install/laser_republisher_pkg/share/ament_index/resource_index/packages/laser_republisher_pkg
[9.258s] -- Installing: /home/pohrselvan/ros2_ws/install/laser_republisher_pkg/share/laser_republisher_pkg/cmake/laser_republisher_pkgConfig.cmake
[9.259s] -- Installing: /home/pohrselvan/ros2_ws/install/laser_republisher_pkg/share/laser_republisher_pkg/cmake/laser_republisher_pkgConfig-version.cmake
[9.259s] -- Installing: /home/pohrselvan/ros2_ws/install/laser_republisher_pkg/share/laser_republisher_pkg/package.xml
[9.261s] Invoked command in '/home/pohrselvan/ros2_ws/build/laser_republisher_pkg' returned '0': CMAKE_PREFIX_PATH=${CMAKE_PREFIX_PATH}:/home/pohrselvan/orange_ros2/install/orange_teleop:/home/pohrselvan/orange_ros2/install/orange_bringup:/opt/ros/humble /usr/bin/cmake --install /home/pohrselvan/ros2_ws/build/laser_republisher_pkg
