[0.019s] Invoking command in '/home/pohrselvan/ros2_ws/build/july_9': CMAKE_PREFIX_PATH=${CMAKE_PREFIX_PATH}:/home/pohrselvan/orange_ros2/install/orange_teleop:/home/pohrselvan/orange_ros2/install/orange_bringup:/opt/ros/humble /usr/bin/cmake /home/pohrselvan/ros2_ws/src/july_9 -DCMAKE_INSTALL_PREFIX=/home/pohrselvan/ros2_ws/install/july_9
[0.157s] -- The C compiler identification is GNU 11.4.0
[0.290s] -- The CXX compiler identification is GNU 11.4.0
[0.306s] -- Detecting C compiler ABI info
[0.446s] -- Detecting C compiler ABI info - done
[0.453s] -- Check for working C compiler: /usr/bin/cc - skipped
[0.457s] -- Detecting C compile features
[0.458s] -- Detecting C compile features - done
[0.463s] -- Detecting CXX compiler ABI info
[0.613s] -- Detecting CXX compiler ABI info - done
[0.626s] -- Check for working CXX compiler: /usr/bin/c++ - skipped
[0.626s] -- Detecting CXX compile features
[0.626s] -- Detecting CXX compile features - done
[0.639s] -- Found ament_cmake: 1.3.9 (/opt/ros/humble/share/ament_cmake/cmake)
[0.866s] -- Found Python3: /usr/bin/python3 (found version "3.10.12") found components: Interpreter 
[1.036s] -- Found ament_lint_auto: 0.12.11 (/opt/ros/humble/share/ament_lint_auto/cmake)
[1.197s] -- Added test 'cppcheck' to perform static code analysis on C / C++ code
[1.197s] -- Configured cppcheck include dirs: 
[1.197s] -- Configured cppcheck exclude dirs and/or files: 
[1.202s] -- Added test 'flake8' to check Python code syntax and style conventions
[1.211s] -- Added test 'lint_cmake' to check CMake code style
[1.216s] -- Added test 'pep257' to check Python code against some of the docstring style conventions in PEP 257
[1.253s] -- Added test 'uncrustify' to check C / C++ code style
[1.253s] -- Configured uncrustify additional arguments: 
[1.259s] -- Added test 'xmllint' to check XML markup files
[1.262s] -- Configuring done
[1.265s] -- Generating done
[1.266s] -- Build files have been written to: /home/pohrselvan/ros2_ws/build/july_9
[1.277s] Invoked command in '/home/pohrselvan/ros2_ws/build/july_9' returned '0': CMAKE_PREFIX_PATH=${CMAKE_PREFIX_PATH}:/home/pohrselvan/orange_ros2/install/orange_teleop:/home/pohrselvan/orange_ros2/install/orange_bringup:/opt/ros/humble /usr/bin/cmake /home/pohrselvan/ros2_ws/src/july_9 -DCMAKE_INSTALL_PREFIX=/home/pohrselvan/ros2_ws/install/july_9
[1.278s] Invoking command in '/home/pohrselvan/ros2_ws/build/july_9': CMAKE_PREFIX_PATH=${CMAKE_PREFIX_PATH}:/home/pohrselvan/orange_ros2/install/orange_teleop:/home/pohrselvan/orange_ros2/install/orange_bringup:/opt/ros/humble /usr/bin/cmake --build /home/pohrselvan/ros2_ws/build/july_9 -- -j4 -l4
[1.326s] Invoked command in '/home/pohrselvan/ros2_ws/build/july_9' returned '0': CMAKE_PREFIX_PATH=${CMAKE_PREFIX_PATH}:/home/pohrselvan/orange_ros2/install/orange_teleop:/home/pohrselvan/orange_ros2/install/orange_bringup:/opt/ros/humble /usr/bin/cmake --build /home/pohrselvan/ros2_ws/build/july_9 -- -j4 -l4
[1.370s] Invoking command in '/home/pohrselvan/ros2_ws/build/july_9': CMAKE_PREFIX_PATH=${CMAKE_PREFIX_PATH}:/home/pohrselvan/orange_ros2/install/orange_teleop:/home/pohrselvan/orange_ros2/install/orange_bringup:/opt/ros/humble /usr/bin/cmake --install /home/pohrselvan/ros2_ws/build/july_9
[1.379s] -- Install configuration: ""
[1.379s] -- Installing: /home/pohrselvan/ros2_ws/install/july_9/share/july_9/robot_description
[1.379s] -- Installing: /home/pohrselvan/ros2_ws/install/july_9/share/july_9/robot_description/chassis.xacro
[1.379s] -- Installing: /home/pohrselvan/ros2_ws/install/july_9/share/july_9/robot_description/lidar.xacro
[1.380s] -- Installing: /home/pohrselvan/ros2_ws/install/july_9/share/july_9/robot_description/inertial.xacro
[1.380s] -- Installing: /home/pohrselvan/ros2_ws/install/july_9/share/july_9/robot_description/gazebo_control.xacro
[1.380s] -- Installing: /home/pohrselvan/ros2_ws/install/july_9/share/july_9/robot_description/robot.urdf.xacro
[1.380s] -- Installing: /home/pohrselvan/ros2_ws/install/july_9/share/july_9/robot_description/imu.xacro
[1.380s] -- Installing: /home/pohrselvan/ros2_ws/install/july_9/share/july_9/robot_description/ros2_control_wheel.xacro
[1.380s] -- Installing: /home/pohrselvan/ros2_ws/install/july_9/share/july_9/robot_description/robot_core.xacro
[1.380s] -- Installing: /home/pohrselvan/ros2_ws/install/july_9/share/july_9/launch
[1.380s] -- Installing: /home/pohrselvan/ros2_ws/install/july_9/share/july_9/launch/rsp.launch.py
[1.380s] -- Installing: /home/pohrselvan/ros2_ws/install/july_9/share/july_9/launch/launch_sim.launch.py
[1.381s] -- Installing: /home/pohrselvan/ros2_ws/install/july_9/share/july_9/launch/orange_igvc.launch.py
[1.381s] -- Installing: /home/pohrselvan/ros2_ws/install/july_9/share/july_9/launch/world_launch.launch.py
[1.381s] -- Installing: /home/pohrselvan/ros2_ws/install/july_9/share/july_9/config
[1.381s] -- Installing: /home/pohrselvan/ros2_ws/install/july_9/share/july_9/config/wheel_controller.yaml
[1.381s] -- Installing: /home/pohrselvan/ros2_ws/install/july_9/share/july_9/worlds
[1.381s] -- Installing: /home/pohrselvan/ros2_ws/install/july_9/share/july_9/worlds/orange_world.world
[1.382s] -- Installing: /home/pohrselvan/ros2_ws/install/july_9/share/ament_index/resource_index/package_run_dependencies/july_9
[1.382s] -- Installing: /home/pohrselvan/ros2_ws/install/july_9/share/ament_index/resource_index/parent_prefix_path/july_9
[1.382s] -- Installing: /home/pohrselvan/ros2_ws/install/july_9/share/july_9/environment/ament_prefix_path.sh
[1.382s] -- Installing: /home/pohrselvan/ros2_ws/install/july_9/share/july_9/environment/ament_prefix_path.dsv
[1.382s] -- Installing: /home/pohrselvan/ros2_ws/install/july_9/share/july_9/environment/path.sh
[1.382s] -- Installing: /home/pohrselvan/ros2_ws/install/july_9/share/july_9/environment/path.dsv
[1.382s] -- Installing: /home/pohrselvan/ros2_ws/install/july_9/share/july_9/local_setup.bash
[1.383s] -- Installing: /home/pohrselvan/ros2_ws/install/july_9/share/july_9/local_setup.sh
[1.383s] -- Installing: /home/pohrselvan/ros2_ws/install/july_9/share/july_9/local_setup.zsh
[1.383s] -- Installing: /home/pohrselvan/ros2_ws/install/july_9/share/july_9/local_setup.dsv
[1.383s] -- Installing: /home/pohrselvan/ros2_ws/install/july_9/share/july_9/package.dsv
[1.383s] -- Installing: /home/pohrselvan/ros2_ws/install/july_9/share/ament_index/resource_index/packages/july_9
[1.383s] -- Installing: /home/pohrselvan/ros2_ws/install/july_9/share/july_9/cmake/july_9Config.cmake
[1.384s] -- Installing: /home/pohrselvan/ros2_ws/install/july_9/share/july_9/cmake/july_9Config-version.cmake
[1.384s] -- Installing: /home/pohrselvan/ros2_ws/install/july_9/share/july_9/package.xml
[1.387s] Invoked command in '/home/pohrselvan/ros2_ws/build/july_9' returned '0': CMAKE_PREFIX_PATH=${CMAKE_PREFIX_PATH}:/home/pohrselvan/orange_ros2/install/orange_teleop:/home/pohrselvan/orange_ros2/install/orange_bringup:/opt/ros/humble /usr/bin/cmake --install /home/pohrselvan/ros2_ws/build/july_9
