[0.009s] Invoking command in '/home/pohrselvan/ros2_ws/src/build/july_9': CMAKE_PREFIX_PATH=${CMAKE_PREFIX_PATH}:/home/pohrselvan/orange_ros2/install/orange_teleop:/home/pohrselvan/orange_ros2/install/orange_bringup:/opt/ros/humble /usr/bin/cmake /home/pohrselvan/ros2_ws/src/july_9 -DCMAKE_INSTALL_PREFIX=/home/pohrselvan/ros2_ws/src/install/july_9
[0.115s] -- The C compiler identification is GNU 11.4.0
[0.182s] -- The CXX compiler identification is GNU 11.4.0
[0.190s] -- Detecting C compiler ABI info
[0.249s] -- Detecting C compiler ABI info - done
[0.255s] -- Check for working C compiler: /usr/bin/cc - skipped
[0.255s] -- Detecting C compile features
[0.255s] -- Detecting C compile features - done
[0.259s] -- Detecting CXX compiler ABI info
[0.344s] -- Detecting CXX compiler ABI info - done
[0.350s] -- Check for working CXX compiler: /usr/bin/c++ - skipped
[0.351s] -- Detecting CXX compile features
[0.351s] -- Detecting CXX compile features - done
[0.354s] -- Found ament_cmake: 1.3.9 (/opt/ros/humble/share/ament_cmake/cmake)
[0.496s] -- Found Python3: /usr/bin/python3 (found version "3.10.12") found components: Interpreter 
[0.598s] -- Found ament_lint_auto: 0.12.11 (/opt/ros/humble/share/ament_lint_auto/cmake)
[0.700s] -- Added test 'cppcheck' to perform static code analysis on C / C++ code
[0.700s] -- Configured cppcheck include dirs: 
[0.700s] -- Configured cppcheck exclude dirs and/or files: 
[0.704s] -- Added test 'flake8' to check Python code syntax and style conventions
[0.711s] -- Added test 'lint_cmake' to check CMake code style
[0.715s] -- Added test 'pep257' to check Python code against some of the docstring style conventions in PEP 257
[0.740s] -- Added test 'uncrustify' to check C / C++ code style
[0.741s] -- Configured uncrustify additional arguments: 
[0.745s] -- Added test 'xmllint' to check XML markup files
[0.746s] -- Configuring done
[0.748s] -- Generating done
[0.749s] -- Build files have been written to: /home/pohrselvan/ros2_ws/src/build/july_9
[0.752s] Invoked command in '/home/pohrselvan/ros2_ws/src/build/july_9' returned '0': CMAKE_PREFIX_PATH=${CMAKE_PREFIX_PATH}:/home/pohrselvan/orange_ros2/install/orange_teleop:/home/pohrselvan/orange_ros2/install/orange_bringup:/opt/ros/humble /usr/bin/cmake /home/pohrselvan/ros2_ws/src/july_9 -DCMAKE_INSTALL_PREFIX=/home/pohrselvan/ros2_ws/src/install/july_9
[0.753s] Invoking command in '/home/pohrselvan/ros2_ws/src/build/july_9': CMAKE_PREFIX_PATH=${CMAKE_PREFIX_PATH}:/home/pohrselvan/orange_ros2/install/orange_teleop:/home/pohrselvan/orange_ros2/install/orange_bringup:/opt/ros/humble /usr/bin/cmake --build /home/pohrselvan/ros2_ws/src/build/july_9 -- -j4 -l4
[0.784s] Invoked command in '/home/pohrselvan/ros2_ws/src/build/july_9' returned '0': CMAKE_PREFIX_PATH=${CMAKE_PREFIX_PATH}:/home/pohrselvan/orange_ros2/install/orange_teleop:/home/pohrselvan/orange_ros2/install/orange_bringup:/opt/ros/humble /usr/bin/cmake --build /home/pohrselvan/ros2_ws/src/build/july_9 -- -j4 -l4
[0.808s] Invoking command in '/home/pohrselvan/ros2_ws/src/build/july_9': CMAKE_PREFIX_PATH=${CMAKE_PREFIX_PATH}:/home/pohrselvan/orange_ros2/install/orange_teleop:/home/pohrselvan/orange_ros2/install/orange_bringup:/opt/ros/humble /usr/bin/cmake --install /home/pohrselvan/ros2_ws/src/build/july_9
[0.814s] -- Install configuration: ""
[0.814s] -- Installing: /home/pohrselvan/ros2_ws/src/install/july_9/share/july_9/robot_description
[0.814s] -- Installing: /home/pohrselvan/ros2_ws/src/install/july_9/share/july_9/robot_description/chassis.xacro
[0.814s] -- Installing: /home/pohrselvan/ros2_ws/src/install/july_9/share/july_9/robot_description/lidar.xacro
[0.815s] -- Installing: /home/pohrselvan/ros2_ws/src/install/july_9/share/july_9/robot_description/inertial.xacro
[0.815s] -- Installing: /home/pohrselvan/ros2_ws/src/install/july_9/share/july_9/robot_description/gazebo_control.xacro
[0.815s] -- Installing: /home/pohrselvan/ros2_ws/src/install/july_9/share/july_9/robot_description/robot.urdf.xacro
[0.815s] -- Installing: /home/pohrselvan/ros2_ws/src/install/july_9/share/july_9/robot_description/imu.xacro
[0.816s] -- Installing: /home/pohrselvan/ros2_ws/src/install/july_9/share/july_9/robot_description/ros2_control_wheel.xacro
[0.816s] -- Installing: /home/pohrselvan/ros2_ws/src/install/july_9/share/july_9/robot_description/robot_core.xacro
[0.816s] -- Installing: /home/pohrselvan/ros2_ws/src/install/july_9/share/july_9/launch
[0.816s] -- Installing: /home/pohrselvan/ros2_ws/src/install/july_9/share/july_9/launch/rsp.launch.py
[0.816s] -- Installing: /home/pohrselvan/ros2_ws/src/install/july_9/share/july_9/launch/launch_sim.launch.py
[0.817s] -- Installing: /home/pohrselvan/ros2_ws/src/install/july_9/share/july_9/launch/orange_igvc.launch.py
[0.817s] -- Installing: /home/pohrselvan/ros2_ws/src/install/july_9/share/july_9/launch/world_launch.launch.py
[0.817s] -- Installing: /home/pohrselvan/ros2_ws/src/install/july_9/share/july_9/config
[0.817s] -- Installing: /home/pohrselvan/ros2_ws/src/install/july_9/share/july_9/config/wheel_controller.yaml
[0.817s] -- Installing: /home/pohrselvan/ros2_ws/src/install/july_9/share/july_9/worlds
[0.817s] -- Installing: /home/pohrselvan/ros2_ws/src/install/july_9/share/july_9/worlds/orange_world.world
[0.818s] -- Installing: /home/pohrselvan/ros2_ws/src/install/july_9/share/ament_index/resource_index/package_run_dependencies/july_9
[0.818s] -- Installing: /home/pohrselvan/ros2_ws/src/install/july_9/share/ament_index/resource_index/parent_prefix_path/july_9
[0.818s] -- Installing: /home/pohrselvan/ros2_ws/src/install/july_9/share/july_9/environment/ament_prefix_path.sh
[0.818s] -- Installing: /home/pohrselvan/ros2_ws/src/install/july_9/share/july_9/environment/ament_prefix_path.dsv
[0.818s] -- Installing: /home/pohrselvan/ros2_ws/src/install/july_9/share/july_9/environment/path.sh
[0.819s] -- Installing: /home/pohrselvan/ros2_ws/src/install/july_9/share/july_9/environment/path.dsv
[0.819s] -- Installing: /home/pohrselvan/ros2_ws/src/install/july_9/share/july_9/local_setup.bash
[0.819s] -- Installing: /home/pohrselvan/ros2_ws/src/install/july_9/share/july_9/local_setup.sh
[0.819s] -- Installing: /home/pohrselvan/ros2_ws/src/install/july_9/share/july_9/local_setup.zsh
[0.819s] -- Installing: /home/pohrselvan/ros2_ws/src/install/july_9/share/july_9/local_setup.dsv
[0.819s] -- Installing: /home/pohrselvan/ros2_ws/src/install/july_9/share/july_9/package.dsv
[0.819s] -- Installing: /home/pohrselvan/ros2_ws/src/install/july_9/share/ament_index/resource_index/packages/july_9
[0.819s] -- Installing: /home/pohrselvan/ros2_ws/src/install/july_9/share/july_9/cmake/july_9Config.cmake
[0.820s] -- Installing: /home/pohrselvan/ros2_ws/src/install/july_9/share/july_9/cmake/july_9Config-version.cmake
[0.820s] -- Installing: /home/pohrselvan/ros2_ws/src/install/july_9/share/july_9/package.xml
[0.821s] Invoked command in '/home/pohrselvan/ros2_ws/src/build/july_9' returned '0': CMAKE_PREFIX_PATH=${CMAKE_PREFIX_PATH}:/home/pohrselvan/orange_ros2/install/orange_teleop:/home/pohrselvan/orange_ros2/install/orange_bringup:/opt/ros/humble /usr/bin/cmake --install /home/pohrselvan/ros2_ws/src/build/july_9
