[0.098s] DEBUG:colcon:Command line arguments: ['/usr/bin/colcon', 'build']
[0.098s] DEBUG:colcon:Parsed command line arguments: Namespace(log_base=None, log_level=None, verb_name='build', build_base='build', install_base='install', merge_install=False, symlink_install=False, test_result_base=None, continue_on_error=False, executor='parallel', parallel_workers=4, event_handlers=None, ignore_user_meta=False, metas=['./colcon.meta'], base_paths=['.'], packages_ignore=None, packages_ignore_regex=None, paths=None, packages_up_to=None, packages_up_to_regex=None, packages_above=None, packages_above_and_dependencies=None, packages_above_depth=None, packages_select_by_dep=None, packages_skip_by_dep=None, packages_skip_up_to=None, packages_select_build_failed=False, packages_skip_build_finished=False, packages_select_test_failures=False, packages_skip_test_passed=False, packages_select=None, packages_skip=None, packages_select_regex=None, packages_skip_regex=None, packages_start=None, packages_end=None, allow_overriding=[], cmake_args=None, cmake_target=None, cmake_target_skip_unavailable=False, cmake_clean_cache=False, cmake_clean_first=False, cmake_force_configure=False, ament_cmake_args=None, catkin_cmake_args=None, catkin_skip_building_tests=False, verb_parser=<colcon_defaults.argument_parser.defaults.DefaultArgumentsDecorator object at 0x741720e38a30>, verb_extension=<colcon_core.verb.build.BuildVerb object at 0x741720f395d0>, main=<bound method BuildVerb.main of <colcon_core.verb.build.BuildVerb object at 0x741720f395d0>>)
[0.237s] Level 1:colcon.colcon_core.package_discovery:discover_packages(colcon_meta) check parameters
[0.237s] Level 1:colcon.colcon_core.package_discovery:discover_packages(recursive) check parameters
[0.237s] Level 1:colcon.colcon_core.package_discovery:discover_packages(ignore) check parameters
[0.237s] Level 1:colcon.colcon_core.package_discovery:discover_packages(path) check parameters
[0.237s] Level 1:colcon.colcon_core.package_discovery:discover_packages(colcon_meta) discover
[0.237s] Level 1:colcon.colcon_core.package_discovery:discover_packages(recursive) discover
[0.237s] INFO:colcon.colcon_core.package_discovery:Crawling recursively for packages in '/home/pohrselvan/ros2_ws/src'
[0.237s] Level 1:colcon.colcon_core.package_identification:_identify(.) by extensions ['ignore', 'ignore_ament_install']
[0.237s] Level 1:colcon.colcon_core.package_identification:_identify(.) by extension 'ignore'
[0.237s] Level 1:colcon.colcon_core.package_identification:_identify(.) by extension 'ignore_ament_install'
[0.237s] Level 1:colcon.colcon_core.package_identification:_identify(.) by extensions ['colcon_pkg']
[0.237s] Level 1:colcon.colcon_core.package_identification:_identify(.) by extension 'colcon_pkg'
[0.237s] Level 1:colcon.colcon_core.package_identification:_identify(.) by extensions ['colcon_meta']
[0.237s] Level 1:colcon.colcon_core.package_identification:_identify(.) by extension 'colcon_meta'
[0.237s] Level 1:colcon.colcon_core.package_identification:_identify(.) by extensions ['ros']
[0.237s] Level 1:colcon.colcon_core.package_identification:_identify(.) by extension 'ros'
[0.247s] Level 1:colcon.colcon_core.package_identification:_identify(.) by extensions ['cmake', 'python']
[0.247s] Level 1:colcon.colcon_core.package_identification:_identify(.) by extension 'cmake'
[0.247s] Level 1:colcon.colcon_core.package_identification:_identify(.) by extension 'python'
[0.247s] Level 1:colcon.colcon_core.package_identification:_identify(.) by extensions ['python_setup_py']
[0.247s] Level 1:colcon.colcon_core.package_identification:_identify(.) by extension 'python_setup_py'
[0.247s] Level 1:colcon.colcon_core.package_identification:_identify(build) by extensions ['ignore', 'ignore_ament_install']
[0.247s] Level 1:colcon.colcon_core.package_identification:_identify(build) by extension 'ignore'
[0.248s] Level 1:colcon.colcon_core.package_identification:_identify(build) ignored
[0.248s] Level 1:colcon.colcon_core.package_identification:_identify(install) by extensions ['ignore', 'ignore_ament_install']
[0.248s] Level 1:colcon.colcon_core.package_identification:_identify(install) by extension 'ignore'
[0.248s] Level 1:colcon.colcon_core.package_identification:_identify(install) ignored
[0.248s] Level 1:colcon.colcon_core.package_identification:_identify(july_9) by extensions ['ignore', 'ignore_ament_install']
[0.248s] Level 1:colcon.colcon_core.package_identification:_identify(july_9) by extension 'ignore'
[0.248s] Level 1:colcon.colcon_core.package_identification:_identify(july_9) by extension 'ignore_ament_install'
[0.248s] Level 1:colcon.colcon_core.package_identification:_identify(july_9) by extensions ['colcon_pkg']
[0.248s] Level 1:colcon.colcon_core.package_identification:_identify(july_9) by extension 'colcon_pkg'
[0.248s] Level 1:colcon.colcon_core.package_identification:_identify(july_9) by extensions ['colcon_meta']
[0.248s] Level 1:colcon.colcon_core.package_identification:_identify(july_9) by extension 'colcon_meta'
[0.248s] Level 1:colcon.colcon_core.package_identification:_identify(july_9) by extensions ['ros']
[0.248s] Level 1:colcon.colcon_core.package_identification:_identify(july_9) by extension 'ros'
[0.250s] DEBUG:colcon.colcon_core.package_identification:Package 'july_9' with type 'ros.ament_cmake' and name 'july_9'
[0.250s] Level 1:colcon.colcon_core.package_identification:_identify(log) by extensions ['ignore', 'ignore_ament_install']
[0.250s] Level 1:colcon.colcon_core.package_identification:_identify(log) by extension 'ignore'
[0.250s] Level 1:colcon.colcon_core.package_identification:_identify(log) ignored
[0.251s] Level 1:colcon.colcon_core.package_discovery:discover_packages(recursive) using defaults
[0.251s] Level 1:colcon.colcon_core.package_discovery:discover_packages(ignore) discover
[0.251s] Level 1:colcon.colcon_core.package_discovery:discover_packages(ignore) using defaults
[0.251s] Level 1:colcon.colcon_core.package_discovery:discover_packages(path) discover
[0.251s] Level 1:colcon.colcon_core.package_discovery:discover_packages(path) using defaults
[0.267s] Level 1:colcon.colcon_core.package_discovery:discover_packages(prefix_path) check parameters
[0.267s] Level 1:colcon.colcon_core.package_discovery:discover_packages(prefix_path) discover
[0.269s] DEBUG:colcon.colcon_installed_package_information.package_discovery:Found 1 installed packages in /home/pohrselvan/ros2_ws/src/july_9/install
[0.269s] DEBUG:colcon.colcon_installed_package_information.package_discovery:Found 1 installed packages in /home/pohrselvan/ros2_ws/install
[0.270s] DEBUG:colcon.colcon_installed_package_information.package_discovery:Found 7 installed packages in /home/pohrselvan/orange_ros2/install
[0.271s] DEBUG:colcon.colcon_installed_package_information.package_discovery:Found 378 installed packages in /opt/ros/humble
[0.283s] Level 1:colcon.colcon_core.package_discovery:discover_packages(prefix_path) using defaults
[0.321s] Level 5:colcon.colcon_core.verb:set package 'july_9' build argument 'cmake_args' from command line to 'None'
[0.321s] Level 5:colcon.colcon_core.verb:set package 'july_9' build argument 'cmake_target' from command line to 'None'
[0.321s] Level 5:colcon.colcon_core.verb:set package 'july_9' build argument 'cmake_target_skip_unavailable' from command line to 'False'
[0.321s] Level 5:colcon.colcon_core.verb:set package 'july_9' build argument 'cmake_clean_cache' from command line to 'False'
[0.321s] Level 5:colcon.colcon_core.verb:set package 'july_9' build argument 'cmake_clean_first' from command line to 'False'
[0.321s] Level 5:colcon.colcon_core.verb:set package 'july_9' build argument 'cmake_force_configure' from command line to 'False'
[0.321s] Level 5:colcon.colcon_core.verb:set package 'july_9' build argument 'ament_cmake_args' from command line to 'None'
[0.321s] Level 5:colcon.colcon_core.verb:set package 'july_9' build argument 'catkin_cmake_args' from command line to 'None'
[0.321s] Level 5:colcon.colcon_core.verb:set package 'july_9' build argument 'catkin_skip_building_tests' from command line to 'False'
[0.321s] DEBUG:colcon.colcon_core.verb:Building package 'july_9' with the following arguments: {'ament_cmake_args': None, 'build_base': '/home/pohrselvan/ros2_ws/src/build/july_9', 'catkin_cmake_args': None, 'catkin_skip_building_tests': False, 'cmake_args': None, 'cmake_clean_cache': False, 'cmake_clean_first': False, 'cmake_force_configure': False, 'cmake_target': None, 'cmake_target_skip_unavailable': False, 'install_base': '/home/pohrselvan/ros2_ws/src/install/july_9', 'merge_install': False, 'path': '/home/pohrselvan/ros2_ws/src/july_9', 'symlink_install': False, 'test_result_base': None}
[0.321s] INFO:colcon.colcon_core.executor:Executing jobs using 'parallel' executor
[0.322s] DEBUG:colcon.colcon_parallel_executor.executor.parallel:run_until_complete
[0.322s] INFO:colcon.colcon_ros.task.ament_cmake.build:Building ROS package in '/home/pohrselvan/ros2_ws/src/july_9' with build type 'ament_cmake'
[0.322s] INFO:colcon.colcon_cmake.task.cmake.build:Building CMake package in '/home/pohrselvan/ros2_ws/src/july_9'
[0.324s] INFO:colcon.colcon_core.plugin_system:Skipping extension 'colcon_core.shell.bat': Not used on non-Windows systems
[0.324s] INFO:colcon.colcon_core.shell:Skip shell extension 'powershell' for command environment: Not usable outside of PowerShell
[0.324s] DEBUG:colcon.colcon_core.shell:Skip shell extension 'dsv' for command environment
[0.332s] DEBUG:colcon.colcon_core.event_handler.log_command:Invoking command in '/home/pohrselvan/ros2_ws/src/build/july_9': CMAKE_PREFIX_PATH=${CMAKE_PREFIX_PATH}:/home/pohrselvan/orange_ros2/install/orange_teleop:/home/pohrselvan/orange_ros2/install/orange_bringup:/opt/ros/humble /usr/bin/cmake /home/pohrselvan/ros2_ws/src/july_9 -DCMAKE_INSTALL_PREFIX=/home/pohrselvan/ros2_ws/src/install/july_9
[1.075s] DEBUG:colcon.colcon_core.event_handler.log_command:Invoked command in '/home/pohrselvan/ros2_ws/src/build/july_9' returned '0': CMAKE_PREFIX_PATH=${CMAKE_PREFIX_PATH}:/home/pohrselvan/orange_ros2/install/orange_teleop:/home/pohrselvan/orange_ros2/install/orange_bringup:/opt/ros/humble /usr/bin/cmake /home/pohrselvan/ros2_ws/src/july_9 -DCMAKE_INSTALL_PREFIX=/home/pohrselvan/ros2_ws/src/install/july_9
[1.076s] DEBUG:colcon.colcon_core.event_handler.log_command:Invoking command in '/home/pohrselvan/ros2_ws/src/build/july_9': CMAKE_PREFIX_PATH=${CMAKE_PREFIX_PATH}:/home/pohrselvan/orange_ros2/install/orange_teleop:/home/pohrselvan/orange_ros2/install/orange_bringup:/opt/ros/humble /usr/bin/cmake --build /home/pohrselvan/ros2_ws/src/build/july_9 -- -j4 -l4
[1.107s] DEBUG:colcon.colcon_core.event_handler.log_command:Invoked command in '/home/pohrselvan/ros2_ws/src/build/july_9' returned '0': CMAKE_PREFIX_PATH=${CMAKE_PREFIX_PATH}:/home/pohrselvan/orange_ros2/install/orange_teleop:/home/pohrselvan/orange_ros2/install/orange_bringup:/opt/ros/humble /usr/bin/cmake --build /home/pohrselvan/ros2_ws/src/build/july_9 -- -j4 -l4
[1.131s] DEBUG:colcon.colcon_core.event_handler.log_command:Invoking command in '/home/pohrselvan/ros2_ws/src/build/july_9': CMAKE_PREFIX_PATH=${CMAKE_PREFIX_PATH}:/home/pohrselvan/orange_ros2/install/orange_teleop:/home/pohrselvan/orange_ros2/install/orange_bringup:/opt/ros/humble /usr/bin/cmake --install /home/pohrselvan/ros2_ws/src/build/july_9
[1.144s] Level 1:colcon.colcon_core.environment:create_environment_scripts_only(july_9)
[1.144s] DEBUG:colcon.colcon_core.event_handler.log_command:Invoked command in '/home/pohrselvan/ros2_ws/src/build/july_9' returned '0': CMAKE_PREFIX_PATH=${CMAKE_PREFIX_PATH}:/home/pohrselvan/orange_ros2/install/orange_teleop:/home/pohrselvan/orange_ros2/install/orange_bringup:/opt/ros/humble /usr/bin/cmake --install /home/pohrselvan/ros2_ws/src/build/july_9
[1.146s] Level 1:colcon.colcon_core.environment:checking '/home/pohrselvan/ros2_ws/src/install/july_9' for CMake module files
[1.147s] Level 1:colcon.colcon_core.environment:checking '/home/pohrselvan/ros2_ws/src/install/july_9' for CMake config files
[1.147s] Level 1:colcon.colcon_core.shell:create_environment_hook('july_9', 'cmake_prefix_path')
[1.147s] INFO:colcon.colcon_core.shell:Creating environment hook '/home/pohrselvan/ros2_ws/src/install/july_9/share/july_9/hook/cmake_prefix_path.ps1'
[1.147s] INFO:colcon.colcon_core.shell:Creating environment descriptor '/home/pohrselvan/ros2_ws/src/install/july_9/share/july_9/hook/cmake_prefix_path.dsv'
[1.148s] INFO:colcon.colcon_core.shell:Creating environment hook '/home/pohrselvan/ros2_ws/src/install/july_9/share/july_9/hook/cmake_prefix_path.sh'
[1.148s] Level 1:colcon.colcon_core.environment:checking '/home/pohrselvan/ros2_ws/src/install/july_9/bin'
[1.148s] Level 1:colcon.colcon_core.environment:checking '/home/pohrselvan/ros2_ws/src/install/july_9/lib/pkgconfig/july_9.pc'
[1.149s] Level 1:colcon.colcon_core.environment:checking '/home/pohrselvan/ros2_ws/src/install/july_9/lib/python3.10/site-packages'
[1.149s] Level 1:colcon.colcon_core.environment:checking '/home/pohrselvan/ros2_ws/src/install/july_9/bin'
[1.149s] INFO:colcon.colcon_core.shell:Creating package script '/home/pohrselvan/ros2_ws/src/install/july_9/share/july_9/package.ps1'
[1.150s] INFO:colcon.colcon_core.shell:Creating package descriptor '/home/pohrselvan/ros2_ws/src/install/july_9/share/july_9/package.dsv'
[1.151s] INFO:colcon.colcon_core.shell:Creating package script '/home/pohrselvan/ros2_ws/src/install/july_9/share/july_9/package.sh'
[1.151s] INFO:colcon.colcon_core.shell:Creating package script '/home/pohrselvan/ros2_ws/src/install/july_9/share/july_9/package.bash'
[1.152s] INFO:colcon.colcon_core.shell:Creating package script '/home/pohrselvan/ros2_ws/src/install/july_9/share/july_9/package.zsh'
[1.153s] Level 1:colcon.colcon_core.environment:create_file_with_runtime_dependencies(/home/pohrselvan/ros2_ws/src/install/july_9/share/colcon-core/packages/july_9)
[1.170s] Level 1:colcon.colcon_core.environment:create_environment_scripts_only(july_9)
[1.170s] Level 1:colcon.colcon_core.environment:checking '/home/pohrselvan/ros2_ws/src/install/july_9' for CMake module files
[1.170s] Level 1:colcon.colcon_core.environment:checking '/home/pohrselvan/ros2_ws/src/install/july_9' for CMake config files
[1.170s] Level 1:colcon.colcon_core.shell:create_environment_hook('july_9', 'cmake_prefix_path')
[1.171s] INFO:colcon.colcon_core.shell:Creating environment hook '/home/pohrselvan/ros2_ws/src/install/july_9/share/july_9/hook/cmake_prefix_path.ps1'
[1.171s] INFO:colcon.colcon_core.shell:Creating environment descriptor '/home/pohrselvan/ros2_ws/src/install/july_9/share/july_9/hook/cmake_prefix_path.dsv'
[1.171s] INFO:colcon.colcon_core.shell:Creating environment hook '/home/pohrselvan/ros2_ws/src/install/july_9/share/july_9/hook/cmake_prefix_path.sh'
[1.172s] Level 1:colcon.colcon_core.environment:checking '/home/pohrselvan/ros2_ws/src/install/july_9/bin'
[1.172s] Level 1:colcon.colcon_core.environment:checking '/home/pohrselvan/ros2_ws/src/install/july_9/lib/pkgconfig/july_9.pc'
[1.172s] Level 1:colcon.colcon_core.environment:checking '/home/pohrselvan/ros2_ws/src/install/july_9/lib/python3.10/site-packages'
[1.172s] Level 1:colcon.colcon_core.environment:checking '/home/pohrselvan/ros2_ws/src/install/july_9/bin'
[1.172s] INFO:colcon.colcon_core.shell:Creating package script '/home/pohrselvan/ros2_ws/src/install/july_9/share/july_9/package.ps1'
[1.173s] INFO:colcon.colcon_core.shell:Creating package descriptor '/home/pohrselvan/ros2_ws/src/install/july_9/share/july_9/package.dsv'
[1.173s] INFO:colcon.colcon_core.shell:Creating package script '/home/pohrselvan/ros2_ws/src/install/july_9/share/july_9/package.sh'
[1.173s] INFO:colcon.colcon_core.shell:Creating package script '/home/pohrselvan/ros2_ws/src/install/july_9/share/july_9/package.bash'
[1.174s] INFO:colcon.colcon_core.shell:Creating package script '/home/pohrselvan/ros2_ws/src/install/july_9/share/july_9/package.zsh'
[1.174s] Level 1:colcon.colcon_core.environment:create_file_with_runtime_dependencies(/home/pohrselvan/ros2_ws/src/install/july_9/share/colcon-core/packages/july_9)
[1.174s] DEBUG:colcon.colcon_parallel_executor.executor.parallel:closing loop
[1.174s] DEBUG:colcon.colcon_parallel_executor.executor.parallel:loop closed
[1.174s] DEBUG:colcon.colcon_parallel_executor.executor.parallel:run_until_complete finished with '0'
[1.174s] DEBUG:colcon.colcon_core.event_reactor:joining thread
[1.178s] INFO:colcon.colcon_core.plugin_system:Skipping extension 'colcon_notification.desktop_notification.terminal_notifier': Not used on non-Darwin systems
[1.178s] INFO:colcon.colcon_core.plugin_system:Skipping extension 'colcon_notification.desktop_notification.win32': Not used on non-Windows systems
[1.179s] INFO:colcon.colcon_notification.desktop_notification:Sending desktop notification using 'notify2'
[1.191s] DEBUG:colcon.colcon_core.event_reactor:joined thread
[1.191s] INFO:colcon.colcon_core.shell:Creating prefix script '/home/pohrselvan/ros2_ws/src/install/local_setup.ps1'
[1.192s] INFO:colcon.colcon_core.shell:Creating prefix util module '/home/pohrselvan/ros2_ws/src/install/_local_setup_util_ps1.py'
[1.193s] INFO:colcon.colcon_core.shell:Creating prefix chain script '/home/pohrselvan/ros2_ws/src/install/setup.ps1'
[1.195s] INFO:colcon.colcon_core.shell:Creating prefix script '/home/pohrselvan/ros2_ws/src/install/local_setup.sh'
[1.195s] INFO:colcon.colcon_core.shell:Creating prefix util module '/home/pohrselvan/ros2_ws/src/install/_local_setup_util_sh.py'
[1.195s] INFO:colcon.colcon_core.shell:Creating prefix chain script '/home/pohrselvan/ros2_ws/src/install/setup.sh'
[1.197s] INFO:colcon.colcon_core.shell:Creating prefix script '/home/pohrselvan/ros2_ws/src/install/local_setup.bash'
[1.197s] INFO:colcon.colcon_core.shell:Creating prefix chain script '/home/pohrselvan/ros2_ws/src/install/setup.bash'
[1.198s] INFO:colcon.colcon_core.shell:Creating prefix script '/home/pohrselvan/ros2_ws/src/install/local_setup.zsh'
[1.198s] INFO:colcon.colcon_core.shell:Creating prefix chain script '/home/pohrselvan/ros2_ws/src/install/setup.zsh'
