[0.010s] Invoking command in '/home/pohrselvan/ros2_ws/src/build/july_9': CMAKE_PREFIX_PATH=/opt/ros/humble /usr/bin/cmake --build /home/pohrselvan/ros2_ws/src/build/july_9 -- -j4 -l4
[0.067s] Invoked command in '/home/pohrselvan/ros2_ws/src/build/july_9' returned '0': CMAKE_PREFIX_PATH=/opt/ros/humble /usr/bin/cmake --build /home/pohrselvan/ros2_ws/src/build/july_9 -- -j4 -l4
[0.092s] Invoking command in '/home/pohrselvan/ros2_ws/src/build/july_9': CMAKE_PREFIX_PATH=/opt/ros/humble /usr/bin/cmake --install /home/pohrselvan/ros2_ws/src/build/july_9
[0.098s] -- Install configuration: ""
[0.099s] -- Up-to-date: /home/pohrselvan/ros2_ws/src/install/july_9/share/july_9/robot_description
[0.099s] -- Up-to-date: /home/pohrselvan/ros2_ws/src/install/july_9/share/july_9/robot_description/chassis.xacro
[0.099s] -- Up-to-date: /home/pohrselvan/ros2_ws/src/install/july_9/share/july_9/robot_description/lidar.xacro
[0.099s] -- Up-to-date: /home/pohrselvan/ros2_ws/src/install/july_9/share/july_9/robot_description/inertial.xacro
[0.099s] -- Up-to-date: /home/pohrselvan/ros2_ws/src/install/july_9/share/july_9/robot_description/gazebo_control.xacro
[0.099s] -- Up-to-date: /home/pohrselvan/ros2_ws/src/install/july_9/share/july_9/robot_description/robot.urdf.xacro
[0.100s] -- Up-to-date: /home/pohrselvan/ros2_ws/src/install/july_9/share/july_9/robot_description/imu.xacro
[0.100s] -- Up-to-date: /home/pohrselvan/ros2_ws/src/install/july_9/share/july_9/robot_description/ros2_control_wheel.xacro
[0.100s] -- Up-to-date: /home/pohrselvan/ros2_ws/src/install/july_9/share/july_9/robot_description/robot_core.xacro
[0.100s] -- Up-to-date: /home/pohrselvan/ros2_ws/src/install/july_9/share/july_9/launch
[0.100s] -- Installing: /home/pohrselvan/ros2_ws/src/install/july_9/share/july_9/launch/new_launch.launch.py
[0.100s] -- Up-to-date: /home/pohrselvan/ros2_ws/src/install/july_9/share/july_9/launch/rsp.launch.py
[0.100s] -- Up-to-date: /home/pohrselvan/ros2_ws/src/install/july_9/share/july_9/launch/launch_sim.launch.py
[0.100s] -- Up-to-date: /home/pohrselvan/ros2_ws/src/install/july_9/share/july_9/launch/orange_igvc.launch.py
[0.100s] -- Up-to-date: /home/pohrselvan/ros2_ws/src/install/july_9/share/july_9/config
[0.100s] -- Up-to-date: /home/pohrselvan/ros2_ws/src/install/july_9/share/july_9/config/wheel_controller.yaml
[0.100s] -- Up-to-date: /home/pohrselvan/ros2_ws/src/install/july_9/share/july_9/worlds
[0.100s] -- Up-to-date: /home/pohrselvan/ros2_ws/src/install/july_9/share/july_9/worlds/orange_world.world
[0.100s] -- Up-to-date: /home/pohrselvan/ros2_ws/src/install/july_9/share/ament_index/resource_index/package_run_dependencies/july_9
[0.101s] -- Up-to-date: /home/pohrselvan/ros2_ws/src/install/july_9/share/ament_index/resource_index/parent_prefix_path/july_9
[0.101s] -- Up-to-date: /home/pohrselvan/ros2_ws/src/install/july_9/share/july_9/environment/ament_prefix_path.sh
[0.101s] -- Up-to-date: /home/pohrselvan/ros2_ws/src/install/july_9/share/july_9/environment/ament_prefix_path.dsv
[0.101s] -- Up-to-date: /home/pohrselvan/ros2_ws/src/install/july_9/share/july_9/environment/path.sh
[0.101s] -- Up-to-date: /home/pohrselvan/ros2_ws/src/install/july_9/share/july_9/environment/path.dsv
[0.101s] -- Up-to-date: /home/pohrselvan/ros2_ws/src/install/july_9/share/july_9/local_setup.bash
[0.101s] -- Up-to-date: /home/pohrselvan/ros2_ws/src/install/july_9/share/july_9/local_setup.sh
[0.101s] -- Up-to-date: /home/pohrselvan/ros2_ws/src/install/july_9/share/july_9/local_setup.zsh
[0.101s] -- Up-to-date: /home/pohrselvan/ros2_ws/src/install/july_9/share/july_9/local_setup.dsv
[0.101s] -- Installing: /home/pohrselvan/ros2_ws/src/install/july_9/share/july_9/package.dsv
[0.101s] -- Up-to-date: /home/pohrselvan/ros2_ws/src/install/july_9/share/ament_index/resource_index/packages/july_9
[0.102s] -- Up-to-date: /home/pohrselvan/ros2_ws/src/install/july_9/share/july_9/cmake/july_9Config.cmake
[0.102s] -- Up-to-date: /home/pohrselvan/ros2_ws/src/install/july_9/share/july_9/cmake/july_9Config-version.cmake
[0.102s] -- Up-to-date: /home/pohrselvan/ros2_ws/src/install/july_9/share/july_9/package.xml
[0.103s] Invoked command in '/home/pohrselvan/ros2_ws/src/build/july_9' returned '0': CMAKE_PREFIX_PATH=/opt/ros/humble /usr/bin/cmake --install /home/pohrselvan/ros2_ws/src/build/july_9
