[0.010s] Invoking command in '/home/pohrselvan/ros2_ws/build/laser_republisher_pkg': /usr/bin/cmake /home/pohrselvan/ros2_ws/src/laser_republisher_pkg -DCMAKE_INSTALL_PREFIX=/home/pohrselvan/ros2_ws/install/laser_republisher_pkg
[0.060s] -- The C compiler identification is GNU 11.4.0
[0.109s] -- The CXX compiler identification is GNU 11.4.0
[0.115s] -- Detecting C compiler ABI info
[0.178s] -- Detecting C compiler ABI info - done
[0.185s] -- Check for working C compiler: /usr/bin/cc - skipped
[0.185s] -- Detecting C compile features
[0.186s] -- Detecting C compile features - done
[0.189s] -- Detecting CXX compiler ABI info
[0.260s] -- Detecting CXX compiler ABI info - done
[0.267s] -- Check for working CXX compiler: /usr/bin/c++ - skipped
[0.267s] -- Detecting CXX compile features
[0.267s] -- Detecting CXX compile features - done
[0.270s] -- Found ament_cmake: 1.3.9 (/opt/ros/humble/share/ament_cmake/cmake)
[0.415s] -- Found Python3: /usr/bin/python3 (found version "3.10.12") found components: Interpreter 
[0.512s] -- Found rclcpp: 16.0.9 (/opt/ros/humble/share/rclcpp/cmake)
[0.556s] -- Found rosidl_generator_c: 3.1.5 (/opt/ros/humble/share/rosidl_generator_c/cmake)
[0.561s] -- Found rosidl_adapter: 3.1.5 (/opt/ros/humble/share/rosidl_adapter/cmake)
[0.569s] -- Found rosidl_generator_cpp: 3.1.5 (/opt/ros/humble/share/rosidl_generator_cpp/cmake)
[0.583s] -- Using all available rosidl_typesupport_c: rosidl_typesupport_fastrtps_c;rosidl_typesupport_introspection_c
[0.602s] -- Using all available rosidl_typesupport_cpp: rosidl_typesupport_fastrtps_cpp;rosidl_typesupport_introspection_cpp
[0.670s] -- Found rmw_implementation_cmake: 6.1.2 (/opt/ros/humble/share/rmw_implementation_cmake/cmake)
[0.673s] -- Found rmw_fastrtps_cpp: 6.2.6 (/opt/ros/humble/share/rmw_fastrtps_cpp/cmake)
[0.766s] -- Found OpenSSL: /usr/lib/x86_64-linux-gnu/libcrypto.so (found version "3.0.2")  
[0.794s] -- Found FastRTPS: /opt/ros/humble/include  
[0.839s] -- Using RMW implementation 'rmw_fastrtps_cpp' as default
[0.849s] -- Looking for pthread.h
[0.912s] -- Looking for pthread.h - found
[0.913s] -- Performing Test CMAKE_HAVE_LIBC_PTHREAD
[0.977s] -- Performing Test CMAKE_HAVE_LIBC_PTHREAD - Success
[0.978s] -- Found Threads: TRUE  
[1.125s] -- Found sensor_msgs: 4.2.4 (/opt/ros/humble/share/sensor_msgs/cmake)
[1.295s] Error parsing '/home/pohrselvan/ros2_ws/src/laser_republisher_pkg/package.xml':
[1.340s] Traceback (most recent call last):
[1.340s]   File "/opt/ros/humble/share/ament_cmake_core/cmake/core/package_xml_2_cmake.py", line 150, in <module>
[1.340s]     main()
[1.340s]   File "/opt/ros/humble/share/ament_cmake_core/cmake/core/package_xml_2_cmake.py", line 53, in main
[1.340s]     raise e
[1.340s]   File "/opt/ros/humble/share/ament_cmake_core/cmake/core/package_xml_2_cmake.py", line 49, in main
[1.341s]     package = parse_package_string(
[1.341s]   File "/usr/lib/python3/dist-packages/catkin_pkg/package.py", line 786, in parse_package_string
[1.341s]     raise InvalidPackage('Error(s):%s' % (''.join(['\n- %s' % e for e in errors])), filename)
[1.341s] catkin_pkg.package.InvalidPackage: Error(s) in package '/home/pohrselvan/ros2_ws/src/laser_republisher_pkg/package.xml':
[1.341s] Error(s):
[1.341s] - The generic dependency on 'rclcpp' is redundant with: build_depend, exec_depend
[1.341s] - The generic dependency on 'sensor_msgs' is redundant with: build_depend, exec_depend
[1.357s] [31mCMake Error at /opt/ros/humble/share/ament_cmake_core/cmake/core/ament_package_xml.cmake:95 (message):
[1.357s]   execute_process(/usr/bin/python3
[1.357s]   /opt/ros/humble/share/ament_cmake_core/cmake/core/package_xml_2_cmake.py
[1.357s]   /home/pohrselvan/ros2_ws/src/laser_republisher_pkg/package.xml
[1.357s]   /home/pohrselvan/ros2_ws/build/laser_republisher_pkg/ament_cmake_core/package.cmake)
[1.357s]   returned error code 1
[1.357s] Call Stack (most recent call first):
[1.357s]   /opt/ros/humble/share/ament_cmake_core/cmake/core/ament_package_xml.cmake:49 (_ament_package_xml)
[1.357s]   /opt/ros/humble/share/ament_cmake_core/cmake/core/ament_package.cmake:63 (ament_package_xml)
[1.357s]   CMakeLists.txt:56 (ament_package)
[1.357s] 
[1.357s] [0m
[1.358s] -- Configuring incomplete, errors occurred!
[1.358s] See also "/home/pohrselvan/ros2_ws/build/laser_republisher_pkg/CMakeFiles/CMakeOutput.log".
[1.365s] Invoked command in '/home/pohrselvan/ros2_ws/build/laser_republisher_pkg' returned '1': /usr/bin/cmake /home/pohrselvan/ros2_ws/src/laser_republisher_pkg -DCMAKE_INSTALL_PREFIX=/home/pohrselvan/ros2_ws/install/laser_republisher_pkg
