[0.106s] DEBUG:colcon:Command line arguments: ['/usr/bin/colcon', 'build']
[0.106s] DEBUG:colcon:Parsed command line arguments: Namespace(log_base=None, log_level=None, verb_name='build', build_base='build', install_base='install', merge_install=False, symlink_install=False, test_result_base=None, continue_on_error=False, executor='parallel', parallel_workers=4, event_handlers=None, ignore_user_meta=False, metas=['./colcon.meta'], base_paths=['.'], packages_ignore=None, packages_ignore_regex=None, paths=None, packages_up_to=None, packages_up_to_regex=None, packages_above=None, packages_above_and_dependencies=None, packages_above_depth=None, packages_select_by_dep=None, packages_skip_by_dep=None, packages_skip_up_to=None, packages_select_build_failed=False, packages_skip_build_finished=False, packages_select_test_failures=False, packages_skip_test_passed=False, packages_select=None, packages_skip=None, packages_select_regex=None, packages_skip_regex=None, packages_start=None, packages_end=None, allow_overriding=[], cmake_args=None, cmake_target=None, cmake_target_skip_unavailable=False, cmake_clean_cache=False, cmake_clean_first=False, cmake_force_configure=False, ament_cmake_args=None, catkin_cmake_args=None, catkin_skip_building_tests=False, verb_parser=<colcon_defaults.argument_parser.defaults.DefaultArgumentsDecorator object at 0x7d36f8441030>, verb_extension=<colcon_core.verb.build.BuildVerb object at 0x7d36f853dc60>, main=<bound method BuildVerb.main of <colcon_core.verb.build.BuildVerb object at 0x7d36f853dc60>>)
[0.289s] Level 1:colcon.colcon_core.package_discovery:discover_packages(colcon_meta) check parameters
[0.290s] Level 1:colcon.colcon_core.package_discovery:discover_packages(recursive) check parameters
[0.290s] Level 1:colcon.colcon_core.package_discovery:discover_packages(ignore) check parameters
[0.290s] Level 1:colcon.colcon_core.package_discovery:discover_packages(path) check parameters
[0.290s] Level 1:colcon.colcon_core.package_discovery:discover_packages(colcon_meta) discover
[0.290s] Level 1:colcon.colcon_core.package_discovery:discover_packages(recursive) discover
[0.290s] INFO:colcon.colcon_core.package_discovery:Crawling recursively for packages in '/home/pohrselvan/ros2_ws/src'
[0.290s] Level 1:colcon.colcon_core.package_identification:_identify(.) by extensions ['ignore', 'ignore_ament_install']
[0.290s] Level 1:colcon.colcon_core.package_identification:_identify(.) by extension 'ignore'
[0.290s] Level 1:colcon.colcon_core.package_identification:_identify(.) by extension 'ignore_ament_install'
[0.290s] Level 1:colcon.colcon_core.package_identification:_identify(.) by extensions ['colcon_pkg']
[0.290s] Level 1:colcon.colcon_core.package_identification:_identify(.) by extension 'colcon_pkg'
[0.290s] Level 1:colcon.colcon_core.package_identification:_identify(.) by extensions ['colcon_meta']
[0.290s] Level 1:colcon.colcon_core.package_identification:_identify(.) by extension 'colcon_meta'
[0.290s] Level 1:colcon.colcon_core.package_identification:_identify(.) by extensions ['ros']
[0.290s] Level 1:colcon.colcon_core.package_identification:_identify(.) by extension 'ros'
[0.301s] Level 1:colcon.colcon_core.package_identification:_identify(.) by extensions ['cmake', 'python']
[0.301s] Level 1:colcon.colcon_core.package_identification:_identify(.) by extension 'cmake'
[0.301s] Level 1:colcon.colcon_core.package_identification:_identify(.) by extension 'python'
[0.301s] Level 1:colcon.colcon_core.package_identification:_identify(.) by extensions ['python_setup_py']
[0.301s] Level 1:colcon.colcon_core.package_identification:_identify(.) by extension 'python_setup_py'
[0.302s] Level 1:colcon.colcon_core.package_identification:_identify(build) by extensions ['ignore', 'ignore_ament_install']
[0.302s] Level 1:colcon.colcon_core.package_identification:_identify(build) by extension 'ignore'
[0.302s] Level 1:colcon.colcon_core.package_identification:_identify(build) ignored
[0.302s] Level 1:colcon.colcon_core.package_identification:_identify(install) by extensions ['ignore', 'ignore_ament_install']
[0.302s] Level 1:colcon.colcon_core.package_identification:_identify(install) by extension 'ignore'
[0.302s] Level 1:colcon.colcon_core.package_identification:_identify(install) ignored
[0.302s] Level 1:colcon.colcon_core.package_identification:_identify(july_9) by extensions ['ignore', 'ignore_ament_install']
[0.302s] Level 1:colcon.colcon_core.package_identification:_identify(july_9) by extension 'ignore'
[0.302s] Level 1:colcon.colcon_core.package_identification:_identify(july_9) by extension 'ignore_ament_install'
[0.302s] Level 1:colcon.colcon_core.package_identification:_identify(july_9) by extensions ['colcon_pkg']
[0.302s] Level 1:colcon.colcon_core.package_identification:_identify(july_9) by extension 'colcon_pkg'
[0.302s] Level 1:colcon.colcon_core.package_identification:_identify(july_9) by extensions ['colcon_meta']
[0.302s] Level 1:colcon.colcon_core.package_identification:_identify(july_9) by extension 'colcon_meta'
[0.302s] Level 1:colcon.colcon_core.package_identification:_identify(july_9) by extensions ['ros']
[0.302s] Level 1:colcon.colcon_core.package_identification:_identify(july_9) by extension 'ros'
[0.305s] DEBUG:colcon.colcon_core.package_identification:Package 'july_9' with type 'ros.ament_cmake' and name 'july_9'
[0.305s] Level 1:colcon.colcon_core.package_identification:_identify(laser_republisher_pkg) by extensions ['ignore', 'ignore_ament_install']
[0.305s] Level 1:colcon.colcon_core.package_identification:_identify(laser_republisher_pkg) by extension 'ignore'
[0.305s] Level 1:colcon.colcon_core.package_identification:_identify(laser_republisher_pkg) by extension 'ignore_ament_install'
[0.305s] Level 1:colcon.colcon_core.package_identification:_identify(laser_republisher_pkg) by extensions ['colcon_pkg']
[0.305s] Level 1:colcon.colcon_core.package_identification:_identify(laser_republisher_pkg) by extension 'colcon_pkg'
[0.305s] Level 1:colcon.colcon_core.package_identification:_identify(laser_republisher_pkg) by extensions ['colcon_meta']
[0.305s] Level 1:colcon.colcon_core.package_identification:_identify(laser_republisher_pkg) by extension 'colcon_meta'
[0.305s] Level 1:colcon.colcon_core.package_identification:_identify(laser_republisher_pkg) by extensions ['ros']
[0.305s] Level 1:colcon.colcon_core.package_identification:_identify(laser_republisher_pkg) by extension 'ros'
[0.306s] DEBUG:colcon.colcon_core.package_identification:Package 'laser_republisher_pkg' with type 'ros.ament_cmake' and name 'laser_republisher_pkg'
[0.306s] Level 1:colcon.colcon_core.package_identification:_identify(log) by extensions ['ignore', 'ignore_ament_install']
[0.306s] Level 1:colcon.colcon_core.package_identification:_identify(log) by extension 'ignore'
[0.306s] Level 1:colcon.colcon_core.package_identification:_identify(log) ignored
[0.306s] Level 1:colcon.colcon_core.package_discovery:discover_packages(recursive) using defaults
[0.306s] Level 1:colcon.colcon_core.package_discovery:discover_packages(ignore) discover
[0.306s] Level 1:colcon.colcon_core.package_discovery:discover_packages(ignore) using defaults
[0.306s] Level 1:colcon.colcon_core.package_discovery:discover_packages(path) discover
[0.306s] Level 1:colcon.colcon_core.package_discovery:discover_packages(path) using defaults
[0.325s] Level 1:colcon.colcon_core.package_discovery:discover_packages(prefix_path) check parameters
[0.325s] Level 1:colcon.colcon_core.package_discovery:discover_packages(prefix_path) discover
[0.327s] DEBUG:colcon.colcon_installed_package_information.package_discovery:Found 2 installed packages in /home/pohrselvan/ros2_ws/src/install
[0.328s] DEBUG:colcon.colcon_installed_package_information.package_discovery:Found 7 installed packages in /home/pohrselvan/orange_ros2/install
[0.329s] DEBUG:colcon.colcon_installed_package_information.package_discovery:Found 390 installed packages in /opt/ros/humble
[0.343s] Level 1:colcon.colcon_core.package_discovery:discover_packages(prefix_path) using defaults
[0.387s] Level 5:colcon.colcon_core.verb:set package 'laser_republisher_pkg' build argument 'cmake_args' from command line to 'None'
[0.387s] Level 5:colcon.colcon_core.verb:set package 'laser_republisher_pkg' build argument 'cmake_target' from command line to 'None'
[0.387s] Level 5:colcon.colcon_core.verb:set package 'laser_republisher_pkg' build argument 'cmake_target_skip_unavailable' from command line to 'False'
[0.387s] Level 5:colcon.colcon_core.verb:set package 'laser_republisher_pkg' build argument 'cmake_clean_cache' from command line to 'False'
[0.387s] Level 5:colcon.colcon_core.verb:set package 'laser_republisher_pkg' build argument 'cmake_clean_first' from command line to 'False'
[0.387s] Level 5:colcon.colcon_core.verb:set package 'laser_republisher_pkg' build argument 'cmake_force_configure' from command line to 'False'
[0.387s] Level 5:colcon.colcon_core.verb:set package 'laser_republisher_pkg' build argument 'ament_cmake_args' from command line to 'None'
[0.387s] Level 5:colcon.colcon_core.verb:set package 'laser_republisher_pkg' build argument 'catkin_cmake_args' from command line to 'None'
[0.387s] Level 5:colcon.colcon_core.verb:set package 'laser_republisher_pkg' build argument 'catkin_skip_building_tests' from command line to 'False'
[0.387s] DEBUG:colcon.colcon_core.verb:Building package 'laser_republisher_pkg' with the following arguments: {'ament_cmake_args': None, 'build_base': '/home/pohrselvan/ros2_ws/src/build/laser_republisher_pkg', 'catkin_cmake_args': None, 'catkin_skip_building_tests': False, 'cmake_args': None, 'cmake_clean_cache': False, 'cmake_clean_first': False, 'cmake_force_configure': False, 'cmake_target': None, 'cmake_target_skip_unavailable': False, 'install_base': '/home/pohrselvan/ros2_ws/src/install/laser_republisher_pkg', 'merge_install': False, 'path': '/home/pohrselvan/ros2_ws/src/laser_republisher_pkg', 'symlink_install': False, 'test_result_base': None}
[0.387s] Level 5:colcon.colcon_core.verb:set package 'july_9' build argument 'cmake_args' from command line to 'None'
[0.387s] Level 5:colcon.colcon_core.verb:set package 'july_9' build argument 'cmake_target' from command line to 'None'
[0.387s] Level 5:colcon.colcon_core.verb:set package 'july_9' build argument 'cmake_target_skip_unavailable' from command line to 'False'
[0.387s] Level 5:colcon.colcon_core.verb:set package 'july_9' build argument 'cmake_clean_cache' from command line to 'False'
[0.387s] Level 5:colcon.colcon_core.verb:set package 'july_9' build argument 'cmake_clean_first' from command line to 'False'
[0.387s] Level 5:colcon.colcon_core.verb:set package 'july_9' build argument 'cmake_force_configure' from command line to 'False'
[0.387s] Level 5:colcon.colcon_core.verb:set package 'july_9' build argument 'ament_cmake_args' from command line to 'None'
[0.387s] Level 5:colcon.colcon_core.verb:set package 'july_9' build argument 'catkin_cmake_args' from command line to 'None'
[0.387s] Level 5:colcon.colcon_core.verb:set package 'july_9' build argument 'catkin_skip_building_tests' from command line to 'False'
[0.387s] DEBUG:colcon.colcon_core.verb:Building package 'july_9' with the following arguments: {'ament_cmake_args': None, 'build_base': '/home/pohrselvan/ros2_ws/src/build/july_9', 'catkin_cmake_args': None, 'catkin_skip_building_tests': False, 'cmake_args': None, 'cmake_clean_cache': False, 'cmake_clean_first': False, 'cmake_force_configure': False, 'cmake_target': None, 'cmake_target_skip_unavailable': False, 'install_base': '/home/pohrselvan/ros2_ws/src/install/july_9', 'merge_install': False, 'path': '/home/pohrselvan/ros2_ws/src/july_9', 'symlink_install': False, 'test_result_base': None}
[0.388s] INFO:colcon.colcon_core.executor:Executing jobs using 'parallel' executor
[0.388s] DEBUG:colcon.colcon_parallel_executor.executor.parallel:run_until_complete
[0.389s] INFO:colcon.colcon_ros.task.ament_cmake.build:Building ROS package in '/home/pohrselvan/ros2_ws/src/laser_republisher_pkg' with build type 'ament_cmake'
[0.389s] INFO:colcon.colcon_cmake.task.cmake.build:Building CMake package in '/home/pohrselvan/ros2_ws/src/laser_republisher_pkg'
[0.391s] INFO:colcon.colcon_core.plugin_system:Skipping extension 'colcon_core.shell.bat': Not used on non-Windows systems
[0.391s] INFO:colcon.colcon_core.shell:Skip shell extension 'powershell' for command environment: Not usable outside of PowerShell
[0.391s] DEBUG:colcon.colcon_core.shell:Skip shell extension 'dsv' for command environment
[0.401s] DEBUG:colcon.colcon_core.event_handler.log_command:Invoking command in '/home/pohrselvan/ros2_ws/src/build/laser_republisher_pkg': CMAKE_PREFIX_PATH=${CMAKE_PREFIX_PATH}:/home/pohrselvan/orange_ros2/install/orange_teleop:/home/pohrselvan/orange_ros2/install/orange_bringup:/opt/ros/humble /usr/bin/cmake --build /home/pohrselvan/ros2_ws/src/build/laser_republisher_pkg -- -j4 -l4
[0.460s] DEBUG:colcon.colcon_core.event_handler.log_command:Invoked command in '/home/pohrselvan/ros2_ws/src/build/laser_republisher_pkg' returned '0': CMAKE_PREFIX_PATH=${CMAKE_PREFIX_PATH}:/home/pohrselvan/orange_ros2/install/orange_teleop:/home/pohrselvan/orange_ros2/install/orange_bringup:/opt/ros/humble /usr/bin/cmake --build /home/pohrselvan/ros2_ws/src/build/laser_republisher_pkg -- -j4 -l4
[0.490s] DEBUG:colcon.colcon_core.event_handler.log_command:Invoking command in '/home/pohrselvan/ros2_ws/src/build/laser_republisher_pkg': CMAKE_PREFIX_PATH=${CMAKE_PREFIX_PATH}:/home/pohrselvan/orange_ros2/install/orange_teleop:/home/pohrselvan/orange_ros2/install/orange_bringup:/opt/ros/humble /usr/bin/cmake --install /home/pohrselvan/ros2_ws/src/build/laser_republisher_pkg
[0.499s] Level 1:colcon.colcon_core.environment:create_environment_scripts_only(laser_republisher_pkg)
[0.500s] DEBUG:colcon.colcon_core.event_handler.log_command:Invoked command in '/home/pohrselvan/ros2_ws/src/build/laser_republisher_pkg' returned '0': CMAKE_PREFIX_PATH=${CMAKE_PREFIX_PATH}:/home/pohrselvan/orange_ros2/install/orange_teleop:/home/pohrselvan/orange_ros2/install/orange_bringup:/opt/ros/humble /usr/bin/cmake --install /home/pohrselvan/ros2_ws/src/build/laser_republisher_pkg
[0.504s] Level 1:colcon.colcon_core.environment:checking '/home/pohrselvan/ros2_ws/src/install/laser_republisher_pkg' for CMake module files
[0.504s] Level 1:colcon.colcon_core.environment:checking '/home/pohrselvan/ros2_ws/src/install/laser_republisher_pkg' for CMake config files
[0.505s] Level 1:colcon.colcon_core.shell:create_environment_hook('laser_republisher_pkg', 'cmake_prefix_path')
[0.505s] INFO:colcon.colcon_core.shell:Creating environment hook '/home/pohrselvan/ros2_ws/src/install/laser_republisher_pkg/share/laser_republisher_pkg/hook/cmake_prefix_path.ps1'
[0.506s] INFO:colcon.colcon_core.shell:Creating environment descriptor '/home/pohrselvan/ros2_ws/src/install/laser_republisher_pkg/share/laser_republisher_pkg/hook/cmake_prefix_path.dsv'
[0.506s] INFO:colcon.colcon_core.shell:Creating environment hook '/home/pohrselvan/ros2_ws/src/install/laser_republisher_pkg/share/laser_republisher_pkg/hook/cmake_prefix_path.sh'
[0.508s] Level 1:colcon.colcon_core.environment:checking '/home/pohrselvan/ros2_ws/src/install/laser_republisher_pkg/lib'
[0.508s] Level 1:colcon.colcon_core.environment:checking '/home/pohrselvan/ros2_ws/src/install/laser_republisher_pkg/bin'
[0.508s] Level 1:colcon.colcon_core.environment:checking '/home/pohrselvan/ros2_ws/src/install/laser_republisher_pkg/lib/pkgconfig/laser_republisher_pkg.pc'
[0.509s] Level 1:colcon.colcon_core.environment:checking '/home/pohrselvan/ros2_ws/src/install/laser_republisher_pkg/lib/python3.10/site-packages'
[0.509s] Level 1:colcon.colcon_core.environment:checking '/home/pohrselvan/ros2_ws/src/install/laser_republisher_pkg/bin'
[0.509s] INFO:colcon.colcon_core.shell:Creating package script '/home/pohrselvan/ros2_ws/src/install/laser_republisher_pkg/share/laser_republisher_pkg/package.ps1'
[0.511s] INFO:colcon.colcon_core.shell:Creating package descriptor '/home/pohrselvan/ros2_ws/src/install/laser_republisher_pkg/share/laser_republisher_pkg/package.dsv'
[0.511s] INFO:colcon.colcon_core.shell:Creating package script '/home/pohrselvan/ros2_ws/src/install/laser_republisher_pkg/share/laser_republisher_pkg/package.sh'
[0.512s] INFO:colcon.colcon_core.shell:Creating package script '/home/pohrselvan/ros2_ws/src/install/laser_republisher_pkg/share/laser_republisher_pkg/package.bash'
[0.512s] INFO:colcon.colcon_core.shell:Creating package script '/home/pohrselvan/ros2_ws/src/install/laser_republisher_pkg/share/laser_republisher_pkg/package.zsh'
[0.513s] Level 1:colcon.colcon_core.environment:create_file_with_runtime_dependencies(/home/pohrselvan/ros2_ws/src/install/laser_republisher_pkg/share/colcon-core/packages/laser_republisher_pkg)
[0.537s] Level 1:colcon.colcon_core.environment:create_environment_scripts_only(laser_republisher_pkg)
[0.537s] Level 1:colcon.colcon_core.environment:checking '/home/pohrselvan/ros2_ws/src/install/laser_republisher_pkg' for CMake module files
[0.538s] Level 1:colcon.colcon_core.environment:checking '/home/pohrselvan/ros2_ws/src/install/laser_republisher_pkg' for CMake config files
[0.538s] Level 1:colcon.colcon_core.shell:create_environment_hook('laser_republisher_pkg', 'cmake_prefix_path')
[0.538s] INFO:colcon.colcon_core.shell:Creating environment hook '/home/pohrselvan/ros2_ws/src/install/laser_republisher_pkg/share/laser_republisher_pkg/hook/cmake_prefix_path.ps1'
[0.538s] INFO:colcon.colcon_core.shell:Creating environment descriptor '/home/pohrselvan/ros2_ws/src/install/laser_republisher_pkg/share/laser_republisher_pkg/hook/cmake_prefix_path.dsv'
[0.539s] INFO:colcon.colcon_core.shell:Creating environment hook '/home/pohrselvan/ros2_ws/src/install/laser_republisher_pkg/share/laser_republisher_pkg/hook/cmake_prefix_path.sh'
[0.539s] Level 1:colcon.colcon_core.environment:checking '/home/pohrselvan/ros2_ws/src/install/laser_republisher_pkg/lib'
[0.539s] Level 1:colcon.colcon_core.environment:checking '/home/pohrselvan/ros2_ws/src/install/laser_republisher_pkg/bin'
[0.540s] Level 1:colcon.colcon_core.environment:checking '/home/pohrselvan/ros2_ws/src/install/laser_republisher_pkg/lib/pkgconfig/laser_republisher_pkg.pc'
[0.540s] Level 1:colcon.colcon_core.environment:checking '/home/pohrselvan/ros2_ws/src/install/laser_republisher_pkg/lib/python3.10/site-packages'
[0.540s] Level 1:colcon.colcon_core.environment:checking '/home/pohrselvan/ros2_ws/src/install/laser_republisher_pkg/bin'
[0.540s] INFO:colcon.colcon_core.shell:Creating package script '/home/pohrselvan/ros2_ws/src/install/laser_republisher_pkg/share/laser_republisher_pkg/package.ps1'
[0.541s] INFO:colcon.colcon_core.shell:Creating package descriptor '/home/pohrselvan/ros2_ws/src/install/laser_republisher_pkg/share/laser_republisher_pkg/package.dsv'
[0.541s] INFO:colcon.colcon_core.shell:Creating package script '/home/pohrselvan/ros2_ws/src/install/laser_republisher_pkg/share/laser_republisher_pkg/package.sh'
[0.542s] INFO:colcon.colcon_core.shell:Creating package script '/home/pohrselvan/ros2_ws/src/install/laser_republisher_pkg/share/laser_republisher_pkg/package.bash'
[0.542s] INFO:colcon.colcon_core.shell:Creating package script '/home/pohrselvan/ros2_ws/src/install/laser_republisher_pkg/share/laser_republisher_pkg/package.zsh'
[0.543s] Level 1:colcon.colcon_core.environment:create_file_with_runtime_dependencies(/home/pohrselvan/ros2_ws/src/install/laser_republisher_pkg/share/colcon-core/packages/laser_republisher_pkg)
[0.543s] INFO:colcon.colcon_ros.task.ament_cmake.build:Building ROS package in '/home/pohrselvan/ros2_ws/src/july_9' with build type 'ament_cmake'
[0.543s] INFO:colcon.colcon_cmake.task.cmake.build:Building CMake package in '/home/pohrselvan/ros2_ws/src/july_9'
[0.543s] INFO:colcon.colcon_core.shell:Skip shell extension 'powershell' for command environment: Not usable outside of PowerShell
[0.543s] DEBUG:colcon.colcon_core.shell:Skip shell extension 'dsv' for command environment
[0.554s] DEBUG:colcon.colcon_core.event_handler.log_command:Invoking command in '/home/pohrselvan/ros2_ws/src/build/july_9': CMAKE_PREFIX_PATH=/home/pohrselvan/ros2_ws/src/install/laser_republisher_pkg:/home/pohrselvan/orange_ros2/install/orange_slam:/home/pohrselvan/orange_ros2/install/orange_navigation:/home/pohrselvan/orange_ros2/install/orange_gazebo:/home/pohrselvan/orange_ros2/install/orange_description:/home/pohrselvan/orange_ros2/install/orange_sensor_tools:/home/pohrselvan/ros2_ws/src/install/july_9:/home/pohrselvan/orange_ros2/install/orange_teleop:/home/pohrselvan/orange_ros2/install/orange_bringup:/opt/ros/humble /usr/bin/cmake --build /home/pohrselvan/ros2_ws/src/build/july_9 -- -j4 -l4
[0.589s] DEBUG:colcon.colcon_core.event_handler.log_command:Invoked command in '/home/pohrselvan/ros2_ws/src/build/july_9' returned '0': CMAKE_PREFIX_PATH=/home/pohrselvan/ros2_ws/src/install/laser_republisher_pkg:/home/pohrselvan/orange_ros2/install/orange_slam:/home/pohrselvan/orange_ros2/install/orange_navigation:/home/pohrselvan/orange_ros2/install/orange_gazebo:/home/pohrselvan/orange_ros2/install/orange_description:/home/pohrselvan/orange_ros2/install/orange_sensor_tools:/home/pohrselvan/ros2_ws/src/install/july_9:/home/pohrselvan/orange_ros2/install/orange_teleop:/home/pohrselvan/orange_ros2/install/orange_bringup:/opt/ros/humble /usr/bin/cmake --build /home/pohrselvan/ros2_ws/src/build/july_9 -- -j4 -l4
[0.611s] DEBUG:colcon.colcon_core.event_handler.log_command:Invoking command in '/home/pohrselvan/ros2_ws/src/build/july_9': CMAKE_PREFIX_PATH=/home/pohrselvan/ros2_ws/src/install/laser_republisher_pkg:/home/pohrselvan/orange_ros2/install/orange_slam:/home/pohrselvan/orange_ros2/install/orange_navigation:/home/pohrselvan/orange_ros2/install/orange_gazebo:/home/pohrselvan/orange_ros2/install/orange_description:/home/pohrselvan/orange_ros2/install/orange_sensor_tools:/home/pohrselvan/ros2_ws/src/install/july_9:/home/pohrselvan/orange_ros2/install/orange_teleop:/home/pohrselvan/orange_ros2/install/orange_bringup:/opt/ros/humble /usr/bin/cmake --install /home/pohrselvan/ros2_ws/src/build/july_9
[0.622s] Level 1:colcon.colcon_core.environment:create_environment_scripts_only(july_9)
[0.622s] Level 1:colcon.colcon_core.environment:checking '/home/pohrselvan/ros2_ws/src/install/july_9' for CMake module files
[0.624s] DEBUG:colcon.colcon_core.event_handler.log_command:Invoked command in '/home/pohrselvan/ros2_ws/src/build/july_9' returned '0': CMAKE_PREFIX_PATH=/home/pohrselvan/ros2_ws/src/install/laser_republisher_pkg:/home/pohrselvan/orange_ros2/install/orange_slam:/home/pohrselvan/orange_ros2/install/orange_navigation:/home/pohrselvan/orange_ros2/install/orange_gazebo:/home/pohrselvan/orange_ros2/install/orange_description:/home/pohrselvan/orange_ros2/install/orange_sensor_tools:/home/pohrselvan/ros2_ws/src/install/july_9:/home/pohrselvan/orange_ros2/install/orange_teleop:/home/pohrselvan/orange_ros2/install/orange_bringup:/opt/ros/humble /usr/bin/cmake --install /home/pohrselvan/ros2_ws/src/build/july_9
[0.624s] Level 1:colcon.colcon_core.environment:checking '/home/pohrselvan/ros2_ws/src/install/july_9' for CMake config files
[0.625s] Level 1:colcon.colcon_core.shell:create_environment_hook('july_9', 'cmake_prefix_path')
[0.626s] INFO:colcon.colcon_core.shell:Creating environment hook '/home/pohrselvan/ros2_ws/src/install/july_9/share/july_9/hook/cmake_prefix_path.ps1'
[0.626s] INFO:colcon.colcon_core.shell:Creating environment descriptor '/home/pohrselvan/ros2_ws/src/install/july_9/share/july_9/hook/cmake_prefix_path.dsv'
[0.627s] INFO:colcon.colcon_core.shell:Creating environment hook '/home/pohrselvan/ros2_ws/src/install/july_9/share/july_9/hook/cmake_prefix_path.sh'
[0.627s] Level 1:colcon.colcon_core.environment:checking '/home/pohrselvan/ros2_ws/src/install/july_9/bin'
[0.627s] Level 1:colcon.colcon_core.environment:checking '/home/pohrselvan/ros2_ws/src/install/july_9/lib/pkgconfig/july_9.pc'
[0.628s] Level 1:colcon.colcon_core.environment:checking '/home/pohrselvan/ros2_ws/src/install/july_9/lib/python3.10/site-packages'
[0.628s] Level 1:colcon.colcon_core.environment:checking '/home/pohrselvan/ros2_ws/src/install/july_9/bin'
[0.628s] INFO:colcon.colcon_core.shell:Creating package script '/home/pohrselvan/ros2_ws/src/install/july_9/share/july_9/package.ps1'
[0.629s] INFO:colcon.colcon_core.shell:Creating package descriptor '/home/pohrselvan/ros2_ws/src/install/july_9/share/july_9/package.dsv'
[0.629s] INFO:colcon.colcon_core.shell:Creating package script '/home/pohrselvan/ros2_ws/src/install/july_9/share/july_9/package.sh'
[0.630s] INFO:colcon.colcon_core.shell:Creating package script '/home/pohrselvan/ros2_ws/src/install/july_9/share/july_9/package.bash'
[0.630s] INFO:colcon.colcon_core.shell:Creating package script '/home/pohrselvan/ros2_ws/src/install/july_9/share/july_9/package.zsh'
[0.630s] Level 1:colcon.colcon_core.environment:create_file_with_runtime_dependencies(/home/pohrselvan/ros2_ws/src/install/july_9/share/colcon-core/packages/july_9)
[0.649s] Level 1:colcon.colcon_core.environment:create_environment_scripts_only(july_9)
[0.649s] Level 1:colcon.colcon_core.environment:checking '/home/pohrselvan/ros2_ws/src/install/july_9' for CMake module files
[0.650s] Level 1:colcon.colcon_core.environment:checking '/home/pohrselvan/ros2_ws/src/install/july_9' for CMake config files
[0.650s] Level 1:colcon.colcon_core.shell:create_environment_hook('july_9', 'cmake_prefix_path')
[0.650s] INFO:colcon.colcon_core.shell:Creating environment hook '/home/pohrselvan/ros2_ws/src/install/july_9/share/july_9/hook/cmake_prefix_path.ps1'
[0.651s] INFO:colcon.colcon_core.shell:Creating environment descriptor '/home/pohrselvan/ros2_ws/src/install/july_9/share/july_9/hook/cmake_prefix_path.dsv'
[0.651s] INFO:colcon.colcon_core.shell:Creating environment hook '/home/pohrselvan/ros2_ws/src/install/july_9/share/july_9/hook/cmake_prefix_path.sh'
[0.651s] Level 1:colcon.colcon_core.environment:checking '/home/pohrselvan/ros2_ws/src/install/july_9/bin'
[0.651s] Level 1:colcon.colcon_core.environment:checking '/home/pohrselvan/ros2_ws/src/install/july_9/lib/pkgconfig/july_9.pc'
[0.652s] Level 1:colcon.colcon_core.environment:checking '/home/pohrselvan/ros2_ws/src/install/july_9/lib/python3.10/site-packages'
[0.652s] Level 1:colcon.colcon_core.environment:checking '/home/pohrselvan/ros2_ws/src/install/july_9/bin'
[0.652s] INFO:colcon.colcon_core.shell:Creating package script '/home/pohrselvan/ros2_ws/src/install/july_9/share/july_9/package.ps1'
[0.652s] INFO:colcon.colcon_core.shell:Creating package descriptor '/home/pohrselvan/ros2_ws/src/install/july_9/share/july_9/package.dsv'
[0.653s] INFO:colcon.colcon_core.shell:Creating package script '/home/pohrselvan/ros2_ws/src/install/july_9/share/july_9/package.sh'
[0.653s] INFO:colcon.colcon_core.shell:Creating package script '/home/pohrselvan/ros2_ws/src/install/july_9/share/july_9/package.bash'
[0.653s] INFO:colcon.colcon_core.shell:Creating package script '/home/pohrselvan/ros2_ws/src/install/july_9/share/july_9/package.zsh'
[0.654s] Level 1:colcon.colcon_core.environment:create_file_with_runtime_dependencies(/home/pohrselvan/ros2_ws/src/install/july_9/share/colcon-core/packages/july_9)
[0.654s] DEBUG:colcon.colcon_parallel_executor.executor.parallel:closing loop
[0.654s] DEBUG:colcon.colcon_parallel_executor.executor.parallel:loop closed
[0.655s] DEBUG:colcon.colcon_parallel_executor.executor.parallel:run_until_complete finished with '0'
[0.655s] DEBUG:colcon.colcon_core.event_reactor:joining thread
[0.659s] INFO:colcon.colcon_core.plugin_system:Skipping extension 'colcon_notification.desktop_notification.terminal_notifier': Not used on non-Darwin systems
[0.659s] INFO:colcon.colcon_core.plugin_system:Skipping extension 'colcon_notification.desktop_notification.win32': Not used on non-Windows systems
[0.660s] INFO:colcon.colcon_notification.desktop_notification:Sending desktop notification using 'notify2'
[0.673s] DEBUG:colcon.colcon_core.event_reactor:joined thread
[0.674s] INFO:colcon.colcon_core.shell:Creating prefix script '/home/pohrselvan/ros2_ws/src/install/local_setup.ps1'
[0.676s] INFO:colcon.colcon_core.shell:Creating prefix util module '/home/pohrselvan/ros2_ws/src/install/_local_setup_util_ps1.py'
[0.678s] INFO:colcon.colcon_core.shell:Creating prefix chain script '/home/pohrselvan/ros2_ws/src/install/setup.ps1'
[0.680s] INFO:colcon.colcon_core.shell:Creating prefix script '/home/pohrselvan/ros2_ws/src/install/local_setup.sh'
[0.682s] INFO:colcon.colcon_core.shell:Creating prefix util module '/home/pohrselvan/ros2_ws/src/install/_local_setup_util_sh.py'
[0.683s] INFO:colcon.colcon_core.shell:Creating prefix chain script '/home/pohrselvan/ros2_ws/src/install/setup.sh'
[0.686s] INFO:colcon.colcon_core.shell:Creating prefix script '/home/pohrselvan/ros2_ws/src/install/local_setup.bash'
[0.687s] INFO:colcon.colcon_core.shell:Creating prefix chain script '/home/pohrselvan/ros2_ws/src/install/setup.bash'
[0.690s] INFO:colcon.colcon_core.shell:Creating prefix script '/home/pohrselvan/ros2_ws/src/install/local_setup.zsh'
[0.691s] INFO:colcon.colcon_core.shell:Creating prefix chain script '/home/pohrselvan/ros2_ws/src/install/setup.zsh'
