running egg_info
creating ../build/my_tf2_broadcaster/my_tf2_broadcaster.egg-info
writing ../build/my_tf2_broadcaster/my_tf2_broadcaster.egg-info/PKG-INFO
writing dependency_links to ../build/my_tf2_broadcaster/my_tf2_broadcaster.egg-info/dependency_links.txt
writing entry points to ../build/my_tf2_broadcaster/my_tf2_broadcaster.egg-info/entry_points.txt
writing requirements to ../build/my_tf2_broadcaster/my_tf2_broadcaster.egg-info/requires.txt
writing top-level names to ../build/my_tf2_broadcaster/my_tf2_broadcaster.egg-info/top_level.txt
writing manifest file '../build/my_tf2_broadcaster/my_tf2_broadcaster.egg-info/SOURCES.txt'
reading manifest file '../build/my_tf2_broadcaster/my_tf2_broadcaster.egg-info/SOURCES.txt'
writing manifest file '../build/my_tf2_broadcaster/my_tf2_broadcaster.egg-info/SOURCES.txt'
running build
running build_py
creating /home/pohrselvan/ros2_ws/src/build/my_tf2_broadcaster/build
creating /home/pohrselvan/ros2_ws/src/build/my_tf2_broadcaster/build/lib
creating /home/pohrselvan/ros2_ws/src/build/my_tf2_broadcaster/build/lib/my_tf2_broadcaster
copying my_tf2_broadcaster/tf_broadcaster.py -> /home/pohrselvan/ros2_ws/src/build/my_tf2_broadcaster/build/lib/my_tf2_broadcaster
copying my_tf2_broadcaster/__init__.py -> /home/pohrselvan/ros2_ws/src/build/my_tf2_broadcaster/build/lib/my_tf2_broadcaster
running install
running install_lib
creating /home/pohrselvan/ros2_ws/src/install/my_tf2_broadcaster/lib/python3.10/site-packages/my_tf2_broadcaster
copying /home/pohrselvan/ros2_ws/src/build/my_tf2_broadcaster/build/lib/my_tf2_broadcaster/tf_broadcaster.py -> /home/pohrselvan/ros2_ws/src/install/my_tf2_broadcaster/lib/python3.10/site-packages/my_tf2_broadcaster
copying /home/pohrselvan/ros2_ws/src/build/my_tf2_broadcaster/build/lib/my_tf2_broadcaster/__init__.py -> /home/pohrselvan/ros2_ws/src/install/my_tf2_broadcaster/lib/python3.10/site-packages/my_tf2_broadcaster
byte-compiling /home/pohrselvan/ros2_ws/src/install/my_tf2_broadcaster/lib/python3.10/site-packages/my_tf2_broadcaster/tf_broadcaster.py to tf_broadcaster.cpython-310.pyc
byte-compiling /home/pohrselvan/ros2_ws/src/install/my_tf2_broadcaster/lib/python3.10/site-packages/my_tf2_broadcaster/__init__.py to __init__.cpython-310.pyc
running install_egg_info
Copying ../build/my_tf2_broadcaster/my_tf2_broadcaster.egg-info to /home/pohrselvan/ros2_ws/src/install/my_tf2_broadcaster/lib/python3.10/site-packages/my_tf2_broadcaster-0.0.0-py3.10.egg-info
running install_scripts
Installing tf_broadcaster script to /home/pohrselvan/ros2_ws/src/install/my_tf2_broadcaster/lib/my_tf2_broadcaster
writing list of installed files to '/home/pohrselvan/ros2_ws/src/build/my_tf2_broadcaster/install.log'
