[0.010s] Invoking command in '/home/pohrselvan/ros2_ws/src/build/laser_republisher_pkg': CMAKE_PREFIX_PATH=${CMAKE_PREFIX_PATH}:/home/pohrselvan/orange_ros2/install/orange_teleop:/home/pohrselvan/orange_ros2/install/orange_bringup:/opt/ros/humble /usr/bin/cmake --build /home/pohrselvan/ros2_ws/src/build/laser_republisher_pkg -- -j4 -l4
[0.067s] [100%] Built target laser_republisher
[0.077s] Invoked command in '/home/pohrselvan/ros2_ws/src/build/laser_republisher_pkg' returned '0': CMAKE_PREFIX_PATH=${CMAKE_PREFIX_PATH}:/home/pohrselvan/orange_ros2/install/orange_teleop:/home/pohrselvan/orange_ros2/install/orange_bringup:/opt/ros/humble /usr/bin/cmake --build /home/pohrselvan/ros2_ws/src/build/laser_republisher_pkg -- -j4 -l4
[0.107s] Invoking command in '/home/pohrselvan/ros2_ws/src/build/laser_republisher_pkg': CMAKE_PREFIX_PATH=${CMAKE_PREFIX_PATH}:/home/pohrselvan/orange_ros2/install/orange_teleop:/home/pohrselvan/orange_ros2/install/orange_bringup:/opt/ros/humble /usr/bin/cmake --install /home/pohrselvan/ros2_ws/src/build/laser_republisher_pkg
[0.115s] -- Install configuration: ""
[0.115s] -- Up-to-date: /home/pohrselvan/ros2_ws/src/install/laser_republisher_pkg/lib/laser_republisher_pkg/laser_republisher
[0.116s] -- Up-to-date: /home/pohrselvan/ros2_ws/src/install/laser_republisher_pkg/share/ament_index/resource_index/package_run_dependencies/laser_republisher_pkg
[0.116s] -- Up-to-date: /home/pohrselvan/ros2_ws/src/install/laser_republisher_pkg/share/ament_index/resource_index/parent_prefix_path/laser_republisher_pkg
[0.116s] -- Up-to-date: /home/pohrselvan/ros2_ws/src/install/laser_republisher_pkg/share/laser_republisher_pkg/environment/ament_prefix_path.sh
[0.116s] -- Up-to-date: /home/pohrselvan/ros2_ws/src/install/laser_republisher_pkg/share/laser_republisher_pkg/environment/ament_prefix_path.dsv
[0.116s] -- Up-to-date: /home/pohrselvan/ros2_ws/src/install/laser_republisher_pkg/share/laser_republisher_pkg/environment/path.sh
[0.116s] -- Up-to-date: /home/pohrselvan/ros2_ws/src/install/laser_republisher_pkg/share/laser_republisher_pkg/environment/path.dsv
[0.116s] -- Up-to-date: /home/pohrselvan/ros2_ws/src/install/laser_republisher_pkg/share/laser_republisher_pkg/local_setup.bash
[0.116s] -- Up-to-date: /home/pohrselvan/ros2_ws/src/install/laser_republisher_pkg/share/laser_republisher_pkg/local_setup.sh
[0.116s] -- Up-to-date: /home/pohrselvan/ros2_ws/src/install/laser_republisher_pkg/share/laser_republisher_pkg/local_setup.zsh
[0.117s] -- Up-to-date: /home/pohrselvan/ros2_ws/src/install/laser_republisher_pkg/share/laser_republisher_pkg/local_setup.dsv
[0.117s] -- Installing: /home/pohrselvan/ros2_ws/src/install/laser_republisher_pkg/share/laser_republisher_pkg/package.dsv
[0.117s] -- Up-to-date: /home/pohrselvan/ros2_ws/src/install/laser_republisher_pkg/share/ament_index/resource_index/packages/laser_republisher_pkg
[0.117s] -- Up-to-date: /home/pohrselvan/ros2_ws/src/install/laser_republisher_pkg/share/laser_republisher_pkg/cmake/laser_republisher_pkgConfig.cmake
[0.117s] -- Up-to-date: /home/pohrselvan/ros2_ws/src/install/laser_republisher_pkg/share/laser_republisher_pkg/cmake/laser_republisher_pkgConfig-version.cmake
[0.117s] -- Up-to-date: /home/pohrselvan/ros2_ws/src/install/laser_republisher_pkg/share/laser_republisher_pkg/package.xml
[0.119s] Invoked command in '/home/pohrselvan/ros2_ws/src/build/laser_republisher_pkg' returned '0': CMAKE_PREFIX_PATH=${CMAKE_PREFIX_PATH}:/home/pohrselvan/orange_ros2/install/orange_teleop:/home/pohrselvan/orange_ros2/install/orange_bringup:/opt/ros/humble /usr/bin/cmake --install /home/pohrselvan/ros2_ws/src/build/laser_republisher_pkg
