[0.010s] Invoking command in '/home/pohrselvan/ros2_ws/src/build/july_9': CMAKE_PREFIX_PATH=${CMAKE_PREFIX_PATH}:/home/pohrselvan/orange_ros2/install/orange_teleop:/home/pohrselvan/orange_ros2/install/orange_bringup:/opt/ros/humble /usr/bin/cmake --build /home/pohrselvan/ros2_ws/src/build/july_9 -- -j4 -l4
[0.039s] -- Found ament_cmake: 1.3.9 (/opt/ros/humble/share/ament_cmake/cmake)
[0.183s] -- Found ament_lint_auto: 0.12.11 (/opt/ros/humble/share/ament_lint_auto/cmake)
[0.255s] [31mCMake Error at CMakeLists.txt:30 (install):
[0.255s]   install TARGETS given target "laser_republisher" which does not exist.
[0.255s] 
[0.255s] [0m
[0.349s] -- Added test 'cppcheck' to perform static code analysis on C / C++ code
[0.349s] -- Configured cppcheck include dirs: 
[0.349s] -- Configured cppcheck exclude dirs and/or files: 
[0.357s] -- Added test 'flake8' to check Python code syntax and style conventions
[0.373s] -- Added test 'lint_cmake' to check CMake code style
[0.381s] -- Added test 'pep257' to check Python code against some of the docstring style conventions in PEP 257
[0.444s] -- Added test 'uncrustify' to check C / C++ code style
[0.444s] -- Configured uncrustify additional arguments: 
[0.452s] -- Added test 'xmllint' to check XML markup files
[0.453s] -- Configuring incomplete, errors occurred!
[0.454s] See also "/home/pohrselvan/ros2_ws/src/build/july_9/CMakeFiles/CMakeOutput.log".
[0.456s] gmake: *** [Makefile:226: cmake_check_build_system] Error 1
[0.458s] Invoked command in '/home/pohrselvan/ros2_ws/src/build/july_9' returned '2': CMAKE_PREFIX_PATH=${CMAKE_PREFIX_PATH}:/home/pohrselvan/orange_ros2/install/orange_teleop:/home/pohrselvan/orange_ros2/install/orange_bringup:/opt/ros/humble /usr/bin/cmake --build /home/pohrselvan/ros2_ws/src/build/july_9 -- -j4 -l4
