[0.090s] DEBUG:colcon:Command line arguments: ['/usr/bin/colcon', 'build']
[0.090s] DEBUG:colcon:Parsed command line arguments: Namespace(log_base=None, log_level=None, verb_name='build', build_base='build', install_base='install', merge_install=False, symlink_install=False, test_result_base=None, continue_on_error=False, executor='parallel', parallel_workers=4, event_handlers=None, ignore_user_meta=False, metas=['./colcon.meta'], base_paths=['.'], packages_ignore=None, packages_ignore_regex=None, paths=None, packages_up_to=None, packages_up_to_regex=None, packages_above=None, packages_above_and_dependencies=None, packages_above_depth=None, packages_select_by_dep=None, packages_skip_by_dep=None, packages_skip_up_to=None, packages_select_build_failed=False, packages_skip_build_finished=False, packages_select_test_failures=False, packages_skip_test_passed=False, packages_select=None, packages_skip=None, packages_select_regex=None, packages_skip_regex=None, packages_start=None, packages_end=None, allow_overriding=[], cmake_args=None, cmake_target=None, cmake_target_skip_unavailable=False, cmake_clean_cache=False, cmake_clean_first=False, cmake_force_configure=False, ament_cmake_args=None, catkin_cmake_args=None, catkin_skip_building_tests=False, verb_parser=<colcon_defaults.argument_parser.defaults.DefaultArgumentsDecorator object at 0x7fbe57051030>, verb_extension=<colcon_core.verb.build.BuildVerb object at 0x7fbe5714dc60>, main=<bound method BuildVerb.main of <colcon_core.verb.build.BuildVerb object at 0x7fbe5714dc60>>)
[0.242s] Level 1:colcon.colcon_core.package_discovery:discover_packages(colcon_meta) check parameters
[0.242s] Level 1:colcon.colcon_core.package_discovery:discover_packages(recursive) check parameters
[0.242s] Level 1:colcon.colcon_core.package_discovery:discover_packages(ignore) check parameters
[0.242s] Level 1:colcon.colcon_core.package_discovery:discover_packages(path) check parameters
[0.242s] Level 1:colcon.colcon_core.package_discovery:discover_packages(colcon_meta) discover
[0.242s] Level 1:colcon.colcon_core.package_discovery:discover_packages(recursive) discover
[0.242s] INFO:colcon.colcon_core.package_discovery:Crawling recursively for packages in '/home/pohrselvan/ros2_ws/src'
[0.242s] Level 1:colcon.colcon_core.package_identification:_identify(.) by extensions ['ignore', 'ignore_ament_install']
[0.242s] Level 1:colcon.colcon_core.package_identification:_identify(.) by extension 'ignore'
[0.242s] Level 1:colcon.colcon_core.package_identification:_identify(.) by extension 'ignore_ament_install'
[0.242s] Level 1:colcon.colcon_core.package_identification:_identify(.) by extensions ['colcon_pkg']
[0.242s] Level 1:colcon.colcon_core.package_identification:_identify(.) by extension 'colcon_pkg'
[0.242s] Level 1:colcon.colcon_core.package_identification:_identify(.) by extensions ['colcon_meta']
[0.242s] Level 1:colcon.colcon_core.package_identification:_identify(.) by extension 'colcon_meta'
[0.242s] Level 1:colcon.colcon_core.package_identification:_identify(.) by extensions ['ros']
[0.242s] Level 1:colcon.colcon_core.package_identification:_identify(.) by extension 'ros'
[0.252s] Level 1:colcon.colcon_core.package_identification:_identify(.) by extensions ['cmake', 'python']
[0.252s] Level 1:colcon.colcon_core.package_identification:_identify(.) by extension 'cmake'
[0.252s] Level 1:colcon.colcon_core.package_identification:_identify(.) by extension 'python'
[0.252s] Level 1:colcon.colcon_core.package_identification:_identify(.) by extensions ['python_setup_py']
[0.252s] Level 1:colcon.colcon_core.package_identification:_identify(.) by extension 'python_setup_py'
[0.253s] Level 1:colcon.colcon_core.package_identification:_identify(build) by extensions ['ignore', 'ignore_ament_install']
[0.253s] Level 1:colcon.colcon_core.package_identification:_identify(build) by extension 'ignore'
[0.253s] Level 1:colcon.colcon_core.package_identification:_identify(build) ignored
[0.253s] Level 1:colcon.colcon_core.package_identification:_identify(install) by extensions ['ignore', 'ignore_ament_install']
[0.253s] Level 1:colcon.colcon_core.package_identification:_identify(install) by extension 'ignore'
[0.253s] Level 1:colcon.colcon_core.package_identification:_identify(install) ignored
[0.253s] Level 1:colcon.colcon_core.package_identification:_identify(july_9) by extensions ['ignore', 'ignore_ament_install']
[0.253s] Level 1:colcon.colcon_core.package_identification:_identify(july_9) by extension 'ignore'
[0.253s] Level 1:colcon.colcon_core.package_identification:_identify(july_9) by extension 'ignore_ament_install'
[0.253s] Level 1:colcon.colcon_core.package_identification:_identify(july_9) by extensions ['colcon_pkg']
[0.253s] Level 1:colcon.colcon_core.package_identification:_identify(july_9) by extension 'colcon_pkg'
[0.253s] Level 1:colcon.colcon_core.package_identification:_identify(july_9) by extensions ['colcon_meta']
[0.253s] Level 1:colcon.colcon_core.package_identification:_identify(july_9) by extension 'colcon_meta'
[0.253s] Level 1:colcon.colcon_core.package_identification:_identify(july_9) by extensions ['ros']
[0.253s] Level 1:colcon.colcon_core.package_identification:_identify(july_9) by extension 'ros'
[0.256s] DEBUG:colcon.colcon_core.package_identification:Package 'july_9' with type 'ros.ament_cmake' and name 'july_9'
[0.256s] Level 1:colcon.colcon_core.package_identification:_identify(laser_republisher_pkg) by extensions ['ignore', 'ignore_ament_install']
[0.256s] Level 1:colcon.colcon_core.package_identification:_identify(laser_republisher_pkg) by extension 'ignore'
[0.256s] Level 1:colcon.colcon_core.package_identification:_identify(laser_republisher_pkg) by extension 'ignore_ament_install'
[0.256s] Level 1:colcon.colcon_core.package_identification:_identify(laser_republisher_pkg) by extensions ['colcon_pkg']
[0.256s] Level 1:colcon.colcon_core.package_identification:_identify(laser_republisher_pkg) by extension 'colcon_pkg'
[0.256s] Level 1:colcon.colcon_core.package_identification:_identify(laser_republisher_pkg) by extensions ['colcon_meta']
[0.256s] Level 1:colcon.colcon_core.package_identification:_identify(laser_republisher_pkg) by extension 'colcon_meta'
[0.256s] Level 1:colcon.colcon_core.package_identification:_identify(laser_republisher_pkg) by extensions ['ros']
[0.256s] Level 1:colcon.colcon_core.package_identification:_identify(laser_republisher_pkg) by extension 'ros'
[0.256s] DEBUG:colcon.colcon_core.package_identification:Package 'laser_republisher_pkg' with type 'ros.ament_cmake' and name 'laser_republisher_pkg'
[0.257s] Level 1:colcon.colcon_core.package_identification:_identify(log) by extensions ['ignore', 'ignore_ament_install']
[0.257s] Level 1:colcon.colcon_core.package_identification:_identify(log) by extension 'ignore'
[0.257s] Level 1:colcon.colcon_core.package_identification:_identify(log) ignored
[0.257s] Level 1:colcon.colcon_core.package_identification:_identify(my_tf2_broadcaster) by extensions ['ignore', 'ignore_ament_install']
[0.257s] Level 1:colcon.colcon_core.package_identification:_identify(my_tf2_broadcaster) by extension 'ignore'
[0.257s] Level 1:colcon.colcon_core.package_identification:_identify(my_tf2_broadcaster) by extension 'ignore_ament_install'
[0.257s] Level 1:colcon.colcon_core.package_identification:_identify(my_tf2_broadcaster) by extensions ['colcon_pkg']
[0.257s] Level 1:colcon.colcon_core.package_identification:_identify(my_tf2_broadcaster) by extension 'colcon_pkg'
[0.257s] Level 1:colcon.colcon_core.package_identification:_identify(my_tf2_broadcaster) by extensions ['colcon_meta']
[0.257s] Level 1:colcon.colcon_core.package_identification:_identify(my_tf2_broadcaster) by extension 'colcon_meta'
[0.257s] Level 1:colcon.colcon_core.package_identification:_identify(my_tf2_broadcaster) by extensions ['ros']
[0.257s] Level 1:colcon.colcon_core.package_identification:_identify(my_tf2_broadcaster) by extension 'ros'
[0.257s] DEBUG:colcon.colcon_core.package_identification:Package 'my_tf2_broadcaster' with type 'ros.ament_python' and name 'my_tf2_broadcaster'
[0.258s] Level 1:colcon.colcon_core.package_discovery:discover_packages(recursive) using defaults
[0.258s] Level 1:colcon.colcon_core.package_discovery:discover_packages(ignore) discover
[0.258s] Level 1:colcon.colcon_core.package_discovery:discover_packages(ignore) using defaults
[0.258s] Level 1:colcon.colcon_core.package_discovery:discover_packages(path) discover
[0.258s] Level 1:colcon.colcon_core.package_discovery:discover_packages(path) using defaults
[0.275s] Level 1:colcon.colcon_core.package_discovery:discover_packages(prefix_path) check parameters
[0.275s] Level 1:colcon.colcon_core.package_discovery:discover_packages(prefix_path) discover
[0.276s] DEBUG:colcon.colcon_installed_package_information.package_discovery:Found 3 installed packages in /home/pohrselvan/ros2_ws/src/install
[0.277s] DEBUG:colcon.colcon_installed_package_information.package_discovery:Found 7 installed packages in /home/pohrselvan/orange_ros2/install
[0.278s] DEBUG:colcon.colcon_installed_package_information.package_discovery:Found 390 installed packages in /opt/ros/humble
[0.291s] Level 1:colcon.colcon_core.package_discovery:discover_packages(prefix_path) using defaults
[0.330s] Level 5:colcon.colcon_core.verb:set package 'laser_republisher_pkg' build argument 'cmake_args' from command line to 'None'
[0.330s] Level 5:colcon.colcon_core.verb:set package 'laser_republisher_pkg' build argument 'cmake_target' from command line to 'None'
[0.330s] Level 5:colcon.colcon_core.verb:set package 'laser_republisher_pkg' build argument 'cmake_target_skip_unavailable' from command line to 'False'
[0.330s] Level 5:colcon.colcon_core.verb:set package 'laser_republisher_pkg' build argument 'cmake_clean_cache' from command line to 'False'
[0.330s] Level 5:colcon.colcon_core.verb:set package 'laser_republisher_pkg' build argument 'cmake_clean_first' from command line to 'False'
[0.330s] Level 5:colcon.colcon_core.verb:set package 'laser_republisher_pkg' build argument 'cmake_force_configure' from command line to 'False'
[0.330s] Level 5:colcon.colcon_core.verb:set package 'laser_republisher_pkg' build argument 'ament_cmake_args' from command line to 'None'
[0.330s] Level 5:colcon.colcon_core.verb:set package 'laser_republisher_pkg' build argument 'catkin_cmake_args' from command line to 'None'
[0.330s] Level 5:colcon.colcon_core.verb:set package 'laser_republisher_pkg' build argument 'catkin_skip_building_tests' from command line to 'False'
[0.330s] DEBUG:colcon.colcon_core.verb:Building package 'laser_republisher_pkg' with the following arguments: {'ament_cmake_args': None, 'build_base': '/home/pohrselvan/ros2_ws/src/build/laser_republisher_pkg', 'catkin_cmake_args': None, 'catkin_skip_building_tests': False, 'cmake_args': None, 'cmake_clean_cache': False, 'cmake_clean_first': False, 'cmake_force_configure': False, 'cmake_target': None, 'cmake_target_skip_unavailable': False, 'install_base': '/home/pohrselvan/ros2_ws/src/install/laser_republisher_pkg', 'merge_install': False, 'path': '/home/pohrselvan/ros2_ws/src/laser_republisher_pkg', 'symlink_install': False, 'test_result_base': None}
[0.330s] Level 5:colcon.colcon_core.verb:set package 'my_tf2_broadcaster' build argument 'cmake_args' from command line to 'None'
[0.331s] Level 5:colcon.colcon_core.verb:set package 'my_tf2_broadcaster' build argument 'cmake_target' from command line to 'None'
[0.331s] Level 5:colcon.colcon_core.verb:set package 'my_tf2_broadcaster' build argument 'cmake_target_skip_unavailable' from command line to 'False'
[0.331s] Level 5:colcon.colcon_core.verb:set package 'my_tf2_broadcaster' build argument 'cmake_clean_cache' from command line to 'False'
[0.331s] Level 5:colcon.colcon_core.verb:set package 'my_tf2_broadcaster' build argument 'cmake_clean_first' from command line to 'False'
[0.331s] Level 5:colcon.colcon_core.verb:set package 'my_tf2_broadcaster' build argument 'cmake_force_configure' from command line to 'False'
[0.331s] Level 5:colcon.colcon_core.verb:set package 'my_tf2_broadcaster' build argument 'ament_cmake_args' from command line to 'None'
[0.331s] Level 5:colcon.colcon_core.verb:set package 'my_tf2_broadcaster' build argument 'catkin_cmake_args' from command line to 'None'
[0.331s] Level 5:colcon.colcon_core.verb:set package 'my_tf2_broadcaster' build argument 'catkin_skip_building_tests' from command line to 'False'
[0.331s] DEBUG:colcon.colcon_core.verb:Building package 'my_tf2_broadcaster' with the following arguments: {'ament_cmake_args': None, 'build_base': '/home/pohrselvan/ros2_ws/src/build/my_tf2_broadcaster', 'catkin_cmake_args': None, 'catkin_skip_building_tests': False, 'cmake_args': None, 'cmake_clean_cache': False, 'cmake_clean_first': False, 'cmake_force_configure': False, 'cmake_target': None, 'cmake_target_skip_unavailable': False, 'install_base': '/home/pohrselvan/ros2_ws/src/install/my_tf2_broadcaster', 'merge_install': False, 'path': '/home/pohrselvan/ros2_ws/src/my_tf2_broadcaster', 'symlink_install': False, 'test_result_base': None}
[0.331s] Level 5:colcon.colcon_core.verb:set package 'july_9' build argument 'cmake_args' from command line to 'None'
[0.331s] Level 5:colcon.colcon_core.verb:set package 'july_9' build argument 'cmake_target' from command line to 'None'
[0.331s] Level 5:colcon.colcon_core.verb:set package 'july_9' build argument 'cmake_target_skip_unavailable' from command line to 'False'
[0.331s] Level 5:colcon.colcon_core.verb:set package 'july_9' build argument 'cmake_clean_cache' from command line to 'False'
[0.331s] Level 5:colcon.colcon_core.verb:set package 'july_9' build argument 'cmake_clean_first' from command line to 'False'
[0.331s] Level 5:colcon.colcon_core.verb:set package 'july_9' build argument 'cmake_force_configure' from command line to 'False'
[0.331s] Level 5:colcon.colcon_core.verb:set package 'july_9' build argument 'ament_cmake_args' from command line to 'None'
[0.331s] Level 5:colcon.colcon_core.verb:set package 'july_9' build argument 'catkin_cmake_args' from command line to 'None'
[0.331s] Level 5:colcon.colcon_core.verb:set package 'july_9' build argument 'catkin_skip_building_tests' from command line to 'False'
[0.331s] DEBUG:colcon.colcon_core.verb:Building package 'july_9' with the following arguments: {'ament_cmake_args': None, 'build_base': '/home/pohrselvan/ros2_ws/src/build/july_9', 'catkin_cmake_args': None, 'catkin_skip_building_tests': False, 'cmake_args': None, 'cmake_clean_cache': False, 'cmake_clean_first': False, 'cmake_force_configure': False, 'cmake_target': None, 'cmake_target_skip_unavailable': False, 'install_base': '/home/pohrselvan/ros2_ws/src/install/july_9', 'merge_install': False, 'path': '/home/pohrselvan/ros2_ws/src/july_9', 'symlink_install': False, 'test_result_base': None}
[0.331s] INFO:colcon.colcon_core.executor:Executing jobs using 'parallel' executor
[0.332s] DEBUG:colcon.colcon_parallel_executor.executor.parallel:run_until_complete
[0.332s] INFO:colcon.colcon_ros.task.ament_cmake.build:Building ROS package in '/home/pohrselvan/ros2_ws/src/laser_republisher_pkg' with build type 'ament_cmake'
[0.333s] INFO:colcon.colcon_cmake.task.cmake.build:Building CMake package in '/home/pohrselvan/ros2_ws/src/laser_republisher_pkg'
[0.334s] INFO:colcon.colcon_core.plugin_system:Skipping extension 'colcon_core.shell.bat': Not used on non-Windows systems
[0.334s] INFO:colcon.colcon_core.shell:Skip shell extension 'powershell' for command environment: Not usable outside of PowerShell
[0.334s] DEBUG:colcon.colcon_core.shell:Skip shell extension 'dsv' for command environment
[0.338s] INFO:colcon.colcon_ros.task.ament_python.build:Building ROS package in '/home/pohrselvan/ros2_ws/src/my_tf2_broadcaster' with build type 'ament_python'
[0.338s] Level 1:colcon.colcon_core.shell:create_environment_hook('my_tf2_broadcaster', 'ament_prefix_path')
[0.338s] INFO:colcon.colcon_core.shell:Creating environment hook '/home/pohrselvan/ros2_ws/src/install/my_tf2_broadcaster/share/my_tf2_broadcaster/hook/ament_prefix_path.ps1'
[0.339s] INFO:colcon.colcon_core.shell:Creating environment descriptor '/home/pohrselvan/ros2_ws/src/install/my_tf2_broadcaster/share/my_tf2_broadcaster/hook/ament_prefix_path.dsv'
[0.340s] INFO:colcon.colcon_core.shell:Creating environment hook '/home/pohrselvan/ros2_ws/src/install/my_tf2_broadcaster/share/my_tf2_broadcaster/hook/ament_prefix_path.sh'
[0.340s] INFO:colcon.colcon_core.shell:Skip shell extension 'powershell' for command environment: Not usable outside of PowerShell
[0.340s] DEBUG:colcon.colcon_core.shell:Skip shell extension 'dsv' for command environment
[0.349s] DEBUG:colcon.colcon_core.event_handler.log_command:Invoking command in '/home/pohrselvan/ros2_ws/src/build/laser_republisher_pkg': CMAKE_PREFIX_PATH=${CMAKE_PREFIX_PATH}:/home/pohrselvan/orange_ros2/install/orange_teleop:/home/pohrselvan/orange_ros2/install/orange_bringup:/opt/ros/humble /usr/bin/cmake --build /home/pohrselvan/ros2_ws/src/build/laser_republisher_pkg -- -j4 -l4
[0.591s] WARNING:colcon.colcon_ros.task.ament_python.build:Package 'my_tf2_broadcaster' doesn't explicitly install a marker in the package index (colcon-ros currently does it implicitly but that fallback will be removed in the future)
[0.591s] WARNING:colcon.colcon_ros.task.ament_python.build:Package 'my_tf2_broadcaster' doesn't explicitly install the 'package.xml' file (colcon-ros currently does it implicitly but that fallback will be removed in the future)
[0.591s] INFO:colcon.colcon_core.task.python.build:Building Python package in '/home/pohrselvan/ros2_ws/src/my_tf2_broadcaster'
[0.591s] INFO:colcon.colcon_core.shell:Skip shell extension 'powershell' for command environment: Not usable outside of PowerShell
[0.592s] DEBUG:colcon.colcon_core.shell:Skip shell extension 'dsv' for command environment
[0.596s] DEBUG:colcon.colcon_core.event_handler.log_command:Invoked command in '/home/pohrselvan/ros2_ws/src/build/laser_republisher_pkg' returned '0': CMAKE_PREFIX_PATH=${CMAKE_PREFIX_PATH}:/home/pohrselvan/orange_ros2/install/orange_teleop:/home/pohrselvan/orange_ros2/install/orange_bringup:/opt/ros/humble /usr/bin/cmake --build /home/pohrselvan/ros2_ws/src/build/laser_republisher_pkg -- -j4 -l4
[0.632s] DEBUG:colcon.colcon_core.event_handler.log_command:Invoking command in '/home/pohrselvan/ros2_ws/src/build/laser_republisher_pkg': CMAKE_PREFIX_PATH=${CMAKE_PREFIX_PATH}:/home/pohrselvan/orange_ros2/install/orange_teleop:/home/pohrselvan/orange_ros2/install/orange_bringup:/opt/ros/humble /usr/bin/cmake --install /home/pohrselvan/ros2_ws/src/build/laser_republisher_pkg
[0.642s] Level 1:colcon.colcon_core.environment:create_environment_scripts_only(laser_republisher_pkg)
[0.642s] DEBUG:colcon.colcon_core.event_handler.log_command:Invoked command in '/home/pohrselvan/ros2_ws/src/build/laser_republisher_pkg' returned '0': CMAKE_PREFIX_PATH=${CMAKE_PREFIX_PATH}:/home/pohrselvan/orange_ros2/install/orange_teleop:/home/pohrselvan/orange_ros2/install/orange_bringup:/opt/ros/humble /usr/bin/cmake --install /home/pohrselvan/ros2_ws/src/build/laser_republisher_pkg
[0.644s] Level 1:colcon.colcon_core.environment:checking '/home/pohrselvan/ros2_ws/src/install/laser_republisher_pkg' for CMake module files
[0.645s] Level 1:colcon.colcon_core.environment:checking '/home/pohrselvan/ros2_ws/src/install/laser_republisher_pkg' for CMake config files
[0.645s] Level 1:colcon.colcon_core.shell:create_environment_hook('laser_republisher_pkg', 'cmake_prefix_path')
[0.645s] INFO:colcon.colcon_core.shell:Creating environment hook '/home/pohrselvan/ros2_ws/src/install/laser_republisher_pkg/share/laser_republisher_pkg/hook/cmake_prefix_path.ps1'
[0.645s] INFO:colcon.colcon_core.shell:Creating environment descriptor '/home/pohrselvan/ros2_ws/src/install/laser_republisher_pkg/share/laser_republisher_pkg/hook/cmake_prefix_path.dsv'
[0.646s] INFO:colcon.colcon_core.shell:Creating environment hook '/home/pohrselvan/ros2_ws/src/install/laser_republisher_pkg/share/laser_republisher_pkg/hook/cmake_prefix_path.sh'
[0.646s] Level 1:colcon.colcon_core.environment:checking '/home/pohrselvan/ros2_ws/src/install/laser_republisher_pkg/lib'
[0.646s] Level 1:colcon.colcon_core.environment:checking '/home/pohrselvan/ros2_ws/src/install/laser_republisher_pkg/bin'
[0.646s] Level 1:colcon.colcon_core.environment:checking '/home/pohrselvan/ros2_ws/src/install/laser_republisher_pkg/lib/pkgconfig/laser_republisher_pkg.pc'
[0.647s] Level 1:colcon.colcon_core.environment:checking '/home/pohrselvan/ros2_ws/src/install/laser_republisher_pkg/lib/python3.10/site-packages'
[0.647s] Level 1:colcon.colcon_core.environment:checking '/home/pohrselvan/ros2_ws/src/install/laser_republisher_pkg/bin'
[0.647s] INFO:colcon.colcon_core.shell:Creating package script '/home/pohrselvan/ros2_ws/src/install/laser_republisher_pkg/share/laser_republisher_pkg/package.ps1'
[0.648s] INFO:colcon.colcon_core.shell:Creating package descriptor '/home/pohrselvan/ros2_ws/src/install/laser_republisher_pkg/share/laser_republisher_pkg/package.dsv'
[0.649s] INFO:colcon.colcon_core.shell:Creating package script '/home/pohrselvan/ros2_ws/src/install/laser_republisher_pkg/share/laser_republisher_pkg/package.sh'
[0.650s] INFO:colcon.colcon_core.shell:Creating package script '/home/pohrselvan/ros2_ws/src/install/laser_republisher_pkg/share/laser_republisher_pkg/package.bash'
[0.651s] INFO:colcon.colcon_core.shell:Creating package script '/home/pohrselvan/ros2_ws/src/install/laser_republisher_pkg/share/laser_republisher_pkg/package.zsh'
[0.652s] Level 1:colcon.colcon_core.environment:create_file_with_runtime_dependencies(/home/pohrselvan/ros2_ws/src/install/laser_republisher_pkg/share/colcon-core/packages/laser_republisher_pkg)
[0.682s] Level 1:colcon.colcon_core.environment:create_environment_scripts_only(laser_republisher_pkg)
[0.683s] Level 1:colcon.colcon_core.environment:checking '/home/pohrselvan/ros2_ws/src/install/laser_republisher_pkg' for CMake module files
[0.683s] Level 1:colcon.colcon_core.environment:checking '/home/pohrselvan/ros2_ws/src/install/laser_republisher_pkg' for CMake config files
[0.684s] Level 1:colcon.colcon_core.shell:create_environment_hook('laser_republisher_pkg', 'cmake_prefix_path')
[0.684s] INFO:colcon.colcon_core.shell:Creating environment hook '/home/pohrselvan/ros2_ws/src/install/laser_republisher_pkg/share/laser_republisher_pkg/hook/cmake_prefix_path.ps1'
[0.685s] INFO:colcon.colcon_core.shell:Creating environment descriptor '/home/pohrselvan/ros2_ws/src/install/laser_republisher_pkg/share/laser_republisher_pkg/hook/cmake_prefix_path.dsv'
[0.685s] INFO:colcon.colcon_core.shell:Creating environment hook '/home/pohrselvan/ros2_ws/src/install/laser_republisher_pkg/share/laser_republisher_pkg/hook/cmake_prefix_path.sh'
[0.685s] Level 1:colcon.colcon_core.environment:checking '/home/pohrselvan/ros2_ws/src/install/laser_republisher_pkg/lib'
[0.686s] Level 1:colcon.colcon_core.environment:checking '/home/pohrselvan/ros2_ws/src/install/laser_republisher_pkg/bin'
[0.686s] Level 1:colcon.colcon_core.environment:checking '/home/pohrselvan/ros2_ws/src/install/laser_republisher_pkg/lib/pkgconfig/laser_republisher_pkg.pc'
[0.686s] Level 1:colcon.colcon_core.environment:checking '/home/pohrselvan/ros2_ws/src/install/laser_republisher_pkg/lib/python3.10/site-packages'
[0.686s] Level 1:colcon.colcon_core.environment:checking '/home/pohrselvan/ros2_ws/src/install/laser_republisher_pkg/bin'
[0.687s] INFO:colcon.colcon_core.shell:Creating package script '/home/pohrselvan/ros2_ws/src/install/laser_republisher_pkg/share/laser_republisher_pkg/package.ps1'
[0.687s] INFO:colcon.colcon_core.shell:Creating package descriptor '/home/pohrselvan/ros2_ws/src/install/laser_republisher_pkg/share/laser_republisher_pkg/package.dsv'
[0.688s] INFO:colcon.colcon_core.shell:Creating package script '/home/pohrselvan/ros2_ws/src/install/laser_republisher_pkg/share/laser_republisher_pkg/package.sh'
[0.689s] INFO:colcon.colcon_core.shell:Creating package script '/home/pohrselvan/ros2_ws/src/install/laser_republisher_pkg/share/laser_republisher_pkg/package.bash'
[0.690s] INFO:colcon.colcon_core.shell:Creating package script '/home/pohrselvan/ros2_ws/src/install/laser_republisher_pkg/share/laser_republisher_pkg/package.zsh'
[0.691s] Level 1:colcon.colcon_core.environment:create_file_with_runtime_dependencies(/home/pohrselvan/ros2_ws/src/install/laser_republisher_pkg/share/colcon-core/packages/laser_republisher_pkg)
[0.692s] INFO:colcon.colcon_ros.task.ament_cmake.build:Building ROS package in '/home/pohrselvan/ros2_ws/src/july_9' with build type 'ament_cmake'
[0.692s] INFO:colcon.colcon_cmake.task.cmake.build:Building CMake package in '/home/pohrselvan/ros2_ws/src/july_9'
[0.693s] INFO:colcon.colcon_core.shell:Skip shell extension 'powershell' for command environment: Not usable outside of PowerShell
[0.693s] DEBUG:colcon.colcon_core.shell:Skip shell extension 'dsv' for command environment
[0.703s] DEBUG:colcon.colcon_core.event_handler.log_command:Invoking command in '/home/pohrselvan/ros2_ws/src/build/july_9': CMAKE_PREFIX_PATH=/home/pohrselvan/ros2_ws/src/install/laser_republisher_pkg:/home/pohrselvan/ros2_ws/src/install/july_9:/home/pohrselvan/orange_ros2/install/orange_slam:/home/pohrselvan/orange_ros2/install/orange_navigation:/home/pohrselvan/orange_ros2/install/orange_gazebo:/home/pohrselvan/orange_ros2/install/orange_description:/home/pohrselvan/orange_ros2/install/orange_sensor_tools:/home/pohrselvan/orange_ros2/install/orange_teleop:/home/pohrselvan/orange_ros2/install/orange_bringup:/opt/ros/humble /usr/bin/cmake --build /home/pohrselvan/ros2_ws/src/build/july_9 -- -j4 -l4
[0.741s] DEBUG:colcon.colcon_core.event_handler.log_command:Invoked command in '/home/pohrselvan/ros2_ws/src/build/july_9' returned '0': CMAKE_PREFIX_PATH=/home/pohrselvan/ros2_ws/src/install/laser_republisher_pkg:/home/pohrselvan/ros2_ws/src/install/july_9:/home/pohrselvan/orange_ros2/install/orange_slam:/home/pohrselvan/orange_ros2/install/orange_navigation:/home/pohrselvan/orange_ros2/install/orange_gazebo:/home/pohrselvan/orange_ros2/install/orange_description:/home/pohrselvan/orange_ros2/install/orange_sensor_tools:/home/pohrselvan/orange_ros2/install/orange_teleop:/home/pohrselvan/orange_ros2/install/orange_bringup:/opt/ros/humble /usr/bin/cmake --build /home/pohrselvan/ros2_ws/src/build/july_9 -- -j4 -l4
[0.764s] DEBUG:colcon.colcon_core.event_handler.log_command:Invoking command in '/home/pohrselvan/ros2_ws/src/build/july_9': CMAKE_PREFIX_PATH=/home/pohrselvan/ros2_ws/src/install/laser_republisher_pkg:/home/pohrselvan/ros2_ws/src/install/july_9:/home/pohrselvan/orange_ros2/install/orange_slam:/home/pohrselvan/orange_ros2/install/orange_navigation:/home/pohrselvan/orange_ros2/install/orange_gazebo:/home/pohrselvan/orange_ros2/install/orange_description:/home/pohrselvan/orange_ros2/install/orange_sensor_tools:/home/pohrselvan/orange_ros2/install/orange_teleop:/home/pohrselvan/orange_ros2/install/orange_bringup:/opt/ros/humble /usr/bin/cmake --install /home/pohrselvan/ros2_ws/src/build/july_9
[0.774s] Level 1:colcon.colcon_core.environment:create_environment_scripts_only(july_9)
[0.775s] Level 1:colcon.colcon_core.environment:checking '/home/pohrselvan/ros2_ws/src/install/july_9' for CMake module files
[0.776s] Level 1:colcon.colcon_core.environment:checking '/home/pohrselvan/ros2_ws/src/install/july_9' for CMake config files
[0.777s] Level 1:colcon.colcon_core.shell:create_environment_hook('july_9', 'cmake_prefix_path')
[0.777s] INFO:colcon.colcon_core.shell:Creating environment hook '/home/pohrselvan/ros2_ws/src/install/july_9/share/july_9/hook/cmake_prefix_path.ps1'
[0.778s] DEBUG:colcon.colcon_core.event_handler.log_command:Invoked command in '/home/pohrselvan/ros2_ws/src/build/july_9' returned '0': CMAKE_PREFIX_PATH=/home/pohrselvan/ros2_ws/src/install/laser_republisher_pkg:/home/pohrselvan/ros2_ws/src/install/july_9:/home/pohrselvan/orange_ros2/install/orange_slam:/home/pohrselvan/orange_ros2/install/orange_navigation:/home/pohrselvan/orange_ros2/install/orange_gazebo:/home/pohrselvan/orange_ros2/install/orange_description:/home/pohrselvan/orange_ros2/install/orange_sensor_tools:/home/pohrselvan/orange_ros2/install/orange_teleop:/home/pohrselvan/orange_ros2/install/orange_bringup:/opt/ros/humble /usr/bin/cmake --install /home/pohrselvan/ros2_ws/src/build/july_9
[0.778s] INFO:colcon.colcon_core.shell:Creating environment descriptor '/home/pohrselvan/ros2_ws/src/install/july_9/share/july_9/hook/cmake_prefix_path.dsv'
[0.779s] INFO:colcon.colcon_core.shell:Creating environment hook '/home/pohrselvan/ros2_ws/src/install/july_9/share/july_9/hook/cmake_prefix_path.sh'
[0.779s] Level 1:colcon.colcon_core.environment:checking '/home/pohrselvan/ros2_ws/src/install/july_9/bin'
[0.779s] Level 1:colcon.colcon_core.environment:checking '/home/pohrselvan/ros2_ws/src/install/july_9/lib/pkgconfig/july_9.pc'
[0.780s] Level 1:colcon.colcon_core.environment:checking '/home/pohrselvan/ros2_ws/src/install/july_9/lib/python3.10/site-packages'
[0.780s] Level 1:colcon.colcon_core.environment:checking '/home/pohrselvan/ros2_ws/src/install/july_9/bin'
[0.780s] INFO:colcon.colcon_core.shell:Creating package script '/home/pohrselvan/ros2_ws/src/install/july_9/share/july_9/package.ps1'
[0.781s] INFO:colcon.colcon_core.shell:Creating package descriptor '/home/pohrselvan/ros2_ws/src/install/july_9/share/july_9/package.dsv'
[0.781s] INFO:colcon.colcon_core.shell:Creating package script '/home/pohrselvan/ros2_ws/src/install/july_9/share/july_9/package.sh'
[0.782s] INFO:colcon.colcon_core.shell:Creating package script '/home/pohrselvan/ros2_ws/src/install/july_9/share/july_9/package.bash'
[0.782s] INFO:colcon.colcon_core.shell:Creating package script '/home/pohrselvan/ros2_ws/src/install/july_9/share/july_9/package.zsh'
[0.782s] Level 1:colcon.colcon_core.environment:create_file_with_runtime_dependencies(/home/pohrselvan/ros2_ws/src/install/july_9/share/colcon-core/packages/july_9)
[0.804s] Level 1:colcon.colcon_core.environment:create_environment_scripts_only(july_9)
[0.804s] Level 1:colcon.colcon_core.environment:checking '/home/pohrselvan/ros2_ws/src/install/july_9' for CMake module files
[0.805s] Level 1:colcon.colcon_core.environment:checking '/home/pohrselvan/ros2_ws/src/install/july_9' for CMake config files
[0.805s] Level 1:colcon.colcon_core.shell:create_environment_hook('july_9', 'cmake_prefix_path')
[0.805s] INFO:colcon.colcon_core.shell:Creating environment hook '/home/pohrselvan/ros2_ws/src/install/july_9/share/july_9/hook/cmake_prefix_path.ps1'
[0.806s] INFO:colcon.colcon_core.shell:Creating environment descriptor '/home/pohrselvan/ros2_ws/src/install/july_9/share/july_9/hook/cmake_prefix_path.dsv'
[0.806s] INFO:colcon.colcon_core.shell:Creating environment hook '/home/pohrselvan/ros2_ws/src/install/july_9/share/july_9/hook/cmake_prefix_path.sh'
[0.807s] Level 1:colcon.colcon_core.environment:checking '/home/pohrselvan/ros2_ws/src/install/july_9/bin'
[0.807s] Level 1:colcon.colcon_core.environment:checking '/home/pohrselvan/ros2_ws/src/install/july_9/lib/pkgconfig/july_9.pc'
[0.807s] Level 1:colcon.colcon_core.environment:checking '/home/pohrselvan/ros2_ws/src/install/july_9/lib/python3.10/site-packages'
[0.807s] Level 1:colcon.colcon_core.environment:checking '/home/pohrselvan/ros2_ws/src/install/july_9/bin'
[0.808s] INFO:colcon.colcon_core.shell:Creating package script '/home/pohrselvan/ros2_ws/src/install/july_9/share/july_9/package.ps1'
[0.808s] INFO:colcon.colcon_core.shell:Creating package descriptor '/home/pohrselvan/ros2_ws/src/install/july_9/share/july_9/package.dsv'
[0.808s] INFO:colcon.colcon_core.shell:Creating package script '/home/pohrselvan/ros2_ws/src/install/july_9/share/july_9/package.sh'
[0.809s] INFO:colcon.colcon_core.shell:Creating package script '/home/pohrselvan/ros2_ws/src/install/july_9/share/july_9/package.bash'
[0.809s] INFO:colcon.colcon_core.shell:Creating package script '/home/pohrselvan/ros2_ws/src/install/july_9/share/july_9/package.zsh'
[0.810s] Level 1:colcon.colcon_core.environment:create_file_with_runtime_dependencies(/home/pohrselvan/ros2_ws/src/install/july_9/share/colcon-core/packages/july_9)
[0.960s] DEBUG:colcon.colcon_core.event_handler.log_command:Invoking command in '/home/pohrselvan/ros2_ws/src/my_tf2_broadcaster': PYTHONPATH=/home/pohrselvan/ros2_ws/src/build/my_tf2_broadcaster/prefix_override:/usr/lib/python3/dist-packages/colcon_core/task/python/colcon_distutils_commands:/home/pohrselvan/ros2_ws/src/install/my_tf2_broadcaster/lib/python3.10/site-packages:${PYTHONPATH} /usr/bin/python3 -W ignore:setup.py install is deprecated setup.py egg_info --egg-base ../build/my_tf2_broadcaster build --build-base /home/pohrselvan/ros2_ws/src/build/my_tf2_broadcaster/build install --record /home/pohrselvan/ros2_ws/src/build/my_tf2_broadcaster/install.log --single-version-externally-managed
[1.225s] Level 1:colcon.colcon_core.environment:checking '/home/pohrselvan/ros2_ws/src/install/my_tf2_broadcaster' for CMake module files
[1.226s] Level 1:colcon.colcon_core.environment:checking '/home/pohrselvan/ros2_ws/src/install/my_tf2_broadcaster' for CMake config files
[1.226s] DEBUG:colcon.colcon_core.event_handler.log_command:Invoked command in '/home/pohrselvan/ros2_ws/src/my_tf2_broadcaster' returned '0': PYTHONPATH=/home/pohrselvan/ros2_ws/src/build/my_tf2_broadcaster/prefix_override:/usr/lib/python3/dist-packages/colcon_core/task/python/colcon_distutils_commands:/home/pohrselvan/ros2_ws/src/install/my_tf2_broadcaster/lib/python3.10/site-packages:${PYTHONPATH} /usr/bin/python3 -W ignore:setup.py install is deprecated setup.py egg_info --egg-base ../build/my_tf2_broadcaster build --build-base /home/pohrselvan/ros2_ws/src/build/my_tf2_broadcaster/build install --record /home/pohrselvan/ros2_ws/src/build/my_tf2_broadcaster/install.log --single-version-externally-managed
[1.226s] Level 1:colcon.colcon_core.environment:checking '/home/pohrselvan/ros2_ws/src/install/my_tf2_broadcaster/lib'
[1.226s] Level 1:colcon.colcon_core.environment:checking '/home/pohrselvan/ros2_ws/src/install/my_tf2_broadcaster/bin'
[1.227s] Level 1:colcon.colcon_core.environment:checking '/home/pohrselvan/ros2_ws/src/install/my_tf2_broadcaster/lib/pkgconfig/my_tf2_broadcaster.pc'
[1.227s] Level 1:colcon.colcon_core.environment:checking '/home/pohrselvan/ros2_ws/src/install/my_tf2_broadcaster/lib/python3.10/site-packages'
[1.227s] Level 1:colcon.colcon_core.shell:create_environment_hook('my_tf2_broadcaster', 'pythonpath')
[1.227s] INFO:colcon.colcon_core.shell:Creating environment hook '/home/pohrselvan/ros2_ws/src/install/my_tf2_broadcaster/share/my_tf2_broadcaster/hook/pythonpath.ps1'
[1.227s] INFO:colcon.colcon_core.shell:Creating environment descriptor '/home/pohrselvan/ros2_ws/src/install/my_tf2_broadcaster/share/my_tf2_broadcaster/hook/pythonpath.dsv'
[1.228s] INFO:colcon.colcon_core.shell:Creating environment hook '/home/pohrselvan/ros2_ws/src/install/my_tf2_broadcaster/share/my_tf2_broadcaster/hook/pythonpath.sh'
[1.228s] Level 1:colcon.colcon_core.environment:checking '/home/pohrselvan/ros2_ws/src/install/my_tf2_broadcaster/bin'
[1.228s] Level 1:colcon.colcon_core.environment:create_environment_scripts_only(my_tf2_broadcaster)
[1.228s] INFO:colcon.colcon_core.shell:Creating package script '/home/pohrselvan/ros2_ws/src/install/my_tf2_broadcaster/share/my_tf2_broadcaster/package.ps1'
[1.229s] INFO:colcon.colcon_core.shell:Creating package descriptor '/home/pohrselvan/ros2_ws/src/install/my_tf2_broadcaster/share/my_tf2_broadcaster/package.dsv'
[1.229s] INFO:colcon.colcon_core.shell:Creating package script '/home/pohrselvan/ros2_ws/src/install/my_tf2_broadcaster/share/my_tf2_broadcaster/package.sh'
[1.229s] INFO:colcon.colcon_core.shell:Creating package script '/home/pohrselvan/ros2_ws/src/install/my_tf2_broadcaster/share/my_tf2_broadcaster/package.bash'
[1.229s] INFO:colcon.colcon_core.shell:Creating package script '/home/pohrselvan/ros2_ws/src/install/my_tf2_broadcaster/share/my_tf2_broadcaster/package.zsh'
[1.230s] Level 1:colcon.colcon_core.environment:create_file_with_runtime_dependencies(/home/pohrselvan/ros2_ws/src/install/my_tf2_broadcaster/share/colcon-core/packages/my_tf2_broadcaster)
[1.230s] DEBUG:colcon.colcon_parallel_executor.executor.parallel:closing loop
[1.230s] DEBUG:colcon.colcon_parallel_executor.executor.parallel:loop closed
[1.230s] DEBUG:colcon.colcon_parallel_executor.executor.parallel:run_until_complete finished with '0'
[1.230s] DEBUG:colcon.colcon_core.event_reactor:joining thread
[1.235s] INFO:colcon.colcon_core.plugin_system:Skipping extension 'colcon_notification.desktop_notification.terminal_notifier': Not used on non-Darwin systems
[1.235s] INFO:colcon.colcon_core.plugin_system:Skipping extension 'colcon_notification.desktop_notification.win32': Not used on non-Windows systems
[1.235s] INFO:colcon.colcon_notification.desktop_notification:Sending desktop notification using 'notify2'
[1.244s] DEBUG:colcon.colcon_core.event_reactor:joined thread
[1.245s] INFO:colcon.colcon_core.shell:Creating prefix script '/home/pohrselvan/ros2_ws/src/install/local_setup.ps1'
[1.246s] INFO:colcon.colcon_core.shell:Creating prefix util module '/home/pohrselvan/ros2_ws/src/install/_local_setup_util_ps1.py'
[1.248s] INFO:colcon.colcon_core.shell:Creating prefix chain script '/home/pohrselvan/ros2_ws/src/install/setup.ps1'
[1.249s] INFO:colcon.colcon_core.shell:Creating prefix script '/home/pohrselvan/ros2_ws/src/install/local_setup.sh'
[1.250s] INFO:colcon.colcon_core.shell:Creating prefix util module '/home/pohrselvan/ros2_ws/src/install/_local_setup_util_sh.py'
[1.250s] INFO:colcon.colcon_core.shell:Creating prefix chain script '/home/pohrselvan/ros2_ws/src/install/setup.sh'
[1.251s] INFO:colcon.colcon_core.shell:Creating prefix script '/home/pohrselvan/ros2_ws/src/install/local_setup.bash'
[1.252s] INFO:colcon.colcon_core.shell:Creating prefix chain script '/home/pohrselvan/ros2_ws/src/install/setup.bash'
[1.253s] INFO:colcon.colcon_core.shell:Creating prefix script '/home/pohrselvan/ros2_ws/src/install/local_setup.zsh'
[1.253s] INFO:colcon.colcon_core.shell:Creating prefix chain script '/home/pohrselvan/ros2_ws/src/install/setup.zsh'
