[0.017s] Invoking command in '/home/pohrselvan/ros2_ws/src/build/laser_republisher_pkg': CMAKE_PREFIX_PATH=${CMAKE_PREFIX_PATH}:/home/pohrselvan/orange_ros2/install/orange_teleop:/home/pohrselvan/orange_ros2/install/orange_bringup:/opt/ros/humble /usr/bin/cmake /home/pohrselvan/ros2_ws/src/laser_republisher_pkg -DCMAKE_INSTALL_PREFIX=/home/pohrselvan/ros2_ws/src/install/laser_republisher_pkg
[0.069s] -- The C compiler identification is GNU 11.4.0
[0.121s] -- The CXX compiler identification is GNU 11.4.0
[0.128s] -- Detecting C compiler ABI info
[0.191s] -- Detecting C compiler ABI info - done
[0.198s] -- Check for working C compiler: /usr/bin/cc - skipped
[0.198s] -- Detecting C compile features
[0.198s] -- Detecting C compile features - done
[0.202s] -- Detecting CXX compiler ABI info
[0.274s] -- Detecting CXX compiler ABI info - done
[0.281s] -- Check for working CXX compiler: /usr/bin/c++ - skipped
[0.281s] -- Detecting CXX compile features
[0.281s] -- Detecting CXX compile features - done
[0.284s] -- Found ament_cmake: 1.3.9 (/opt/ros/humble/share/ament_cmake/cmake)
[0.460s] -- Found Python3: /usr/bin/python3 (found version "3.10.12") found components: Interpreter 
[0.561s] -- Found rclcpp: 16.0.9 (/opt/ros/humble/share/rclcpp/cmake)
[0.608s] -- Found rosidl_generator_c: 3.1.5 (/opt/ros/humble/share/rosidl_generator_c/cmake)
[0.614s] -- Found rosidl_adapter: 3.1.5 (/opt/ros/humble/share/rosidl_adapter/cmake)
[0.623s] -- Found rosidl_generator_cpp: 3.1.5 (/opt/ros/humble/share/rosidl_generator_cpp/cmake)
[0.637s] -- Using all available rosidl_typesupport_c: rosidl_typesupport_fastrtps_c;rosidl_typesupport_introspection_c
[0.658s] -- Using all available rosidl_typesupport_cpp: rosidl_typesupport_fastrtps_cpp;rosidl_typesupport_introspection_cpp
[0.727s] -- Found rmw_implementation_cmake: 6.1.2 (/opt/ros/humble/share/rmw_implementation_cmake/cmake)
[0.732s] -- Found rmw_fastrtps_cpp: 6.2.6 (/opt/ros/humble/share/rmw_fastrtps_cpp/cmake)
[0.839s] -- Found OpenSSL: /usr/lib/x86_64-linux-gnu/libcrypto.so (found version "3.0.2")  
[0.869s] -- Found FastRTPS: /opt/ros/humble/include  
[0.925s] -- Using RMW implementation 'rmw_fastrtps_cpp' as default
[0.937s] -- Looking for pthread.h
[1.003s] -- Looking for pthread.h - found
[1.004s] -- Performing Test CMAKE_HAVE_LIBC_PTHREAD
[1.071s] -- Performing Test CMAKE_HAVE_LIBC_PTHREAD - Success
[1.073s] -- Found Threads: TRUE  
[1.224s] -- Found sensor_msgs: 4.2.4 (/opt/ros/humble/share/sensor_msgs/cmake)
[1.408s] -- Configuring done
[1.425s] -- Generating done
[1.426s] -- Build files have been written to: /home/pohrselvan/ros2_ws/src/build/laser_republisher_pkg
[1.438s] Invoked command in '/home/pohrselvan/ros2_ws/src/build/laser_republisher_pkg' returned '0': CMAKE_PREFIX_PATH=${CMAKE_PREFIX_PATH}:/home/pohrselvan/orange_ros2/install/orange_teleop:/home/pohrselvan/orange_ros2/install/orange_bringup:/opt/ros/humble /usr/bin/cmake /home/pohrselvan/ros2_ws/src/laser_republisher_pkg -DCMAKE_INSTALL_PREFIX=/home/pohrselvan/ros2_ws/src/install/laser_republisher_pkg
[1.440s] Invoking command in '/home/pohrselvan/ros2_ws/src/build/laser_republisher_pkg': CMAKE_PREFIX_PATH=${CMAKE_PREFIX_PATH}:/home/pohrselvan/orange_ros2/install/orange_teleop:/home/pohrselvan/orange_ros2/install/orange_bringup:/opt/ros/humble /usr/bin/cmake --build /home/pohrselvan/ros2_ws/src/build/laser_republisher_pkg -- -j4 -l4
[1.484s] [ 50%] [32mBuilding CXX object CMakeFiles/laser_republisher.dir/src/laser_republisher_node.cpp.o[0m
[9.668s] [100%] [32m[1mLinking CXX executable laser_republisher[0m
[10.121s] [100%] Built target laser_republisher
[10.132s] Invoked command in '/home/pohrselvan/ros2_ws/src/build/laser_republisher_pkg' returned '0': CMAKE_PREFIX_PATH=${CMAKE_PREFIX_PATH}:/home/pohrselvan/orange_ros2/install/orange_teleop:/home/pohrselvan/orange_ros2/install/orange_bringup:/opt/ros/humble /usr/bin/cmake --build /home/pohrselvan/ros2_ws/src/build/laser_republisher_pkg -- -j4 -l4
[10.163s] Invoking command in '/home/pohrselvan/ros2_ws/src/build/laser_republisher_pkg': CMAKE_PREFIX_PATH=${CMAKE_PREFIX_PATH}:/home/pohrselvan/orange_ros2/install/orange_teleop:/home/pohrselvan/orange_ros2/install/orange_bringup:/opt/ros/humble /usr/bin/cmake --install /home/pohrselvan/ros2_ws/src/build/laser_republisher_pkg
[10.171s] -- Install configuration: ""
[10.171s] -- Installing: /home/pohrselvan/ros2_ws/src/install/laser_republisher_pkg/lib/laser_republisher_pkg/laser_republisher
[10.174s] -- Set runtime path of "/home/pohrselvan/ros2_ws/src/install/laser_republisher_pkg/lib/laser_republisher_pkg/laser_republisher" to ""
[10.174s] -- Installing: /home/pohrselvan/ros2_ws/src/install/laser_republisher_pkg/share/ament_index/resource_index/package_run_dependencies/laser_republisher_pkg
[10.174s] -- Installing: /home/pohrselvan/ros2_ws/src/install/laser_republisher_pkg/share/ament_index/resource_index/parent_prefix_path/laser_republisher_pkg
[10.175s] -- Installing: /home/pohrselvan/ros2_ws/src/install/laser_republisher_pkg/share/laser_republisher_pkg/environment/ament_prefix_path.sh
[10.175s] -- Installing: /home/pohrselvan/ros2_ws/src/install/laser_republisher_pkg/share/laser_republisher_pkg/environment/ament_prefix_path.dsv
[10.175s] -- Installing: /home/pohrselvan/ros2_ws/src/install/laser_republisher_pkg/share/laser_republisher_pkg/environment/path.sh
[10.175s] -- Installing: /home/pohrselvan/ros2_ws/src/install/laser_republisher_pkg/share/laser_republisher_pkg/environment/path.dsv
[10.175s] -- Installing: /home/pohrselvan/ros2_ws/src/install/laser_republisher_pkg/share/laser_republisher_pkg/local_setup.bash
[10.176s] -- Installing: /home/pohrselvan/ros2_ws/src/install/laser_republisher_pkg/share/laser_republisher_pkg/local_setup.sh
[10.176s] -- Installing: /home/pohrselvan/ros2_ws/src/install/laser_republisher_pkg/share/laser_republisher_pkg/local_setup.zsh
[10.176s] -- Installing: /home/pohrselvan/ros2_ws/src/install/laser_republisher_pkg/share/laser_republisher_pkg/local_setup.dsv
[10.176s] -- Installing: /home/pohrselvan/ros2_ws/src/install/laser_republisher_pkg/share/laser_republisher_pkg/package.dsv
[10.176s] -- Installing: /home/pohrselvan/ros2_ws/src/install/laser_republisher_pkg/share/ament_index/resource_index/packages/laser_republisher_pkg
[10.176s] -- Installing: /home/pohrselvan/ros2_ws/src/install/laser_republisher_pkg/share/laser_republisher_pkg/cmake/laser_republisher_pkgConfig.cmake
[10.176s] -- Installing: /home/pohrselvan/ros2_ws/src/install/laser_republisher_pkg/share/laser_republisher_pkg/cmake/laser_republisher_pkgConfig-version.cmake
[10.176s] -- Installing: /home/pohrselvan/ros2_ws/src/install/laser_republisher_pkg/share/laser_republisher_pkg/package.xml
[10.178s] Invoked command in '/home/pohrselvan/ros2_ws/src/build/laser_republisher_pkg' returned '0': CMAKE_PREFIX_PATH=${CMAKE_PREFIX_PATH}:/home/pohrselvan/orange_ros2/install/orange_teleop:/home/pohrselvan/orange_ros2/install/orange_bringup:/opt/ros/humble /usr/bin/cmake --install /home/pohrselvan/ros2_ws/src/build/laser_republisher_pkg
