[0.179s] DEBUG:colcon:Command line arguments: ['/usr/bin/colcon', 'list', '-p', '--base-paths', '/home/pohrselvan/ros2_ws']
[0.179s] DEBUG:colcon:Parsed command line arguments: Namespace(log_base=None, log_level=None, verb_name='list', build_base='build', ignore_user_meta=False, metas=['./colcon.meta'], base_paths=['/home/pohrselvan/ros2_ws'], packages_ignore=None, packages_ignore_regex=None, paths=None, packages_up_to=None, packages_up_to_regex=None, packages_above=None, packages_above_and_dependencies=None, packages_above_depth=None, packages_select_by_dep=None, packages_skip_by_dep=None, packages_skip_up_to=None, packages_select_build_failed=False, packages_skip_build_finished=False, packages_select_test_failures=False, packages_skip_test_passed=False, packages_select=None, packages_skip=None, packages_select_regex=None, packages_skip_regex=None, packages_start=None, packages_end=None, allow_overriding=[], topological_order=False, names_only=False, paths_only=True, topological_graph=False, topological_graph_dot=False, topological_graph_density=False, topological_graph_legend=False, topological_graph_dot_cluster=False, topological_graph_dot_include_skipped=False, verb_parser=<colcon_defaults.argument_parser.defaults.DefaultArgumentsDecorator object at 0x7669b7d394b0>, verb_extension=<colcon_package_information.verb.list.ListVerb object at 0x7669b7d38760>, main=<bound method ListVerb.main of <colcon_package_information.verb.list.ListVerb object at 0x7669b7d38760>>)
[0.549s] Level 1:colcon.colcon_core.package_discovery:discover_packages(colcon_meta) check parameters
[0.549s] Level 1:colcon.colcon_core.package_discovery:discover_packages(recursive) check parameters
[0.549s] Level 1:colcon.colcon_core.package_discovery:discover_packages(ignore) check parameters
[0.550s] Level 1:colcon.colcon_core.package_discovery:discover_packages(path) check parameters
[0.550s] Level 1:colcon.colcon_core.package_discovery:discover_packages(recursive) discover
[0.550s] INFO:colcon.colcon_core.package_discovery:Crawling recursively for packages in '/home/pohrselvan/ros2_ws'
[0.550s] Level 1:colcon.colcon_core.package_identification:_identify(/home/pohrselvan/ros2_ws) by extensions ['ignore', 'ignore_ament_install']
[0.551s] Level 1:colcon.colcon_core.package_identification:_identify(/home/pohrselvan/ros2_ws) by extension 'ignore'
[0.556s] Level 1:colcon.colcon_core.package_identification:_identify(/home/pohrselvan/ros2_ws) by extension 'ignore_ament_install'
[0.557s] Level 1:colcon.colcon_core.package_identification:_identify(/home/pohrselvan/ros2_ws) by extensions ['colcon_pkg']
[0.557s] Level 1:colcon.colcon_core.package_identification:_identify(/home/pohrselvan/ros2_ws) by extension 'colcon_pkg'
[0.557s] Level 1:colcon.colcon_core.package_identification:_identify(/home/pohrselvan/ros2_ws) by extensions ['colcon_meta']
[0.557s] Level 1:colcon.colcon_core.package_identification:_identify(/home/pohrselvan/ros2_ws) by extension 'colcon_meta'
[0.557s] Level 1:colcon.colcon_core.package_identification:_identify(/home/pohrselvan/ros2_ws) by extensions ['ros']
[0.558s] Level 1:colcon.colcon_core.package_identification:_identify(/home/pohrselvan/ros2_ws) by extension 'ros'
[0.586s] Level 1:colcon.colcon_core.package_identification:_identify(/home/pohrselvan/ros2_ws) by extensions ['cmake', 'python']
[0.597s] Level 1:colcon.colcon_core.package_identification:_identify(/home/pohrselvan/ros2_ws) by extension 'cmake'
[0.597s] Level 1:colcon.colcon_core.package_identification:_identify(/home/pohrselvan/ros2_ws) by extension 'python'
[0.597s] Level 1:colcon.colcon_core.package_identification:_identify(/home/pohrselvan/ros2_ws) by extensions ['python_setup_py']
[0.598s] Level 1:colcon.colcon_core.package_identification:_identify(/home/pohrselvan/ros2_ws) by extension 'python_setup_py'
[0.598s] Level 1:colcon.colcon_core.package_identification:_identify(/home/pohrselvan/ros2_ws/build) by extensions ['ignore', 'ignore_ament_install']
[0.598s] Level 1:colcon.colcon_core.package_identification:_identify(/home/pohrselvan/ros2_ws/build) by extension 'ignore'
[0.598s] Level 1:colcon.colcon_core.package_identification:_identify(/home/pohrselvan/ros2_ws/build) ignored
[0.599s] Level 1:colcon.colcon_core.package_identification:_identify(/home/pohrselvan/ros2_ws/install) by extensions ['ignore', 'ignore_ament_install']
[0.599s] Level 1:colcon.colcon_core.package_identification:_identify(/home/pohrselvan/ros2_ws/install) by extension 'ignore'
[0.599s] Level 1:colcon.colcon_core.package_identification:_identify(/home/pohrselvan/ros2_ws/install) ignored
[0.599s] Level 1:colcon.colcon_core.package_identification:_identify(/home/pohrselvan/ros2_ws/log) by extensions ['ignore', 'ignore_ament_install']
[0.599s] Level 1:colcon.colcon_core.package_identification:_identify(/home/pohrselvan/ros2_ws/log) by extension 'ignore'
[0.599s] Level 1:colcon.colcon_core.package_identification:_identify(/home/pohrselvan/ros2_ws/log) ignored
[0.600s] Level 1:colcon.colcon_core.package_identification:_identify(/home/pohrselvan/ros2_ws/src) by extensions ['ignore', 'ignore_ament_install']
[0.600s] Level 1:colcon.colcon_core.package_identification:_identify(/home/pohrselvan/ros2_ws/src) by extension 'ignore'
[0.600s] Level 1:colcon.colcon_core.package_identification:_identify(/home/pohrselvan/ros2_ws/src) by extension 'ignore_ament_install'
[0.600s] Level 1:colcon.colcon_core.package_identification:_identify(/home/pohrselvan/ros2_ws/src) by extensions ['colcon_pkg']
[0.600s] Level 1:colcon.colcon_core.package_identification:_identify(/home/pohrselvan/ros2_ws/src) by extension 'colcon_pkg'
[0.600s] Level 1:colcon.colcon_core.package_identification:_identify(/home/pohrselvan/ros2_ws/src) by extensions ['colcon_meta']
[0.600s] Level 1:colcon.colcon_core.package_identification:_identify(/home/pohrselvan/ros2_ws/src) by extension 'colcon_meta'
[0.600s] Level 1:colcon.colcon_core.package_identification:_identify(/home/pohrselvan/ros2_ws/src) by extensions ['ros']
[0.600s] Level 1:colcon.colcon_core.package_identification:_identify(/home/pohrselvan/ros2_ws/src) by extension 'ros'
[0.600s] Level 1:colcon.colcon_core.package_identification:_identify(/home/pohrselvan/ros2_ws/src) by extensions ['cmake', 'python']
[0.600s] Level 1:colcon.colcon_core.package_identification:_identify(/home/pohrselvan/ros2_ws/src) by extension 'cmake'
[0.601s] Level 1:colcon.colcon_core.package_identification:_identify(/home/pohrselvan/ros2_ws/src) by extension 'python'
[0.601s] Level 1:colcon.colcon_core.package_identification:_identify(/home/pohrselvan/ros2_ws/src) by extensions ['python_setup_py']
[0.601s] Level 1:colcon.colcon_core.package_identification:_identify(/home/pohrselvan/ros2_ws/src) by extension 'python_setup_py'
[0.601s] Level 1:colcon.colcon_core.package_identification:_identify(/home/pohrselvan/ros2_ws/src/build) by extensions ['ignore', 'ignore_ament_install']
[0.601s] Level 1:colcon.colcon_core.package_identification:_identify(/home/pohrselvan/ros2_ws/src/build) by extension 'ignore'
[0.601s] Level 1:colcon.colcon_core.package_identification:_identify(/home/pohrselvan/ros2_ws/src/build) ignored
[0.601s] Level 1:colcon.colcon_core.package_identification:_identify(/home/pohrselvan/ros2_ws/src/install) by extensions ['ignore', 'ignore_ament_install']
[0.601s] Level 1:colcon.colcon_core.package_identification:_identify(/home/pohrselvan/ros2_ws/src/install) by extension 'ignore'
[0.601s] Level 1:colcon.colcon_core.package_identification:_identify(/home/pohrselvan/ros2_ws/src/install) ignored
[0.602s] Level 1:colcon.colcon_core.package_identification:_identify(/home/pohrselvan/ros2_ws/src/july_9) by extensions ['ignore', 'ignore_ament_install']
[0.602s] Level 1:colcon.colcon_core.package_identification:_identify(/home/pohrselvan/ros2_ws/src/july_9) by extension 'ignore'
[0.602s] Level 1:colcon.colcon_core.package_identification:_identify(/home/pohrselvan/ros2_ws/src/july_9) by extension 'ignore_ament_install'
[0.602s] Level 1:colcon.colcon_core.package_identification:_identify(/home/pohrselvan/ros2_ws/src/july_9) by extensions ['colcon_pkg']
[0.602s] Level 1:colcon.colcon_core.package_identification:_identify(/home/pohrselvan/ros2_ws/src/july_9) by extension 'colcon_pkg'
[0.602s] Level 1:colcon.colcon_core.package_identification:_identify(/home/pohrselvan/ros2_ws/src/july_9) by extensions ['colcon_meta']
[0.602s] Level 1:colcon.colcon_core.package_identification:_identify(/home/pohrselvan/ros2_ws/src/july_9) by extension 'colcon_meta'
[0.602s] Level 1:colcon.colcon_core.package_identification:_identify(/home/pohrselvan/ros2_ws/src/july_9) by extensions ['ros']
[0.602s] Level 1:colcon.colcon_core.package_identification:_identify(/home/pohrselvan/ros2_ws/src/july_9) by extension 'ros'
[0.606s] DEBUG:colcon.colcon_core.package_identification:Package '/home/pohrselvan/ros2_ws/src/july_9' with type 'ros.ament_cmake' and name 'july_9'
[0.607s] Level 1:colcon.colcon_core.package_identification:_identify(/home/pohrselvan/ros2_ws/src/log) by extensions ['ignore', 'ignore_ament_install']
[0.607s] Level 1:colcon.colcon_core.package_identification:_identify(/home/pohrselvan/ros2_ws/src/log) by extension 'ignore'
[0.607s] Level 1:colcon.colcon_core.package_identification:_identify(/home/pohrselvan/ros2_ws/src/log) ignored
[0.607s] Level 1:colcon.colcon_core.package_discovery:discover_packages(recursive) using defaults
