[0.621s] Invoking command in '/home/pohrselvan/ros2_ws/src/my_tf2_broadcaster': PYTHONPATH=/home/pohrselvan/ros2_ws/src/build/my_tf2_broadcaster/prefix_override:/usr/lib/python3/dist-packages/colcon_core/task/python/colcon_distutils_commands:/home/pohrselvan/ros2_ws/src/install/my_tf2_broadcaster/lib/python3.10/site-packages:${PYTHONPATH} /usr/bin/python3 -W ignore:setup.py install is deprecated setup.py egg_info --egg-base ../build/my_tf2_broadcaster build --build-base /home/pohrselvan/ros2_ws/src/build/my_tf2_broadcaster/build install --record /home/pohrselvan/ros2_ws/src/build/my_tf2_broadcaster/install.log --single-version-externally-managed
[0.837s] running egg_info
[0.838s] writing ../build/my_tf2_broadcaster/my_tf2_broadcaster.egg-info/PKG-INFO
[0.838s] writing dependency_links to ../build/my_tf2_broadcaster/my_tf2_broadcaster.egg-info/dependency_links.txt
[0.838s] writing entry points to ../build/my_tf2_broadcaster/my_tf2_broadcaster.egg-info/entry_points.txt
[0.838s] writing requirements to ../build/my_tf2_broadcaster/my_tf2_broadcaster.egg-info/requires.txt
[0.838s] writing top-level names to ../build/my_tf2_broadcaster/my_tf2_broadcaster.egg-info/top_level.txt
[0.840s] reading manifest file '../build/my_tf2_broadcaster/my_tf2_broadcaster.egg-info/SOURCES.txt'
[0.841s] writing manifest file '../build/my_tf2_broadcaster/my_tf2_broadcaster.egg-info/SOURCES.txt'
[0.841s] running build
[0.841s] running build_py
[0.841s] copying tf_broadcaster.py -> /home/pohrselvan/ros2_ws/src/build/my_tf2_broadcaster/build/lib
[0.841s] running install
[0.842s] running install_lib
[0.843s] copying /home/pohrselvan/ros2_ws/src/build/my_tf2_broadcaster/build/lib/tf_broadcaster.py -> /home/pohrselvan/ros2_ws/src/install/my_tf2_broadcaster/lib/python3.10/site-packages
[0.843s] byte-compiling /home/pohrselvan/ros2_ws/src/install/my_tf2_broadcaster/lib/python3.10/site-packages/tf_broadcaster.py to tf_broadcaster.cpython-310.pyc
[0.844s] running install_egg_info
[0.846s] removing '/home/pohrselvan/ros2_ws/src/install/my_tf2_broadcaster/lib/python3.10/site-packages/my_tf2_broadcaster-0.0.0-py3.10.egg-info' (and everything under it)
[0.847s] Copying ../build/my_tf2_broadcaster/my_tf2_broadcaster.egg-info to /home/pohrselvan/ros2_ws/src/install/my_tf2_broadcaster/lib/python3.10/site-packages/my_tf2_broadcaster-0.0.0-py3.10.egg-info
[0.847s] running install_scripts
[0.865s] Installing tf_broadcaster script to /home/pohrselvan/ros2_ws/src/install/my_tf2_broadcaster/lib/my_tf2_broadcaster
[0.865s] writing list of installed files to '/home/pohrselvan/ros2_ws/src/build/my_tf2_broadcaster/install.log'
[0.888s] Invoked command in '/home/pohrselvan/ros2_ws/src/my_tf2_broadcaster' returned '0': PYTHONPATH=/home/pohrselvan/ros2_ws/src/build/my_tf2_broadcaster/prefix_override:/usr/lib/python3/dist-packages/colcon_core/task/python/colcon_distutils_commands:/home/pohrselvan/ros2_ws/src/install/my_tf2_broadcaster/lib/python3.10/site-packages:${PYTHONPATH} /usr/bin/python3 -W ignore:setup.py install is deprecated setup.py egg_info --egg-base ../build/my_tf2_broadcaster build --build-base /home/pohrselvan/ros2_ws/src/build/my_tf2_broadcaster/build install --record /home/pohrselvan/ros2_ws/src/build/my_tf2_broadcaster/install.log --single-version-externally-managed
