[0.107s] DEBUG:colcon:Command line arguments: ['/usr/bin/colcon', 'build']
[0.107s] DEBUG:colcon:Parsed command line arguments: Namespace(log_base=None, log_level=None, verb_name='build', build_base='build', install_base='install', merge_install=False, symlink_install=False, test_result_base=None, continue_on_error=False, executor='parallel', parallel_workers=4, event_handlers=None, ignore_user_meta=False, metas=['./colcon.meta'], base_paths=['.'], packages_ignore=None, packages_ignore_regex=None, paths=None, packages_up_to=None, packages_up_to_regex=None, packages_above=None, packages_above_and_dependencies=None, packages_above_depth=None, packages_select_by_dep=None, packages_skip_by_dep=None, packages_skip_up_to=None, packages_select_build_failed=False, packages_skip_build_finished=False, packages_select_test_failures=False, packages_skip_test_passed=False, packages_select=None, packages_skip=None, packages_select_regex=None, packages_skip_regex=None, packages_start=None, packages_end=None, allow_overriding=[], cmake_args=None, cmake_target=None, cmake_target_skip_unavailable=False, cmake_clean_cache=False, cmake_clean_first=False, cmake_force_configure=False, ament_cmake_args=None, catkin_cmake_args=None, catkin_skip_building_tests=False, verb_parser=<colcon_defaults.argument_parser.defaults.DefaultArgumentsDecorator object at 0x7ecfcef34c70>, verb_extension=<colcon_core.verb.build.BuildVerb object at 0x7ecfcf0357e0>, main=<bound method BuildVerb.main of <colcon_core.verb.build.BuildVerb object at 0x7ecfcf0357e0>>)
[0.267s] Level 1:colcon.colcon_core.package_discovery:discover_packages(colcon_meta) check parameters
[0.267s] Level 1:colcon.colcon_core.package_discovery:discover_packages(recursive) check parameters
[0.267s] Level 1:colcon.colcon_core.package_discovery:discover_packages(ignore) check parameters
[0.267s] Level 1:colcon.colcon_core.package_discovery:discover_packages(path) check parameters
[0.267s] Level 1:colcon.colcon_core.package_discovery:discover_packages(colcon_meta) discover
[0.267s] Level 1:colcon.colcon_core.package_discovery:discover_packages(recursive) discover
[0.267s] INFO:colcon.colcon_core.package_discovery:Crawling recursively for packages in '/home/pohrselvan/ros2_ws/src'
[0.267s] Level 1:colcon.colcon_core.package_identification:_identify(.) by extensions ['ignore', 'ignore_ament_install']
[0.267s] Level 1:colcon.colcon_core.package_identification:_identify(.) by extension 'ignore'
[0.267s] Level 1:colcon.colcon_core.package_identification:_identify(.) by extension 'ignore_ament_install'
[0.267s] Level 1:colcon.colcon_core.package_identification:_identify(.) by extensions ['colcon_pkg']
[0.267s] Level 1:colcon.colcon_core.package_identification:_identify(.) by extension 'colcon_pkg'
[0.267s] Level 1:colcon.colcon_core.package_identification:_identify(.) by extensions ['colcon_meta']
[0.267s] Level 1:colcon.colcon_core.package_identification:_identify(.) by extension 'colcon_meta'
[0.267s] Level 1:colcon.colcon_core.package_identification:_identify(.) by extensions ['ros']
[0.267s] Level 1:colcon.colcon_core.package_identification:_identify(.) by extension 'ros'
[0.278s] Level 1:colcon.colcon_core.package_identification:_identify(.) by extensions ['cmake', 'python']
[0.278s] Level 1:colcon.colcon_core.package_identification:_identify(.) by extension 'cmake'
[0.278s] Level 1:colcon.colcon_core.package_identification:_identify(.) by extension 'python'
[0.278s] Level 1:colcon.colcon_core.package_identification:_identify(.) by extensions ['python_setup_py']
[0.278s] Level 1:colcon.colcon_core.package_identification:_identify(.) by extension 'python_setup_py'
[0.278s] Level 1:colcon.colcon_core.package_identification:_identify(build) by extensions ['ignore', 'ignore_ament_install']
[0.278s] Level 1:colcon.colcon_core.package_identification:_identify(build) by extension 'ignore'
[0.278s] Level 1:colcon.colcon_core.package_identification:_identify(build) ignored
[0.279s] Level 1:colcon.colcon_core.package_identification:_identify(install) by extensions ['ignore', 'ignore_ament_install']
[0.279s] Level 1:colcon.colcon_core.package_identification:_identify(install) by extension 'ignore'
[0.279s] Level 1:colcon.colcon_core.package_identification:_identify(install) ignored
[0.279s] Level 1:colcon.colcon_core.package_identification:_identify(july_9) by extensions ['ignore', 'ignore_ament_install']
[0.279s] Level 1:colcon.colcon_core.package_identification:_identify(july_9) by extension 'ignore'
[0.279s] Level 1:colcon.colcon_core.package_identification:_identify(july_9) by extension 'ignore_ament_install'
[0.279s] Level 1:colcon.colcon_core.package_identification:_identify(july_9) by extensions ['colcon_pkg']
[0.279s] Level 1:colcon.colcon_core.package_identification:_identify(july_9) by extension 'colcon_pkg'
[0.279s] Level 1:colcon.colcon_core.package_identification:_identify(july_9) by extensions ['colcon_meta']
[0.279s] Level 1:colcon.colcon_core.package_identification:_identify(july_9) by extension 'colcon_meta'
[0.279s] Level 1:colcon.colcon_core.package_identification:_identify(july_9) by extensions ['ros']
[0.279s] Level 1:colcon.colcon_core.package_identification:_identify(july_9) by extension 'ros'
[0.282s] DEBUG:colcon.colcon_core.package_identification:Package 'july_9' with type 'ros.ament_cmake' and name 'july_9'
[0.282s] Level 1:colcon.colcon_core.package_identification:_identify(laser_republisher_pkg) by extensions ['ignore', 'ignore_ament_install']
[0.282s] Level 1:colcon.colcon_core.package_identification:_identify(laser_republisher_pkg) by extension 'ignore'
[0.282s] Level 1:colcon.colcon_core.package_identification:_identify(laser_republisher_pkg) by extension 'ignore_ament_install'
[0.282s] Level 1:colcon.colcon_core.package_identification:_identify(laser_republisher_pkg) by extensions ['colcon_pkg']
[0.282s] Level 1:colcon.colcon_core.package_identification:_identify(laser_republisher_pkg) by extension 'colcon_pkg'
[0.282s] Level 1:colcon.colcon_core.package_identification:_identify(laser_republisher_pkg) by extensions ['colcon_meta']
[0.282s] Level 1:colcon.colcon_core.package_identification:_identify(laser_republisher_pkg) by extension 'colcon_meta'
[0.282s] Level 1:colcon.colcon_core.package_identification:_identify(laser_republisher_pkg) by extensions ['ros']
[0.282s] Level 1:colcon.colcon_core.package_identification:_identify(laser_republisher_pkg) by extension 'ros'
[0.283s] DEBUG:colcon.colcon_core.package_identification:Package 'laser_republisher_pkg' with type 'ros.ament_cmake' and name 'laser_republisher_pkg'
[0.283s] Level 1:colcon.colcon_core.package_identification:_identify(log) by extensions ['ignore', 'ignore_ament_install']
[0.283s] Level 1:colcon.colcon_core.package_identification:_identify(log) by extension 'ignore'
[0.284s] Level 1:colcon.colcon_core.package_identification:_identify(log) ignored
[0.284s] Level 1:colcon.colcon_core.package_discovery:discover_packages(recursive) using defaults
[0.284s] Level 1:colcon.colcon_core.package_discovery:discover_packages(ignore) discover
[0.284s] Level 1:colcon.colcon_core.package_discovery:discover_packages(ignore) using defaults
[0.284s] Level 1:colcon.colcon_core.package_discovery:discover_packages(path) discover
[0.284s] Level 1:colcon.colcon_core.package_discovery:discover_packages(path) using defaults
[0.303s] Level 1:colcon.colcon_core.package_discovery:discover_packages(prefix_path) check parameters
[0.303s] Level 1:colcon.colcon_core.package_discovery:discover_packages(prefix_path) discover
[0.305s] DEBUG:colcon.colcon_installed_package_information.package_discovery:Found 1 installed packages in /home/pohrselvan/ros2_ws/install
[0.305s] DEBUG:colcon.colcon_installed_package_information.package_discovery:Found 1 installed packages in /home/pohrselvan/ros2_ws/src/install
[0.305s] DEBUG:colcon.colcon_installed_package_information.package_discovery:Found 7 installed packages in /home/pohrselvan/orange_ros2/install
[0.307s] DEBUG:colcon.colcon_installed_package_information.package_discovery:Found 390 installed packages in /opt/ros/humble
[0.321s] Level 1:colcon.colcon_core.package_discovery:discover_packages(prefix_path) using defaults
[0.365s] Level 5:colcon.colcon_core.verb:set package 'laser_republisher_pkg' build argument 'cmake_args' from command line to 'None'
[0.365s] Level 5:colcon.colcon_core.verb:set package 'laser_republisher_pkg' build argument 'cmake_target' from command line to 'None'
[0.365s] Level 5:colcon.colcon_core.verb:set package 'laser_republisher_pkg' build argument 'cmake_target_skip_unavailable' from command line to 'False'
[0.365s] Level 5:colcon.colcon_core.verb:set package 'laser_republisher_pkg' build argument 'cmake_clean_cache' from command line to 'False'
[0.365s] Level 5:colcon.colcon_core.verb:set package 'laser_republisher_pkg' build argument 'cmake_clean_first' from command line to 'False'
[0.365s] Level 5:colcon.colcon_core.verb:set package 'laser_republisher_pkg' build argument 'cmake_force_configure' from command line to 'False'
[0.365s] Level 5:colcon.colcon_core.verb:set package 'laser_republisher_pkg' build argument 'ament_cmake_args' from command line to 'None'
[0.365s] Level 5:colcon.colcon_core.verb:set package 'laser_republisher_pkg' build argument 'catkin_cmake_args' from command line to 'None'
[0.365s] Level 5:colcon.colcon_core.verb:set package 'laser_republisher_pkg' build argument 'catkin_skip_building_tests' from command line to 'False'
[0.365s] DEBUG:colcon.colcon_core.verb:Building package 'laser_republisher_pkg' with the following arguments: {'ament_cmake_args': None, 'build_base': '/home/pohrselvan/ros2_ws/src/build/laser_republisher_pkg', 'catkin_cmake_args': None, 'catkin_skip_building_tests': False, 'cmake_args': None, 'cmake_clean_cache': False, 'cmake_clean_first': False, 'cmake_force_configure': False, 'cmake_target': None, 'cmake_target_skip_unavailable': False, 'install_base': '/home/pohrselvan/ros2_ws/src/install/laser_republisher_pkg', 'merge_install': False, 'path': '/home/pohrselvan/ros2_ws/src/laser_republisher_pkg', 'symlink_install': False, 'test_result_base': None}
[0.365s] Level 5:colcon.colcon_core.verb:set package 'july_9' build argument 'cmake_args' from command line to 'None'
[0.365s] Level 5:colcon.colcon_core.verb:set package 'july_9' build argument 'cmake_target' from command line to 'None'
[0.366s] Level 5:colcon.colcon_core.verb:set package 'july_9' build argument 'cmake_target_skip_unavailable' from command line to 'False'
[0.366s] Level 5:colcon.colcon_core.verb:set package 'july_9' build argument 'cmake_clean_cache' from command line to 'False'
[0.366s] Level 5:colcon.colcon_core.verb:set package 'july_9' build argument 'cmake_clean_first' from command line to 'False'
[0.366s] Level 5:colcon.colcon_core.verb:set package 'july_9' build argument 'cmake_force_configure' from command line to 'False'
[0.366s] Level 5:colcon.colcon_core.verb:set package 'july_9' build argument 'ament_cmake_args' from command line to 'None'
[0.366s] Level 5:colcon.colcon_core.verb:set package 'july_9' build argument 'catkin_cmake_args' from command line to 'None'
[0.366s] Level 5:colcon.colcon_core.verb:set package 'july_9' build argument 'catkin_skip_building_tests' from command line to 'False'
[0.366s] DEBUG:colcon.colcon_core.verb:Building package 'july_9' with the following arguments: {'ament_cmake_args': None, 'build_base': '/home/pohrselvan/ros2_ws/src/build/july_9', 'catkin_cmake_args': None, 'catkin_skip_building_tests': False, 'cmake_args': None, 'cmake_clean_cache': False, 'cmake_clean_first': False, 'cmake_force_configure': False, 'cmake_target': None, 'cmake_target_skip_unavailable': False, 'install_base': '/home/pohrselvan/ros2_ws/src/install/july_9', 'merge_install': False, 'path': '/home/pohrselvan/ros2_ws/src/july_9', 'symlink_install': False, 'test_result_base': None}
[0.366s] INFO:colcon.colcon_core.executor:Executing jobs using 'parallel' executor
[0.367s] DEBUG:colcon.colcon_parallel_executor.executor.parallel:run_until_complete
[0.367s] INFO:colcon.colcon_ros.task.ament_cmake.build:Building ROS package in '/home/pohrselvan/ros2_ws/src/laser_republisher_pkg' with build type 'ament_cmake'
[0.367s] INFO:colcon.colcon_cmake.task.cmake.build:Building CMake package in '/home/pohrselvan/ros2_ws/src/laser_republisher_pkg'
[0.369s] INFO:colcon.colcon_core.plugin_system:Skipping extension 'colcon_core.shell.bat': Not used on non-Windows systems
[0.369s] INFO:colcon.colcon_core.shell:Skip shell extension 'powershell' for command environment: Not usable outside of PowerShell
[0.369s] DEBUG:colcon.colcon_core.shell:Skip shell extension 'dsv' for command environment
[0.385s] DEBUG:colcon.colcon_core.event_handler.log_command:Invoking command in '/home/pohrselvan/ros2_ws/src/build/laser_republisher_pkg': CMAKE_PREFIX_PATH=${CMAKE_PREFIX_PATH}:/home/pohrselvan/orange_ros2/install/orange_teleop:/home/pohrselvan/orange_ros2/install/orange_bringup:/opt/ros/humble /usr/bin/cmake /home/pohrselvan/ros2_ws/src/laser_republisher_pkg -DCMAKE_INSTALL_PREFIX=/home/pohrselvan/ros2_ws/src/install/laser_republisher_pkg
[1.806s] DEBUG:colcon.colcon_core.event_handler.log_command:Invoked command in '/home/pohrselvan/ros2_ws/src/build/laser_republisher_pkg' returned '0': CMAKE_PREFIX_PATH=${CMAKE_PREFIX_PATH}:/home/pohrselvan/orange_ros2/install/orange_teleop:/home/pohrselvan/orange_ros2/install/orange_bringup:/opt/ros/humble /usr/bin/cmake /home/pohrselvan/ros2_ws/src/laser_republisher_pkg -DCMAKE_INSTALL_PREFIX=/home/pohrselvan/ros2_ws/src/install/laser_republisher_pkg
[1.807s] DEBUG:colcon.colcon_core.event_handler.log_command:Invoking command in '/home/pohrselvan/ros2_ws/src/build/laser_republisher_pkg': CMAKE_PREFIX_PATH=${CMAKE_PREFIX_PATH}:/home/pohrselvan/orange_ros2/install/orange_teleop:/home/pohrselvan/orange_ros2/install/orange_bringup:/opt/ros/humble /usr/bin/cmake --build /home/pohrselvan/ros2_ws/src/build/laser_republisher_pkg -- -j4 -l4
[10.499s] DEBUG:colcon.colcon_core.event_handler.log_command:Invoked command in '/home/pohrselvan/ros2_ws/src/build/laser_republisher_pkg' returned '0': CMAKE_PREFIX_PATH=${CMAKE_PREFIX_PATH}:/home/pohrselvan/orange_ros2/install/orange_teleop:/home/pohrselvan/orange_ros2/install/orange_bringup:/opt/ros/humble /usr/bin/cmake --build /home/pohrselvan/ros2_ws/src/build/laser_republisher_pkg -- -j4 -l4
[10.531s] DEBUG:colcon.colcon_core.event_handler.log_command:Invoking command in '/home/pohrselvan/ros2_ws/src/build/laser_republisher_pkg': CMAKE_PREFIX_PATH=${CMAKE_PREFIX_PATH}:/home/pohrselvan/orange_ros2/install/orange_teleop:/home/pohrselvan/orange_ros2/install/orange_bringup:/opt/ros/humble /usr/bin/cmake --install /home/pohrselvan/ros2_ws/src/build/laser_republisher_pkg
[10.545s] Level 1:colcon.colcon_core.environment:create_environment_scripts_only(laser_republisher_pkg)
[10.546s] DEBUG:colcon.colcon_core.event_handler.log_command:Invoked command in '/home/pohrselvan/ros2_ws/src/build/laser_republisher_pkg' returned '0': CMAKE_PREFIX_PATH=${CMAKE_PREFIX_PATH}:/home/pohrselvan/orange_ros2/install/orange_teleop:/home/pohrselvan/orange_ros2/install/orange_bringup:/opt/ros/humble /usr/bin/cmake --install /home/pohrselvan/ros2_ws/src/build/laser_republisher_pkg
[10.548s] Level 1:colcon.colcon_core.environment:checking '/home/pohrselvan/ros2_ws/src/install/laser_republisher_pkg' for CMake module files
[10.548s] Level 1:colcon.colcon_core.environment:checking '/home/pohrselvan/ros2_ws/src/install/laser_republisher_pkg' for CMake config files
[10.548s] Level 1:colcon.colcon_core.shell:create_environment_hook('laser_republisher_pkg', 'cmake_prefix_path')
[10.548s] INFO:colcon.colcon_core.shell:Creating environment hook '/home/pohrselvan/ros2_ws/src/install/laser_republisher_pkg/share/laser_republisher_pkg/hook/cmake_prefix_path.ps1'
[10.549s] INFO:colcon.colcon_core.shell:Creating environment descriptor '/home/pohrselvan/ros2_ws/src/install/laser_republisher_pkg/share/laser_republisher_pkg/hook/cmake_prefix_path.dsv'
[10.549s] INFO:colcon.colcon_core.shell:Creating environment hook '/home/pohrselvan/ros2_ws/src/install/laser_republisher_pkg/share/laser_republisher_pkg/hook/cmake_prefix_path.sh'
[10.550s] Level 1:colcon.colcon_core.environment:checking '/home/pohrselvan/ros2_ws/src/install/laser_republisher_pkg/lib'
[10.550s] Level 1:colcon.colcon_core.environment:checking '/home/pohrselvan/ros2_ws/src/install/laser_republisher_pkg/bin'
[10.550s] Level 1:colcon.colcon_core.environment:checking '/home/pohrselvan/ros2_ws/src/install/laser_republisher_pkg/lib/pkgconfig/laser_republisher_pkg.pc'
[10.551s] Level 1:colcon.colcon_core.environment:checking '/home/pohrselvan/ros2_ws/src/install/laser_republisher_pkg/lib/python3.10/site-packages'
[10.551s] Level 1:colcon.colcon_core.environment:checking '/home/pohrselvan/ros2_ws/src/install/laser_republisher_pkg/bin'
[10.551s] INFO:colcon.colcon_core.shell:Creating package script '/home/pohrselvan/ros2_ws/src/install/laser_republisher_pkg/share/laser_republisher_pkg/package.ps1'
[10.552s] INFO:colcon.colcon_core.shell:Creating package descriptor '/home/pohrselvan/ros2_ws/src/install/laser_republisher_pkg/share/laser_republisher_pkg/package.dsv'
[10.553s] INFO:colcon.colcon_core.shell:Creating package script '/home/pohrselvan/ros2_ws/src/install/laser_republisher_pkg/share/laser_republisher_pkg/package.sh'
[10.553s] INFO:colcon.colcon_core.shell:Creating package script '/home/pohrselvan/ros2_ws/src/install/laser_republisher_pkg/share/laser_republisher_pkg/package.bash'
[10.554s] INFO:colcon.colcon_core.shell:Creating package script '/home/pohrselvan/ros2_ws/src/install/laser_republisher_pkg/share/laser_republisher_pkg/package.zsh'
[10.554s] Level 1:colcon.colcon_core.environment:create_file_with_runtime_dependencies(/home/pohrselvan/ros2_ws/src/install/laser_republisher_pkg/share/colcon-core/packages/laser_republisher_pkg)
[10.575s] Level 1:colcon.colcon_core.environment:create_environment_scripts_only(laser_republisher_pkg)
[10.575s] Level 1:colcon.colcon_core.environment:checking '/home/pohrselvan/ros2_ws/src/install/laser_republisher_pkg' for CMake module files
[10.576s] Level 1:colcon.colcon_core.environment:checking '/home/pohrselvan/ros2_ws/src/install/laser_republisher_pkg' for CMake config files
[10.576s] Level 1:colcon.colcon_core.shell:create_environment_hook('laser_republisher_pkg', 'cmake_prefix_path')
[10.576s] INFO:colcon.colcon_core.shell:Creating environment hook '/home/pohrselvan/ros2_ws/src/install/laser_republisher_pkg/share/laser_republisher_pkg/hook/cmake_prefix_path.ps1'
[10.577s] INFO:colcon.colcon_core.shell:Creating environment descriptor '/home/pohrselvan/ros2_ws/src/install/laser_republisher_pkg/share/laser_republisher_pkg/hook/cmake_prefix_path.dsv'
[10.577s] INFO:colcon.colcon_core.shell:Creating environment hook '/home/pohrselvan/ros2_ws/src/install/laser_republisher_pkg/share/laser_republisher_pkg/hook/cmake_prefix_path.sh'
[10.578s] Level 1:colcon.colcon_core.environment:checking '/home/pohrselvan/ros2_ws/src/install/laser_republisher_pkg/lib'
[10.578s] Level 1:colcon.colcon_core.environment:checking '/home/pohrselvan/ros2_ws/src/install/laser_republisher_pkg/bin'
[10.578s] Level 1:colcon.colcon_core.environment:checking '/home/pohrselvan/ros2_ws/src/install/laser_republisher_pkg/lib/pkgconfig/laser_republisher_pkg.pc'
[10.578s] Level 1:colcon.colcon_core.environment:checking '/home/pohrselvan/ros2_ws/src/install/laser_republisher_pkg/lib/python3.10/site-packages'
[10.578s] Level 1:colcon.colcon_core.environment:checking '/home/pohrselvan/ros2_ws/src/install/laser_republisher_pkg/bin'
[10.579s] INFO:colcon.colcon_core.shell:Creating package script '/home/pohrselvan/ros2_ws/src/install/laser_republisher_pkg/share/laser_republisher_pkg/package.ps1'
[10.579s] INFO:colcon.colcon_core.shell:Creating package descriptor '/home/pohrselvan/ros2_ws/src/install/laser_republisher_pkg/share/laser_republisher_pkg/package.dsv'
[10.580s] INFO:colcon.colcon_core.shell:Creating package script '/home/pohrselvan/ros2_ws/src/install/laser_republisher_pkg/share/laser_republisher_pkg/package.sh'
[10.580s] INFO:colcon.colcon_core.shell:Creating package script '/home/pohrselvan/ros2_ws/src/install/laser_republisher_pkg/share/laser_republisher_pkg/package.bash'
[10.580s] INFO:colcon.colcon_core.shell:Creating package script '/home/pohrselvan/ros2_ws/src/install/laser_republisher_pkg/share/laser_republisher_pkg/package.zsh'
[10.581s] Level 1:colcon.colcon_core.environment:create_file_with_runtime_dependencies(/home/pohrselvan/ros2_ws/src/install/laser_republisher_pkg/share/colcon-core/packages/laser_republisher_pkg)
[10.581s] INFO:colcon.colcon_ros.task.ament_cmake.build:Building ROS package in '/home/pohrselvan/ros2_ws/src/july_9' with build type 'ament_cmake'
[10.581s] INFO:colcon.colcon_cmake.task.cmake.build:Building CMake package in '/home/pohrselvan/ros2_ws/src/july_9'
[10.582s] INFO:colcon.colcon_core.shell:Skip shell extension 'powershell' for command environment: Not usable outside of PowerShell
[10.582s] DEBUG:colcon.colcon_core.shell:Skip shell extension 'dsv' for command environment
[10.591s] DEBUG:colcon.colcon_core.event_handler.log_command:Invoking command in '/home/pohrselvan/ros2_ws/src/build/july_9': AMENT_PREFIX_PATH=/home/pohrselvan/ros2_ws/src/install/laser_republisher_pkg:${AMENT_PREFIX_PATH} CMAKE_PREFIX_PATH=/home/pohrselvan/ros2_ws/src/install/laser_republisher_pkg:/home/pohrselvan/ros2_ws/install/laser_republisher_pkg:/home/pohrselvan/orange_ros2/install/orange_slam:/home/pohrselvan/orange_ros2/install/orange_navigation:/home/pohrselvan/orange_ros2/install/orange_gazebo:/home/pohrselvan/orange_ros2/install/orange_description:/home/pohrselvan/orange_ros2/install/orange_sensor_tools:/home/pohrselvan/ros2_ws/src/install/july_9:/home/pohrselvan/orange_ros2/install/orange_teleop:/home/pohrselvan/orange_ros2/install/orange_bringup:/opt/ros/humble /usr/bin/cmake --build /home/pohrselvan/ros2_ws/src/build/july_9 -- -j4 -l4
[11.014s] DEBUG:colcon.colcon_core.event_handler.log_command:Invoked command in '/home/pohrselvan/ros2_ws/src/build/july_9' returned '0': AMENT_PREFIX_PATH=/home/pohrselvan/ros2_ws/src/install/laser_republisher_pkg:${AMENT_PREFIX_PATH} CMAKE_PREFIX_PATH=/home/pohrselvan/ros2_ws/src/install/laser_republisher_pkg:/home/pohrselvan/ros2_ws/install/laser_republisher_pkg:/home/pohrselvan/orange_ros2/install/orange_slam:/home/pohrselvan/orange_ros2/install/orange_navigation:/home/pohrselvan/orange_ros2/install/orange_gazebo:/home/pohrselvan/orange_ros2/install/orange_description:/home/pohrselvan/orange_ros2/install/orange_sensor_tools:/home/pohrselvan/ros2_ws/src/install/july_9:/home/pohrselvan/orange_ros2/install/orange_teleop:/home/pohrselvan/orange_ros2/install/orange_bringup:/opt/ros/humble /usr/bin/cmake --build /home/pohrselvan/ros2_ws/src/build/july_9 -- -j4 -l4
[11.036s] DEBUG:colcon.colcon_core.event_handler.log_command:Invoking command in '/home/pohrselvan/ros2_ws/src/build/july_9': AMENT_PREFIX_PATH=/home/pohrselvan/ros2_ws/src/install/laser_republisher_pkg:${AMENT_PREFIX_PATH} CMAKE_PREFIX_PATH=/home/pohrselvan/ros2_ws/src/install/laser_republisher_pkg:/home/pohrselvan/ros2_ws/install/laser_republisher_pkg:/home/pohrselvan/orange_ros2/install/orange_slam:/home/pohrselvan/orange_ros2/install/orange_navigation:/home/pohrselvan/orange_ros2/install/orange_gazebo:/home/pohrselvan/orange_ros2/install/orange_description:/home/pohrselvan/orange_ros2/install/orange_sensor_tools:/home/pohrselvan/ros2_ws/src/install/july_9:/home/pohrselvan/orange_ros2/install/orange_teleop:/home/pohrselvan/orange_ros2/install/orange_bringup:/opt/ros/humble /usr/bin/cmake --install /home/pohrselvan/ros2_ws/src/build/july_9
[11.047s] Level 1:colcon.colcon_core.environment:create_environment_scripts_only(july_9)
[11.047s] Level 1:colcon.colcon_core.environment:checking '/home/pohrselvan/ros2_ws/src/install/july_9' for CMake module files
[11.048s] DEBUG:colcon.colcon_core.event_handler.log_command:Invoked command in '/home/pohrselvan/ros2_ws/src/build/july_9' returned '0': AMENT_PREFIX_PATH=/home/pohrselvan/ros2_ws/src/install/laser_republisher_pkg:${AMENT_PREFIX_PATH} CMAKE_PREFIX_PATH=/home/pohrselvan/ros2_ws/src/install/laser_republisher_pkg:/home/pohrselvan/ros2_ws/install/laser_republisher_pkg:/home/pohrselvan/orange_ros2/install/orange_slam:/home/pohrselvan/orange_ros2/install/orange_navigation:/home/pohrselvan/orange_ros2/install/orange_gazebo:/home/pohrselvan/orange_ros2/install/orange_description:/home/pohrselvan/orange_ros2/install/orange_sensor_tools:/home/pohrselvan/ros2_ws/src/install/july_9:/home/pohrselvan/orange_ros2/install/orange_teleop:/home/pohrselvan/orange_ros2/install/orange_bringup:/opt/ros/humble /usr/bin/cmake --install /home/pohrselvan/ros2_ws/src/build/july_9
[11.048s] Level 1:colcon.colcon_core.environment:checking '/home/pohrselvan/ros2_ws/src/install/july_9' for CMake config files
[11.049s] Level 1:colcon.colcon_core.shell:create_environment_hook('july_9', 'cmake_prefix_path')
[11.049s] INFO:colcon.colcon_core.shell:Creating environment hook '/home/pohrselvan/ros2_ws/src/install/july_9/share/july_9/hook/cmake_prefix_path.ps1'
[11.049s] INFO:colcon.colcon_core.shell:Creating environment descriptor '/home/pohrselvan/ros2_ws/src/install/july_9/share/july_9/hook/cmake_prefix_path.dsv'
[11.050s] INFO:colcon.colcon_core.shell:Creating environment hook '/home/pohrselvan/ros2_ws/src/install/july_9/share/july_9/hook/cmake_prefix_path.sh'
[11.050s] Level 1:colcon.colcon_core.environment:checking '/home/pohrselvan/ros2_ws/src/install/july_9/bin'
[11.050s] Level 1:colcon.colcon_core.environment:checking '/home/pohrselvan/ros2_ws/src/install/july_9/lib/pkgconfig/july_9.pc'
[11.050s] Level 1:colcon.colcon_core.environment:checking '/home/pohrselvan/ros2_ws/src/install/july_9/lib/python3.10/site-packages'
[11.051s] Level 1:colcon.colcon_core.environment:checking '/home/pohrselvan/ros2_ws/src/install/july_9/bin'
[11.051s] INFO:colcon.colcon_core.shell:Creating package script '/home/pohrselvan/ros2_ws/src/install/july_9/share/july_9/package.ps1'
[11.051s] INFO:colcon.colcon_core.shell:Creating package descriptor '/home/pohrselvan/ros2_ws/src/install/july_9/share/july_9/package.dsv'
[11.052s] INFO:colcon.colcon_core.shell:Creating package script '/home/pohrselvan/ros2_ws/src/install/july_9/share/july_9/package.sh'
[11.052s] INFO:colcon.colcon_core.shell:Creating package script '/home/pohrselvan/ros2_ws/src/install/july_9/share/july_9/package.bash'
[11.052s] INFO:colcon.colcon_core.shell:Creating package script '/home/pohrselvan/ros2_ws/src/install/july_9/share/july_9/package.zsh'
[11.052s] Level 1:colcon.colcon_core.environment:create_file_with_runtime_dependencies(/home/pohrselvan/ros2_ws/src/install/july_9/share/colcon-core/packages/july_9)
[11.071s] Level 1:colcon.colcon_core.environment:create_environment_scripts_only(july_9)
[11.072s] Level 1:colcon.colcon_core.environment:checking '/home/pohrselvan/ros2_ws/src/install/july_9' for CMake module files
[11.072s] Level 1:colcon.colcon_core.environment:checking '/home/pohrselvan/ros2_ws/src/install/july_9' for CMake config files
[11.072s] Level 1:colcon.colcon_core.shell:create_environment_hook('july_9', 'cmake_prefix_path')
[11.073s] INFO:colcon.colcon_core.shell:Creating environment hook '/home/pohrselvan/ros2_ws/src/install/july_9/share/july_9/hook/cmake_prefix_path.ps1'
[11.073s] INFO:colcon.colcon_core.shell:Creating environment descriptor '/home/pohrselvan/ros2_ws/src/install/july_9/share/july_9/hook/cmake_prefix_path.dsv'
[11.073s] INFO:colcon.colcon_core.shell:Creating environment hook '/home/pohrselvan/ros2_ws/src/install/july_9/share/july_9/hook/cmake_prefix_path.sh'
[11.074s] Level 1:colcon.colcon_core.environment:checking '/home/pohrselvan/ros2_ws/src/install/july_9/bin'
[11.074s] Level 1:colcon.colcon_core.environment:checking '/home/pohrselvan/ros2_ws/src/install/july_9/lib/pkgconfig/july_9.pc'
[11.074s] Level 1:colcon.colcon_core.environment:checking '/home/pohrselvan/ros2_ws/src/install/july_9/lib/python3.10/site-packages'
[11.074s] Level 1:colcon.colcon_core.environment:checking '/home/pohrselvan/ros2_ws/src/install/july_9/bin'
[11.075s] INFO:colcon.colcon_core.shell:Creating package script '/home/pohrselvan/ros2_ws/src/install/july_9/share/july_9/package.ps1'
[11.075s] INFO:colcon.colcon_core.shell:Creating package descriptor '/home/pohrselvan/ros2_ws/src/install/july_9/share/july_9/package.dsv'
[11.076s] INFO:colcon.colcon_core.shell:Creating package script '/home/pohrselvan/ros2_ws/src/install/july_9/share/july_9/package.sh'
[11.076s] INFO:colcon.colcon_core.shell:Creating package script '/home/pohrselvan/ros2_ws/src/install/july_9/share/july_9/package.bash'
[11.076s] INFO:colcon.colcon_core.shell:Creating package script '/home/pohrselvan/ros2_ws/src/install/july_9/share/july_9/package.zsh'
[11.077s] Level 1:colcon.colcon_core.environment:create_file_with_runtime_dependencies(/home/pohrselvan/ros2_ws/src/install/july_9/share/colcon-core/packages/july_9)
[11.077s] DEBUG:colcon.colcon_parallel_executor.executor.parallel:closing loop
[11.077s] DEBUG:colcon.colcon_parallel_executor.executor.parallel:loop closed
[11.078s] DEBUG:colcon.colcon_parallel_executor.executor.parallel:run_until_complete finished with '0'
[11.078s] DEBUG:colcon.colcon_core.event_reactor:joining thread
[11.082s] INFO:colcon.colcon_core.plugin_system:Skipping extension 'colcon_notification.desktop_notification.terminal_notifier': Not used on non-Darwin systems
[11.082s] INFO:colcon.colcon_core.plugin_system:Skipping extension 'colcon_notification.desktop_notification.win32': Not used on non-Windows systems
[11.082s] INFO:colcon.colcon_notification.desktop_notification:Sending desktop notification using 'notify2'
[11.095s] DEBUG:colcon.colcon_core.event_reactor:joined thread
[11.096s] INFO:colcon.colcon_core.shell:Creating prefix script '/home/pohrselvan/ros2_ws/src/install/local_setup.ps1'
[11.098s] INFO:colcon.colcon_core.shell:Creating prefix util module '/home/pohrselvan/ros2_ws/src/install/_local_setup_util_ps1.py'
[11.101s] INFO:colcon.colcon_core.shell:Creating prefix chain script '/home/pohrselvan/ros2_ws/src/install/setup.ps1'
[11.103s] INFO:colcon.colcon_core.shell:Creating prefix script '/home/pohrselvan/ros2_ws/src/install/local_setup.sh'
[11.103s] INFO:colcon.colcon_core.shell:Creating prefix util module '/home/pohrselvan/ros2_ws/src/install/_local_setup_util_sh.py'
[11.104s] INFO:colcon.colcon_core.shell:Creating prefix chain script '/home/pohrselvan/ros2_ws/src/install/setup.sh'
[11.105s] INFO:colcon.colcon_core.shell:Creating prefix script '/home/pohrselvan/ros2_ws/src/install/local_setup.bash'
[11.106s] INFO:colcon.colcon_core.shell:Creating prefix chain script '/home/pohrselvan/ros2_ws/src/install/setup.bash'
[11.108s] INFO:colcon.colcon_core.shell:Creating prefix script '/home/pohrselvan/ros2_ws/src/install/local_setup.zsh'
[11.108s] INFO:colcon.colcon_core.shell:Creating prefix chain script '/home/pohrselvan/ros2_ws/src/install/setup.zsh'
