[ 50%] [32mBuilding CXX object CMakeFiles/laser_republisher.dir/src/laser_republisher_node.cpp.o[0m
[100%] [32m[1mLinking CXX executable laser_republisher[0m
[100%] Built target laser_republisher
-- Install configuration: ""
-- Installing: /home/pohrselvan/ros2_ws/src/install/laser_republisher_pkg/lib/laser_republisher_pkg/laser_republisher
-- Set runtime path of "/home/pohrselvan/ros2_ws/src/install/laser_republisher_pkg/lib/laser_republisher_pkg/laser_republisher" to ""
-- Up-to-date: /home/pohrselvan/ros2_ws/src/install/laser_republisher_pkg/share/ament_index/resource_index/package_run_dependencies/laser_republisher_pkg
-- Up-to-date: /home/pohrselvan/ros2_ws/src/install/laser_republisher_pkg/share/ament_index/resource_index/parent_prefix_path/laser_republisher_pkg
-- Up-to-date: /home/pohrselvan/ros2_ws/src/install/laser_republisher_pkg/share/laser_republisher_pkg/environment/ament_prefix_path.sh
-- Up-to-date: /home/pohrselvan/ros2_ws/src/install/laser_republisher_pkg/share/laser_republisher_pkg/environment/ament_prefix_path.dsv
-- Up-to-date: /home/pohrselvan/ros2_ws/src/install/laser_republisher_pkg/share/laser_republisher_pkg/environment/path.sh
-- Up-to-date: /home/pohrselvan/ros2_ws/src/install/laser_republisher_pkg/share/laser_republisher_pkg/environment/path.dsv
-- Up-to-date: /home/pohrselvan/ros2_ws/src/install/laser_republisher_pkg/share/laser_republisher_pkg/local_setup.bash
-- Up-to-date: /home/pohrselvan/ros2_ws/src/install/laser_republisher_pkg/share/laser_republisher_pkg/local_setup.sh
-- Up-to-date: /home/pohrselvan/ros2_ws/src/install/laser_republisher_pkg/share/laser_republisher_pkg/local_setup.zsh
-- Up-to-date: /home/pohrselvan/ros2_ws/src/install/laser_republisher_pkg/share/laser_republisher_pkg/local_setup.dsv
-- Installing: /home/pohrselvan/ros2_ws/src/install/laser_republisher_pkg/share/laser_republisher_pkg/package.dsv
-- Up-to-date: /home/pohrselvan/ros2_ws/src/install/laser_republisher_pkg/share/ament_index/resource_index/packages/laser_republisher_pkg
-- Up-to-date: /home/pohrselvan/ros2_ws/src/install/laser_republisher_pkg/share/laser_republisher_pkg/cmake/laser_republisher_pkgConfig.cmake
-- Up-to-date: /home/pohrselvan/ros2_ws/src/install/laser_republisher_pkg/share/laser_republisher_pkg/cmake/laser_republisher_pkgConfig-version.cmake
-- Up-to-date: /home/pohrselvan/ros2_ws/src/install/laser_republisher_pkg/share/laser_republisher_pkg/package.xml
