[0.017s] Invoking command in '/home/pohrselvan/ros2_ws/src/build/laser_republisher_pkg': CMAKE_PREFIX_PATH=${CMAKE_PREFIX_PATH}:/home/pohrselvan/orange_ros2/install/orange_teleop:/home/pohrselvan/orange_ros2/install/orange_bringup:/opt/ros/humble /usr/bin/cmake --build /home/pohrselvan/ros2_ws/src/build/laser_republisher_pkg -- -j4 -l4
[0.088s] [ 50%] [32mBuilding CXX object CMakeFiles/laser_republisher.dir/src/laser_republisher_node.cpp.o[0m
[9.340s] [100%] [32m[1mLinking CXX executable laser_republisher[0m
[9.836s] [100%] Built target laser_republisher
[9.846s] Invoked command in '/home/pohrselvan/ros2_ws/src/build/laser_republisher_pkg' returned '0': CMAKE_PREFIX_PATH=${CMAKE_PREFIX_PATH}:/home/pohrselvan/orange_ros2/install/orange_teleop:/home/pohrselvan/orange_ros2/install/orange_bringup:/opt/ros/humble /usr/bin/cmake --build /home/pohrselvan/ros2_ws/src/build/laser_republisher_pkg -- -j4 -l4
[9.880s] Invoking command in '/home/pohrselvan/ros2_ws/src/build/laser_republisher_pkg': CMAKE_PREFIX_PATH=${CMAKE_PREFIX_PATH}:/home/pohrselvan/orange_ros2/install/orange_teleop:/home/pohrselvan/orange_ros2/install/orange_bringup:/opt/ros/humble /usr/bin/cmake --install /home/pohrselvan/ros2_ws/src/build/laser_republisher_pkg
[9.889s] -- Install configuration: ""
[9.889s] -- Installing: /home/pohrselvan/ros2_ws/src/install/laser_republisher_pkg/lib/laser_republisher_pkg/laser_republisher
[9.892s] -- Set runtime path of "/home/pohrselvan/ros2_ws/src/install/laser_republisher_pkg/lib/laser_republisher_pkg/laser_republisher" to ""
[9.892s] -- Up-to-date: /home/pohrselvan/ros2_ws/src/install/laser_republisher_pkg/share/ament_index/resource_index/package_run_dependencies/laser_republisher_pkg
[9.892s] -- Up-to-date: /home/pohrselvan/ros2_ws/src/install/laser_republisher_pkg/share/ament_index/resource_index/parent_prefix_path/laser_republisher_pkg
[9.892s] -- Up-to-date: /home/pohrselvan/ros2_ws/src/install/laser_republisher_pkg/share/laser_republisher_pkg/environment/ament_prefix_path.sh
[9.893s] -- Up-to-date: /home/pohrselvan/ros2_ws/src/install/laser_republisher_pkg/share/laser_republisher_pkg/environment/ament_prefix_path.dsv
[9.893s] -- Up-to-date: /home/pohrselvan/ros2_ws/src/install/laser_republisher_pkg/share/laser_republisher_pkg/environment/path.sh
[9.893s] -- Up-to-date: /home/pohrselvan/ros2_ws/src/install/laser_republisher_pkg/share/laser_republisher_pkg/environment/path.dsv
[9.893s] -- Up-to-date: /home/pohrselvan/ros2_ws/src/install/laser_republisher_pkg/share/laser_republisher_pkg/local_setup.bash
[9.893s] -- Up-to-date: /home/pohrselvan/ros2_ws/src/install/laser_republisher_pkg/share/laser_republisher_pkg/local_setup.sh
[9.893s] -- Up-to-date: /home/pohrselvan/ros2_ws/src/install/laser_republisher_pkg/share/laser_republisher_pkg/local_setup.zsh
[9.893s] -- Up-to-date: /home/pohrselvan/ros2_ws/src/install/laser_republisher_pkg/share/laser_republisher_pkg/local_setup.dsv
[9.894s] -- Installing: /home/pohrselvan/ros2_ws/src/install/laser_republisher_pkg/share/laser_republisher_pkg/package.dsv
[9.894s] -- Up-to-date: /home/pohrselvan/ros2_ws/src/install/laser_republisher_pkg/share/ament_index/resource_index/packages/laser_republisher_pkg
[9.894s] -- Up-to-date: /home/pohrselvan/ros2_ws/src/install/laser_republisher_pkg/share/laser_republisher_pkg/cmake/laser_republisher_pkgConfig.cmake
[9.894s] -- Up-to-date: /home/pohrselvan/ros2_ws/src/install/laser_republisher_pkg/share/laser_republisher_pkg/cmake/laser_republisher_pkgConfig-version.cmake
[9.894s] -- Up-to-date: /home/pohrselvan/ros2_ws/src/install/laser_republisher_pkg/share/laser_republisher_pkg/package.xml
[9.895s] Invoked command in '/home/pohrselvan/ros2_ws/src/build/laser_republisher_pkg' returned '0': CMAKE_PREFIX_PATH=${CMAKE_PREFIX_PATH}:/home/pohrselvan/orange_ros2/install/orange_teleop:/home/pohrselvan/orange_ros2/install/orange_bringup:/opt/ros/humble /usr/bin/cmake --install /home/pohrselvan/ros2_ws/src/build/laser_republisher_pkg
