[0.090s] DEBUG:colcon:Command line arguments: ['/usr/bin/colcon', 'build']
[0.090s] DEBUG:colcon:Parsed command line arguments: Namespace(log_base=None, log_level=None, verb_name='build', build_base='build', install_base='install', merge_install=False, symlink_install=False, test_result_base=None, continue_on_error=False, executor='parallel', parallel_workers=4, event_handlers=None, ignore_user_meta=False, metas=['./colcon.meta'], base_paths=['.'], packages_ignore=None, packages_ignore_regex=None, paths=None, packages_up_to=None, packages_up_to_regex=None, packages_above=None, packages_above_and_dependencies=None, packages_above_depth=None, packages_select_by_dep=None, packages_skip_by_dep=None, packages_skip_up_to=None, packages_select_build_failed=False, packages_skip_build_finished=False, packages_select_test_failures=False, packages_skip_test_passed=False, packages_select=None, packages_skip=None, packages_select_regex=None, packages_skip_regex=None, packages_start=None, packages_end=None, allow_overriding=[], cmake_args=None, cmake_target=None, cmake_target_skip_unavailable=False, cmake_clean_cache=False, cmake_clean_first=False, cmake_force_configure=False, ament_cmake_args=None, catkin_cmake_args=None, catkin_skip_building_tests=False, verb_parser=<colcon_defaults.argument_parser.defaults.DefaultArgumentsDecorator object at 0x772e77235030>, verb_extension=<colcon_core.verb.build.BuildVerb object at 0x772e77331c60>, main=<bound method BuildVerb.main of <colcon_core.verb.build.BuildVerb object at 0x772e77331c60>>)
[0.231s] Level 1:colcon.colcon_core.package_discovery:discover_packages(colcon_meta) check parameters
[0.231s] Level 1:colcon.colcon_core.package_discovery:discover_packages(recursive) check parameters
[0.231s] Level 1:colcon.colcon_core.package_discovery:discover_packages(ignore) check parameters
[0.231s] Level 1:colcon.colcon_core.package_discovery:discover_packages(path) check parameters
[0.231s] Level 1:colcon.colcon_core.package_discovery:discover_packages(colcon_meta) discover
[0.231s] Level 1:colcon.colcon_core.package_discovery:discover_packages(recursive) discover
[0.231s] INFO:colcon.colcon_core.package_discovery:Crawling recursively for packages in '/home/pohrselvan/ros2_ws/src'
[0.231s] Level 1:colcon.colcon_core.package_identification:_identify(.) by extensions ['ignore', 'ignore_ament_install']
[0.231s] Level 1:colcon.colcon_core.package_identification:_identify(.) by extension 'ignore'
[0.232s] Level 1:colcon.colcon_core.package_identification:_identify(.) by extension 'ignore_ament_install'
[0.232s] Level 1:colcon.colcon_core.package_identification:_identify(.) by extensions ['colcon_pkg']
[0.232s] Level 1:colcon.colcon_core.package_identification:_identify(.) by extension 'colcon_pkg'
[0.232s] Level 1:colcon.colcon_core.package_identification:_identify(.) by extensions ['colcon_meta']
[0.232s] Level 1:colcon.colcon_core.package_identification:_identify(.) by extension 'colcon_meta'
[0.232s] Level 1:colcon.colcon_core.package_identification:_identify(.) by extensions ['ros']
[0.232s] Level 1:colcon.colcon_core.package_identification:_identify(.) by extension 'ros'
[0.242s] Level 1:colcon.colcon_core.package_identification:_identify(.) by extensions ['cmake', 'python']
[0.242s] Level 1:colcon.colcon_core.package_identification:_identify(.) by extension 'cmake'
[0.242s] Level 1:colcon.colcon_core.package_identification:_identify(.) by extension 'python'
[0.242s] Level 1:colcon.colcon_core.package_identification:_identify(.) by extensions ['python_setup_py']
[0.242s] Level 1:colcon.colcon_core.package_identification:_identify(.) by extension 'python_setup_py'
[0.242s] Level 1:colcon.colcon_core.package_identification:_identify(build) by extensions ['ignore', 'ignore_ament_install']
[0.242s] Level 1:colcon.colcon_core.package_identification:_identify(build) by extension 'ignore'
[0.242s] Level 1:colcon.colcon_core.package_identification:_identify(build) ignored
[0.242s] Level 1:colcon.colcon_core.package_identification:_identify(install) by extensions ['ignore', 'ignore_ament_install']
[0.242s] Level 1:colcon.colcon_core.package_identification:_identify(install) by extension 'ignore'
[0.242s] Level 1:colcon.colcon_core.package_identification:_identify(install) ignored
[0.242s] Level 1:colcon.colcon_core.package_identification:_identify(july_9) by extensions ['ignore', 'ignore_ament_install']
[0.242s] Level 1:colcon.colcon_core.package_identification:_identify(july_9) by extension 'ignore'
[0.242s] Level 1:colcon.colcon_core.package_identification:_identify(july_9) by extension 'ignore_ament_install'
[0.243s] Level 1:colcon.colcon_core.package_identification:_identify(july_9) by extensions ['colcon_pkg']
[0.243s] Level 1:colcon.colcon_core.package_identification:_identify(july_9) by extension 'colcon_pkg'
[0.243s] Level 1:colcon.colcon_core.package_identification:_identify(july_9) by extensions ['colcon_meta']
[0.243s] Level 1:colcon.colcon_core.package_identification:_identify(july_9) by extension 'colcon_meta'
[0.243s] Level 1:colcon.colcon_core.package_identification:_identify(july_9) by extensions ['ros']
[0.243s] Level 1:colcon.colcon_core.package_identification:_identify(july_9) by extension 'ros'
[0.245s] DEBUG:colcon.colcon_core.package_identification:Package 'july_9' with type 'ros.ament_cmake' and name 'july_9'
[0.245s] Level 1:colcon.colcon_core.package_identification:_identify(laser_republisher_pkg) by extensions ['ignore', 'ignore_ament_install']
[0.245s] Level 1:colcon.colcon_core.package_identification:_identify(laser_republisher_pkg) by extension 'ignore'
[0.245s] Level 1:colcon.colcon_core.package_identification:_identify(laser_republisher_pkg) by extension 'ignore_ament_install'
[0.245s] Level 1:colcon.colcon_core.package_identification:_identify(laser_republisher_pkg) by extensions ['colcon_pkg']
[0.245s] Level 1:colcon.colcon_core.package_identification:_identify(laser_republisher_pkg) by extension 'colcon_pkg'
[0.245s] Level 1:colcon.colcon_core.package_identification:_identify(laser_republisher_pkg) by extensions ['colcon_meta']
[0.245s] Level 1:colcon.colcon_core.package_identification:_identify(laser_republisher_pkg) by extension 'colcon_meta'
[0.245s] Level 1:colcon.colcon_core.package_identification:_identify(laser_republisher_pkg) by extensions ['ros']
[0.245s] Level 1:colcon.colcon_core.package_identification:_identify(laser_republisher_pkg) by extension 'ros'
[0.246s] DEBUG:colcon.colcon_core.package_identification:Package 'laser_republisher_pkg' with type 'ros.ament_cmake' and name 'laser_republisher_pkg'
[0.246s] Level 1:colcon.colcon_core.package_identification:_identify(log) by extensions ['ignore', 'ignore_ament_install']
[0.246s] Level 1:colcon.colcon_core.package_identification:_identify(log) by extension 'ignore'
[0.246s] Level 1:colcon.colcon_core.package_identification:_identify(log) ignored
[0.246s] Level 1:colcon.colcon_core.package_discovery:discover_packages(recursive) using defaults
[0.246s] Level 1:colcon.colcon_core.package_discovery:discover_packages(ignore) discover
[0.246s] Level 1:colcon.colcon_core.package_discovery:discover_packages(ignore) using defaults
[0.246s] Level 1:colcon.colcon_core.package_discovery:discover_packages(path) discover
[0.246s] Level 1:colcon.colcon_core.package_discovery:discover_packages(path) using defaults
[0.263s] Level 1:colcon.colcon_core.package_discovery:discover_packages(prefix_path) check parameters
[0.263s] Level 1:colcon.colcon_core.package_discovery:discover_packages(prefix_path) discover
[0.265s] DEBUG:colcon.colcon_installed_package_information.package_discovery:Found 2 installed packages in /home/pohrselvan/ros2_ws/src/install
[0.265s] DEBUG:colcon.colcon_installed_package_information.package_discovery:Found 7 installed packages in /home/pohrselvan/orange_ros2/install
[0.266s] DEBUG:colcon.colcon_installed_package_information.package_discovery:Found 390 installed packages in /opt/ros/humble
[0.278s] Level 1:colcon.colcon_core.package_discovery:discover_packages(prefix_path) using defaults
[0.318s] Level 5:colcon.colcon_core.verb:set package 'laser_republisher_pkg' build argument 'cmake_args' from command line to 'None'
[0.318s] Level 5:colcon.colcon_core.verb:set package 'laser_republisher_pkg' build argument 'cmake_target' from command line to 'None'
[0.318s] Level 5:colcon.colcon_core.verb:set package 'laser_republisher_pkg' build argument 'cmake_target_skip_unavailable' from command line to 'False'
[0.318s] Level 5:colcon.colcon_core.verb:set package 'laser_republisher_pkg' build argument 'cmake_clean_cache' from command line to 'False'
[0.318s] Level 5:colcon.colcon_core.verb:set package 'laser_republisher_pkg' build argument 'cmake_clean_first' from command line to 'False'
[0.318s] Level 5:colcon.colcon_core.verb:set package 'laser_republisher_pkg' build argument 'cmake_force_configure' from command line to 'False'
[0.318s] Level 5:colcon.colcon_core.verb:set package 'laser_republisher_pkg' build argument 'ament_cmake_args' from command line to 'None'
[0.318s] Level 5:colcon.colcon_core.verb:set package 'laser_republisher_pkg' build argument 'catkin_cmake_args' from command line to 'None'
[0.318s] Level 5:colcon.colcon_core.verb:set package 'laser_republisher_pkg' build argument 'catkin_skip_building_tests' from command line to 'False'
[0.318s] DEBUG:colcon.colcon_core.verb:Building package 'laser_republisher_pkg' with the following arguments: {'ament_cmake_args': None, 'build_base': '/home/pohrselvan/ros2_ws/src/build/laser_republisher_pkg', 'catkin_cmake_args': None, 'catkin_skip_building_tests': False, 'cmake_args': None, 'cmake_clean_cache': False, 'cmake_clean_first': False, 'cmake_force_configure': False, 'cmake_target': None, 'cmake_target_skip_unavailable': False, 'install_base': '/home/pohrselvan/ros2_ws/src/install/laser_republisher_pkg', 'merge_install': False, 'path': '/home/pohrselvan/ros2_ws/src/laser_republisher_pkg', 'symlink_install': False, 'test_result_base': None}
[0.318s] Level 5:colcon.colcon_core.verb:set package 'july_9' build argument 'cmake_args' from command line to 'None'
[0.318s] Level 5:colcon.colcon_core.verb:set package 'july_9' build argument 'cmake_target' from command line to 'None'
[0.319s] Level 5:colcon.colcon_core.verb:set package 'july_9' build argument 'cmake_target_skip_unavailable' from command line to 'False'
[0.319s] Level 5:colcon.colcon_core.verb:set package 'july_9' build argument 'cmake_clean_cache' from command line to 'False'
[0.319s] Level 5:colcon.colcon_core.verb:set package 'july_9' build argument 'cmake_clean_first' from command line to 'False'
[0.319s] Level 5:colcon.colcon_core.verb:set package 'july_9' build argument 'cmake_force_configure' from command line to 'False'
[0.319s] Level 5:colcon.colcon_core.verb:set package 'july_9' build argument 'ament_cmake_args' from command line to 'None'
[0.319s] Level 5:colcon.colcon_core.verb:set package 'july_9' build argument 'catkin_cmake_args' from command line to 'None'
[0.319s] Level 5:colcon.colcon_core.verb:set package 'july_9' build argument 'catkin_skip_building_tests' from command line to 'False'
[0.319s] DEBUG:colcon.colcon_core.verb:Building package 'july_9' with the following arguments: {'ament_cmake_args': None, 'build_base': '/home/pohrselvan/ros2_ws/src/build/july_9', 'catkin_cmake_args': None, 'catkin_skip_building_tests': False, 'cmake_args': None, 'cmake_clean_cache': False, 'cmake_clean_first': False, 'cmake_force_configure': False, 'cmake_target': None, 'cmake_target_skip_unavailable': False, 'install_base': '/home/pohrselvan/ros2_ws/src/install/july_9', 'merge_install': False, 'path': '/home/pohrselvan/ros2_ws/src/july_9', 'symlink_install': False, 'test_result_base': None}
[0.319s] INFO:colcon.colcon_core.executor:Executing jobs using 'parallel' executor
[0.320s] DEBUG:colcon.colcon_parallel_executor.executor.parallel:run_until_complete
[0.320s] INFO:colcon.colcon_ros.task.ament_cmake.build:Building ROS package in '/home/pohrselvan/ros2_ws/src/laser_republisher_pkg' with build type 'ament_cmake'
[0.320s] INFO:colcon.colcon_cmake.task.cmake.build:Building CMake package in '/home/pohrselvan/ros2_ws/src/laser_republisher_pkg'
[0.322s] INFO:colcon.colcon_core.plugin_system:Skipping extension 'colcon_core.shell.bat': Not used on non-Windows systems
[0.322s] INFO:colcon.colcon_core.shell:Skip shell extension 'powershell' for command environment: Not usable outside of PowerShell
[0.322s] DEBUG:colcon.colcon_core.shell:Skip shell extension 'dsv' for command environment
[0.331s] DEBUG:colcon.colcon_core.event_handler.log_command:Invoking command in '/home/pohrselvan/ros2_ws/src/build/laser_republisher_pkg': CMAKE_PREFIX_PATH=${CMAKE_PREFIX_PATH}:/home/pohrselvan/orange_ros2/install/orange_teleop:/home/pohrselvan/orange_ros2/install/orange_bringup:/opt/ros/humble /usr/bin/cmake --build /home/pohrselvan/ros2_ws/src/build/laser_republisher_pkg -- -j4 -l4
[0.387s] DEBUG:colcon.colcon_core.event_handler.log_command:Invoked command in '/home/pohrselvan/ros2_ws/src/build/laser_republisher_pkg' returned '0': CMAKE_PREFIX_PATH=${CMAKE_PREFIX_PATH}:/home/pohrselvan/orange_ros2/install/orange_teleop:/home/pohrselvan/orange_ros2/install/orange_bringup:/opt/ros/humble /usr/bin/cmake --build /home/pohrselvan/ros2_ws/src/build/laser_republisher_pkg -- -j4 -l4
[0.415s] DEBUG:colcon.colcon_core.event_handler.log_command:Invoking command in '/home/pohrselvan/ros2_ws/src/build/laser_republisher_pkg': CMAKE_PREFIX_PATH=${CMAKE_PREFIX_PATH}:/home/pohrselvan/orange_ros2/install/orange_teleop:/home/pohrselvan/orange_ros2/install/orange_bringup:/opt/ros/humble /usr/bin/cmake --install /home/pohrselvan/ros2_ws/src/build/laser_republisher_pkg
[0.425s] Level 1:colcon.colcon_core.environment:create_environment_scripts_only(laser_republisher_pkg)
[0.425s] DEBUG:colcon.colcon_core.event_handler.log_command:Invoked command in '/home/pohrselvan/ros2_ws/src/build/laser_republisher_pkg' returned '0': CMAKE_PREFIX_PATH=${CMAKE_PREFIX_PATH}:/home/pohrselvan/orange_ros2/install/orange_teleop:/home/pohrselvan/orange_ros2/install/orange_bringup:/opt/ros/humble /usr/bin/cmake --install /home/pohrselvan/ros2_ws/src/build/laser_republisher_pkg
[0.427s] Level 1:colcon.colcon_core.environment:checking '/home/pohrselvan/ros2_ws/src/install/laser_republisher_pkg' for CMake module files
[0.428s] Level 1:colcon.colcon_core.environment:checking '/home/pohrselvan/ros2_ws/src/install/laser_republisher_pkg' for CMake config files
[0.428s] Level 1:colcon.colcon_core.shell:create_environment_hook('laser_republisher_pkg', 'cmake_prefix_path')
[0.428s] INFO:colcon.colcon_core.shell:Creating environment hook '/home/pohrselvan/ros2_ws/src/install/laser_republisher_pkg/share/laser_republisher_pkg/hook/cmake_prefix_path.ps1'
[0.428s] INFO:colcon.colcon_core.shell:Creating environment descriptor '/home/pohrselvan/ros2_ws/src/install/laser_republisher_pkg/share/laser_republisher_pkg/hook/cmake_prefix_path.dsv'
[0.429s] INFO:colcon.colcon_core.shell:Creating environment hook '/home/pohrselvan/ros2_ws/src/install/laser_republisher_pkg/share/laser_republisher_pkg/hook/cmake_prefix_path.sh'
[0.429s] Level 1:colcon.colcon_core.environment:checking '/home/pohrselvan/ros2_ws/src/install/laser_republisher_pkg/lib'
[0.430s] Level 1:colcon.colcon_core.environment:checking '/home/pohrselvan/ros2_ws/src/install/laser_republisher_pkg/bin'
[0.430s] Level 1:colcon.colcon_core.environment:checking '/home/pohrselvan/ros2_ws/src/install/laser_republisher_pkg/lib/pkgconfig/laser_republisher_pkg.pc'
[0.430s] Level 1:colcon.colcon_core.environment:checking '/home/pohrselvan/ros2_ws/src/install/laser_republisher_pkg/lib/python3.10/site-packages'
[0.430s] Level 1:colcon.colcon_core.environment:checking '/home/pohrselvan/ros2_ws/src/install/laser_republisher_pkg/bin'
[0.430s] INFO:colcon.colcon_core.shell:Creating package script '/home/pohrselvan/ros2_ws/src/install/laser_republisher_pkg/share/laser_republisher_pkg/package.ps1'
[0.432s] INFO:colcon.colcon_core.shell:Creating package descriptor '/home/pohrselvan/ros2_ws/src/install/laser_republisher_pkg/share/laser_republisher_pkg/package.dsv'
[0.432s] INFO:colcon.colcon_core.shell:Creating package script '/home/pohrselvan/ros2_ws/src/install/laser_republisher_pkg/share/laser_republisher_pkg/package.sh'
[0.433s] INFO:colcon.colcon_core.shell:Creating package script '/home/pohrselvan/ros2_ws/src/install/laser_republisher_pkg/share/laser_republisher_pkg/package.bash'
[0.434s] INFO:colcon.colcon_core.shell:Creating package script '/home/pohrselvan/ros2_ws/src/install/laser_republisher_pkg/share/laser_republisher_pkg/package.zsh'
[0.435s] Level 1:colcon.colcon_core.environment:create_file_with_runtime_dependencies(/home/pohrselvan/ros2_ws/src/install/laser_republisher_pkg/share/colcon-core/packages/laser_republisher_pkg)
[0.457s] Level 1:colcon.colcon_core.environment:create_environment_scripts_only(laser_republisher_pkg)
[0.457s] Level 1:colcon.colcon_core.environment:checking '/home/pohrselvan/ros2_ws/src/install/laser_republisher_pkg' for CMake module files
[0.458s] Level 1:colcon.colcon_core.environment:checking '/home/pohrselvan/ros2_ws/src/install/laser_republisher_pkg' for CMake config files
[0.458s] Level 1:colcon.colcon_core.shell:create_environment_hook('laser_republisher_pkg', 'cmake_prefix_path')
[0.458s] INFO:colcon.colcon_core.shell:Creating environment hook '/home/pohrselvan/ros2_ws/src/install/laser_republisher_pkg/share/laser_republisher_pkg/hook/cmake_prefix_path.ps1'
[0.458s] INFO:colcon.colcon_core.shell:Creating environment descriptor '/home/pohrselvan/ros2_ws/src/install/laser_republisher_pkg/share/laser_republisher_pkg/hook/cmake_prefix_path.dsv'
[0.459s] INFO:colcon.colcon_core.shell:Creating environment hook '/home/pohrselvan/ros2_ws/src/install/laser_republisher_pkg/share/laser_republisher_pkg/hook/cmake_prefix_path.sh'
[0.459s] Level 1:colcon.colcon_core.environment:checking '/home/pohrselvan/ros2_ws/src/install/laser_republisher_pkg/lib'
[0.459s] Level 1:colcon.colcon_core.environment:checking '/home/pohrselvan/ros2_ws/src/install/laser_republisher_pkg/bin'
[0.459s] Level 1:colcon.colcon_core.environment:checking '/home/pohrselvan/ros2_ws/src/install/laser_republisher_pkg/lib/pkgconfig/laser_republisher_pkg.pc'
[0.459s] Level 1:colcon.colcon_core.environment:checking '/home/pohrselvan/ros2_ws/src/install/laser_republisher_pkg/lib/python3.10/site-packages'
[0.460s] Level 1:colcon.colcon_core.environment:checking '/home/pohrselvan/ros2_ws/src/install/laser_republisher_pkg/bin'
[0.460s] INFO:colcon.colcon_core.shell:Creating package script '/home/pohrselvan/ros2_ws/src/install/laser_republisher_pkg/share/laser_republisher_pkg/package.ps1'
[0.460s] INFO:colcon.colcon_core.shell:Creating package descriptor '/home/pohrselvan/ros2_ws/src/install/laser_republisher_pkg/share/laser_republisher_pkg/package.dsv'
[0.461s] INFO:colcon.colcon_core.shell:Creating package script '/home/pohrselvan/ros2_ws/src/install/laser_republisher_pkg/share/laser_republisher_pkg/package.sh'
[0.461s] INFO:colcon.colcon_core.shell:Creating package script '/home/pohrselvan/ros2_ws/src/install/laser_republisher_pkg/share/laser_republisher_pkg/package.bash'
[0.462s] INFO:colcon.colcon_core.shell:Creating package script '/home/pohrselvan/ros2_ws/src/install/laser_republisher_pkg/share/laser_republisher_pkg/package.zsh'
[0.462s] Level 1:colcon.colcon_core.environment:create_file_with_runtime_dependencies(/home/pohrselvan/ros2_ws/src/install/laser_republisher_pkg/share/colcon-core/packages/laser_republisher_pkg)
[0.462s] INFO:colcon.colcon_ros.task.ament_cmake.build:Building ROS package in '/home/pohrselvan/ros2_ws/src/july_9' with build type 'ament_cmake'
[0.462s] INFO:colcon.colcon_cmake.task.cmake.build:Building CMake package in '/home/pohrselvan/ros2_ws/src/july_9'
[0.463s] INFO:colcon.colcon_core.shell:Skip shell extension 'powershell' for command environment: Not usable outside of PowerShell
[0.463s] DEBUG:colcon.colcon_core.shell:Skip shell extension 'dsv' for command environment
[0.471s] DEBUG:colcon.colcon_core.event_handler.log_command:Invoking command in '/home/pohrselvan/ros2_ws/src/build/july_9': CMAKE_PREFIX_PATH=/home/pohrselvan/ros2_ws/src/install/laser_republisher_pkg:/home/pohrselvan/ros2_ws/src/install/july_9:/home/pohrselvan/orange_ros2/install/orange_slam:/home/pohrselvan/orange_ros2/install/orange_navigation:/home/pohrselvan/orange_ros2/install/orange_gazebo:/home/pohrselvan/orange_ros2/install/orange_description:/home/pohrselvan/orange_ros2/install/orange_sensor_tools:/home/pohrselvan/orange_ros2/install/orange_teleop:/home/pohrselvan/orange_ros2/install/orange_bringup:/opt/ros/humble /usr/bin/cmake --build /home/pohrselvan/ros2_ws/src/build/july_9 -- -j4 -l4
[0.505s] DEBUG:colcon.colcon_core.event_handler.log_command:Invoked command in '/home/pohrselvan/ros2_ws/src/build/july_9' returned '0': CMAKE_PREFIX_PATH=/home/pohrselvan/ros2_ws/src/install/laser_republisher_pkg:/home/pohrselvan/ros2_ws/src/install/july_9:/home/pohrselvan/orange_ros2/install/orange_slam:/home/pohrselvan/orange_ros2/install/orange_navigation:/home/pohrselvan/orange_ros2/install/orange_gazebo:/home/pohrselvan/orange_ros2/install/orange_description:/home/pohrselvan/orange_ros2/install/orange_sensor_tools:/home/pohrselvan/orange_ros2/install/orange_teleop:/home/pohrselvan/orange_ros2/install/orange_bringup:/opt/ros/humble /usr/bin/cmake --build /home/pohrselvan/ros2_ws/src/build/july_9 -- -j4 -l4
[0.523s] DEBUG:colcon.colcon_core.event_handler.log_command:Invoking command in '/home/pohrselvan/ros2_ws/src/build/july_9': CMAKE_PREFIX_PATH=/home/pohrselvan/ros2_ws/src/install/laser_republisher_pkg:/home/pohrselvan/ros2_ws/src/install/july_9:/home/pohrselvan/orange_ros2/install/orange_slam:/home/pohrselvan/orange_ros2/install/orange_navigation:/home/pohrselvan/orange_ros2/install/orange_gazebo:/home/pohrselvan/orange_ros2/install/orange_description:/home/pohrselvan/orange_ros2/install/orange_sensor_tools:/home/pohrselvan/orange_ros2/install/orange_teleop:/home/pohrselvan/orange_ros2/install/orange_bringup:/opt/ros/humble /usr/bin/cmake --install /home/pohrselvan/ros2_ws/src/build/july_9
[0.533s] Level 1:colcon.colcon_core.environment:create_environment_scripts_only(july_9)
[0.533s] Level 1:colcon.colcon_core.environment:checking '/home/pohrselvan/ros2_ws/src/install/july_9' for CMake module files
[0.535s] DEBUG:colcon.colcon_core.event_handler.log_command:Invoked command in '/home/pohrselvan/ros2_ws/src/build/july_9' returned '0': CMAKE_PREFIX_PATH=/home/pohrselvan/ros2_ws/src/install/laser_republisher_pkg:/home/pohrselvan/ros2_ws/src/install/july_9:/home/pohrselvan/orange_ros2/install/orange_slam:/home/pohrselvan/orange_ros2/install/orange_navigation:/home/pohrselvan/orange_ros2/install/orange_gazebo:/home/pohrselvan/orange_ros2/install/orange_description:/home/pohrselvan/orange_ros2/install/orange_sensor_tools:/home/pohrselvan/orange_ros2/install/orange_teleop:/home/pohrselvan/orange_ros2/install/orange_bringup:/opt/ros/humble /usr/bin/cmake --install /home/pohrselvan/ros2_ws/src/build/july_9
[0.535s] Level 1:colcon.colcon_core.environment:checking '/home/pohrselvan/ros2_ws/src/install/july_9' for CMake config files
[0.536s] Level 1:colcon.colcon_core.shell:create_environment_hook('july_9', 'cmake_prefix_path')
[0.536s] INFO:colcon.colcon_core.shell:Creating environment hook '/home/pohrselvan/ros2_ws/src/install/july_9/share/july_9/hook/cmake_prefix_path.ps1'
[0.536s] INFO:colcon.colcon_core.shell:Creating environment descriptor '/home/pohrselvan/ros2_ws/src/install/july_9/share/july_9/hook/cmake_prefix_path.dsv'
[0.537s] INFO:colcon.colcon_core.shell:Creating environment hook '/home/pohrselvan/ros2_ws/src/install/july_9/share/july_9/hook/cmake_prefix_path.sh'
[0.537s] Level 1:colcon.colcon_core.environment:checking '/home/pohrselvan/ros2_ws/src/install/july_9/bin'
[0.537s] Level 1:colcon.colcon_core.environment:checking '/home/pohrselvan/ros2_ws/src/install/july_9/lib/pkgconfig/july_9.pc'
[0.538s] Level 1:colcon.colcon_core.environment:checking '/home/pohrselvan/ros2_ws/src/install/july_9/lib/python3.10/site-packages'
[0.538s] Level 1:colcon.colcon_core.environment:checking '/home/pohrselvan/ros2_ws/src/install/july_9/bin'
[0.538s] INFO:colcon.colcon_core.shell:Creating package script '/home/pohrselvan/ros2_ws/src/install/july_9/share/july_9/package.ps1'
[0.538s] INFO:colcon.colcon_core.shell:Creating package descriptor '/home/pohrselvan/ros2_ws/src/install/july_9/share/july_9/package.dsv'
[0.539s] INFO:colcon.colcon_core.shell:Creating package script '/home/pohrselvan/ros2_ws/src/install/july_9/share/july_9/package.sh'
[0.539s] INFO:colcon.colcon_core.shell:Creating package script '/home/pohrselvan/ros2_ws/src/install/july_9/share/july_9/package.bash'
[0.540s] INFO:colcon.colcon_core.shell:Creating package script '/home/pohrselvan/ros2_ws/src/install/july_9/share/july_9/package.zsh'
[0.540s] Level 1:colcon.colcon_core.environment:create_file_with_runtime_dependencies(/home/pohrselvan/ros2_ws/src/install/july_9/share/colcon-core/packages/july_9)
[0.558s] Level 1:colcon.colcon_core.environment:create_environment_scripts_only(july_9)
[0.558s] Level 1:colcon.colcon_core.environment:checking '/home/pohrselvan/ros2_ws/src/install/july_9' for CMake module files
[0.559s] Level 1:colcon.colcon_core.environment:checking '/home/pohrselvan/ros2_ws/src/install/july_9' for CMake config files
[0.559s] Level 1:colcon.colcon_core.shell:create_environment_hook('july_9', 'cmake_prefix_path')
[0.559s] INFO:colcon.colcon_core.shell:Creating environment hook '/home/pohrselvan/ros2_ws/src/install/july_9/share/july_9/hook/cmake_prefix_path.ps1'
[0.560s] INFO:colcon.colcon_core.shell:Creating environment descriptor '/home/pohrselvan/ros2_ws/src/install/july_9/share/july_9/hook/cmake_prefix_path.dsv'
[0.560s] INFO:colcon.colcon_core.shell:Creating environment hook '/home/pohrselvan/ros2_ws/src/install/july_9/share/july_9/hook/cmake_prefix_path.sh'
[0.560s] Level 1:colcon.colcon_core.environment:checking '/home/pohrselvan/ros2_ws/src/install/july_9/bin'
[0.560s] Level 1:colcon.colcon_core.environment:checking '/home/pohrselvan/ros2_ws/src/install/july_9/lib/pkgconfig/july_9.pc'
[0.561s] Level 1:colcon.colcon_core.environment:checking '/home/pohrselvan/ros2_ws/src/install/july_9/lib/python3.10/site-packages'
[0.561s] Level 1:colcon.colcon_core.environment:checking '/home/pohrselvan/ros2_ws/src/install/july_9/bin'
[0.561s] INFO:colcon.colcon_core.shell:Creating package script '/home/pohrselvan/ros2_ws/src/install/july_9/share/july_9/package.ps1'
[0.562s] INFO:colcon.colcon_core.shell:Creating package descriptor '/home/pohrselvan/ros2_ws/src/install/july_9/share/july_9/package.dsv'
[0.562s] INFO:colcon.colcon_core.shell:Creating package script '/home/pohrselvan/ros2_ws/src/install/july_9/share/july_9/package.sh'
[0.563s] INFO:colcon.colcon_core.shell:Creating package script '/home/pohrselvan/ros2_ws/src/install/july_9/share/july_9/package.bash'
[0.563s] INFO:colcon.colcon_core.shell:Creating package script '/home/pohrselvan/ros2_ws/src/install/july_9/share/july_9/package.zsh'
[0.563s] Level 1:colcon.colcon_core.environment:create_file_with_runtime_dependencies(/home/pohrselvan/ros2_ws/src/install/july_9/share/colcon-core/packages/july_9)
[0.563s] DEBUG:colcon.colcon_parallel_executor.executor.parallel:closing loop
[0.564s] DEBUG:colcon.colcon_parallel_executor.executor.parallel:loop closed
[0.564s] DEBUG:colcon.colcon_parallel_executor.executor.parallel:run_until_complete finished with '0'
[0.564s] DEBUG:colcon.colcon_core.event_reactor:joining thread
[0.568s] INFO:colcon.colcon_core.plugin_system:Skipping extension 'colcon_notification.desktop_notification.terminal_notifier': Not used on non-Darwin systems
[0.568s] INFO:colcon.colcon_core.plugin_system:Skipping extension 'colcon_notification.desktop_notification.win32': Not used on non-Windows systems
[0.568s] INFO:colcon.colcon_notification.desktop_notification:Sending desktop notification using 'notify2'
[0.578s] DEBUG:colcon.colcon_core.event_reactor:joined thread
[0.578s] INFO:colcon.colcon_core.shell:Creating prefix script '/home/pohrselvan/ros2_ws/src/install/local_setup.ps1'
[0.580s] INFO:colcon.colcon_core.shell:Creating prefix util module '/home/pohrselvan/ros2_ws/src/install/_local_setup_util_ps1.py'
[0.582s] INFO:colcon.colcon_core.shell:Creating prefix chain script '/home/pohrselvan/ros2_ws/src/install/setup.ps1'
[0.584s] INFO:colcon.colcon_core.shell:Creating prefix script '/home/pohrselvan/ros2_ws/src/install/local_setup.sh'
[0.585s] INFO:colcon.colcon_core.shell:Creating prefix util module '/home/pohrselvan/ros2_ws/src/install/_local_setup_util_sh.py'
[0.585s] INFO:colcon.colcon_core.shell:Creating prefix chain script '/home/pohrselvan/ros2_ws/src/install/setup.sh'
[0.586s] INFO:colcon.colcon_core.shell:Creating prefix script '/home/pohrselvan/ros2_ws/src/install/local_setup.bash'
[0.587s] INFO:colcon.colcon_core.shell:Creating prefix chain script '/home/pohrselvan/ros2_ws/src/install/setup.bash'
[0.588s] INFO:colcon.colcon_core.shell:Creating prefix script '/home/pohrselvan/ros2_ws/src/install/local_setup.zsh'
[0.588s] INFO:colcon.colcon_core.shell:Creating prefix chain script '/home/pohrselvan/ros2_ws/src/install/setup.zsh'
